**INICIO******perl parser2.pl 1 51GtjuDVFbGgpLKbppH4M8Uv4 V67ug41vUT5vRTOT7eCrIl8fsvcIB46IGoYOt5YQ71y0ANGHPg 30951060-DNMk0Fjrgf7XoTw956gpgwtHO04rRyuI1VMkJfWHF iwimJbbp1DEuZ8QbiJE0z3Sbsf0xH7JptFrxMWpq7Xzra H: Thu Mar 26 22:38:40 -03 2020

ANALIZANDO #coronavirus 


ANALIZANDO #FIDECandidates 

**FIN******perl parser2.pl 1 H : Thu Mar 26 22:41:28 -03 2020
**INICIO******perl parser2.pl 1 51GtjuDVFbGgpLKbppH4M8Uv4 V67ug41vUT5vRTOT7eCrIl8fsvcIB46IGoYOt5YQ71y0ANGHPg 30951060-DNMk0Fjrgf7XoTw956gpgwtHO04rRyuI1VMkJfWHF iwimJbbp1DEuZ8QbiJE0z3Sbsf0xH7JptFrxMWpq7Xzra H: Thu Mar 26 22:43:08 -03 2020

ANALIZANDO #coronavirus 


ANALIZANDO #FIDECandidates 

**FIN******perl parser2.pl 1 H : Thu Mar 26 22:44:35 -03 2020
**INICIO******perl parser2.pl 1 51GtjuDVFbGgpLKbppH4M8Uv4 V67ug41vUT5vRTOT7eCrIl8fsvcIB46IGoYOt5YQ71y0ANGHPg 30951060-DNMk0Fjrgf7XoTw956gpgwtHO04rRyuI1VMkJfWHF iwimJbbp1DEuZ8QbiJE0z3Sbsf0xH7JptFrxMWpq7Xzra H: Thu Mar 26 22:46:15 -03 2020

ANALIZANDO #coronavirus 


ANALIZANDO #FIDECandidates 

**FIN******perl parser2.pl 1 H : Thu Mar 26 22:47:44 -03 2020
**INICIO******perl parser2.pl 1 51GtjuDVFbGgpLKbppH4M8Uv4 V67ug41vUT5vRTOT7eCrIl8fsvcIB46IGoYOt5YQ71y0ANGHPg 30951060-DNMk0Fjrgf7XoTw956gpgwtHO04rRyuI1VMkJfWHF iwimJbbp1DEuZ8QbiJE0z3Sbsf0xH7JptFrxMWpq7Xzra H: Thu Mar 26 22:49:24 -03 2020

ANALIZANDO #coronavirus 


ANALIZANDO #FIDECandidates 

**FIN******perl parser2.pl 1 H : Thu Mar 26 22:50:49 -03 2020
**INICIO******perl parser2.pl 1 51GtjuDVFbGgpLKbppH4M8Uv4 V67ug41vUT5vRTOT7eCrIl8fsvcIB46IGoYOt5YQ71y0ANGHPg 30951060-DNMk0Fjrgf7XoTw956gpgwtHO04rRyuI1VMkJfWHF iwimJbbp1DEuZ8QbiJE0z3Sbsf0xH7JptFrxMWpq7Xzra H: Thu Mar 26 22:52:29 -03 2020

ANALIZANDO #coronavirus 


ANALIZANDO #FIDECandidates 

**FIN******perl parser2.pl 1 H : Thu Mar 26 22:53:56 -03 2020
**INICIO******perl parser2.pl 1 51GtjuDVFbGgpLKbppH4M8Uv4 V67ug41vUT5vRTOT7eCrIl8fsvcIB46IGoYOt5YQ71y0ANGHPg 30951060-DNMk0Fjrgf7XoTw956gpgwtHO04rRyuI1VMkJfWHF iwimJbbp1DEuZ8QbiJE0z3Sbsf0xH7JptFrxMWpq7Xzra H: Thu Mar 26 22:55:36 -03 2020

ANALIZANDO #coronavirus 


ANALIZANDO #FIDECandidates 

**FIN******perl parser2.pl 1 H : Thu Mar 26 22:56:59 -03 2020
**INICIO******perl parser2.pl 1 51GtjuDVFbGgpLKbppH4M8Uv4 V67ug41vUT5vRTOT7eCrIl8fsvcIB46IGoYOt5YQ71y0ANGHPg 30951060-DNMk0Fjrgf7XoTw956gpgwtHO04rRyuI1VMkJfWHF iwimJbbp1DEuZ8QbiJE0z3Sbsf0xH7JptFrxMWpq7Xzra H: Thu Mar 26 22:58:39 -03 2020

ANALIZANDO #coronavirus 


ANALIZANDO #FIDECandidates 

**FIN******perl parser2.pl 1 H : Thu Mar 26 23:00:07 -03 2020
**INICIO******perl parser2.pl 1 51GtjuDVFbGgpLKbppH4M8Uv4 V67ug41vUT5vRTOT7eCrIl8fsvcIB46IGoYOt5YQ71y0ANGHPg 30951060-DNMk0Fjrgf7XoTw956gpgwtHO04rRyuI1VMkJfWHF iwimJbbp1DEuZ8QbiJE0z3Sbsf0xH7JptFrxMWpq7Xzra H: Thu Mar 26 23:01:47 -03 2020

ANALIZANDO #coronavirus 


ANALIZANDO #FIDECandidates 

**FIN******perl parser2.pl 1 H : Thu Mar 26 23:03:23 -03 2020
**INICIO******perl parser2.pl 1 51GtjuDVFbGgpLKbppH4M8Uv4 V67ug41vUT5vRTOT7eCrIl8fsvcIB46IGoYOt5YQ71y0ANGHPg 30951060-DNMk0Fjrgf7XoTw956gpgwtHO04rRyuI1VMkJfWHF iwimJbbp1DEuZ8QbiJE0z3Sbsf0xH7JptFrxMWpq7Xzra H: Thu Mar 26 23:05:03 -03 2020

ANALIZANDO #coronavirus 


ANALIZANDO #FIDECandidates 

**FIN******perl parser2.pl 1 H : Thu Mar 26 23:06:32 -03 2020
**INICIO******perl parser2.pl 1 51GtjuDVFbGgpLKbppH4M8Uv4 V67ug41vUT5vRTOT7eCrIl8fsvcIB46IGoYOt5YQ71y0ANGHPg 30951060-DNMk0Fjrgf7XoTw956gpgwtHO04rRyuI1VMkJfWHF iwimJbbp1DEuZ8QbiJE0z3Sbsf0xH7JptFrxMWpq7Xzra H: Thu Mar 26 23:08:12 -03 2020

ANALIZANDO #coronavirus 


ANALIZANDO #FIDECandidates 

**FIN******perl parser2.pl 1 H : Thu Mar 26 23:09:37 -03 2020
**INICIO******perl parser2.pl 1 51GtjuDVFbGgpLKbppH4M8Uv4 V67ug41vUT5vRTOT7eCrIl8fsvcIB46IGoYOt5YQ71y0ANGHPg 30951060-DNMk0Fjrgf7XoTw956gpgwtHO04rRyuI1VMkJfWHF iwimJbbp1DEuZ8QbiJE0z3Sbsf0xH7JptFrxMWpq7Xzra H: Thu Mar 26 23:11:17 -03 2020

ANALIZANDO #coronavirus 


ANALIZANDO #FIDECandidates 

**INICIO******perl parser2.pl 1 51GtjuDVFbGgpLKbppH4M8Uv4 V67ug41vUT5vRTOT7eCrIl8fsvcIB46IGoYOt5YQ71y0ANGHPg 30951060-DNMk0Fjrgf7XoTw956gpgwtHO04rRyuI1VMkJfWHF iwimJbbp1DEuZ8QbiJE0z3Sbsf0xH7JptFrxMWpq7Xzra H: Thu Mar 26 23:14:58 -03 2020

ANALIZANDO #coronavirus 


ANALIZANDO #FIDECandidates 

**FIN******perl parser2.pl 1 H : Thu Mar 26 23:16:22 -03 2020
**INICIO******perl parser2.pl 1 51GtjuDVFbGgpLKbppH4M8Uv4 V67ug41vUT5vRTOT7eCrIl8fsvcIB46IGoYOt5YQ71y0ANGHPg 30951060-DNMk0Fjrgf7XoTw956gpgwtHO04rRyuI1VMkJfWHF iwimJbbp1DEuZ8QbiJE0z3Sbsf0xH7JptFrxMWpq7Xzra H: Thu Mar 26 23:18:02 -03 2020

ANALIZANDO #coronavirus 


ANALIZANDO #FIDECandidates 

**FIN******perl parser2.pl 1 H : Thu Mar 26 23:19:29 -03 2020
**INICIO******perl parser2.pl 1 51GtjuDVFbGgpLKbppH4M8Uv4 V67ug41vUT5vRTOT7eCrIl8fsvcIB46IGoYOt5YQ71y0ANGHPg 30951060-DNMk0Fjrgf7XoTw956gpgwtHO04rRyuI1VMkJfWHF iwimJbbp1DEuZ8QbiJE0z3Sbsf0xH7JptFrxMWpq7Xzra H: Thu Mar 26 23:21:09 -03 2020

ANALIZANDO #coronavirus 


ANALIZANDO #FIDECandidates 

**FIN******perl parser2.pl 1 H : Thu Mar 26 23:22:34 -03 2020
**INICIO******perl parser2.pl 1 51GtjuDVFbGgpLKbppH4M8Uv4 V67ug41vUT5vRTOT7eCrIl8fsvcIB46IGoYOt5YQ71y0ANGHPg 30951060-DNMk0Fjrgf7XoTw956gpgwtHO04rRyuI1VMkJfWHF iwimJbbp1DEuZ8QbiJE0z3Sbsf0xH7JptFrxMWpq7Xzra H: Thu Mar 26 23:24:14 -03 2020

ANALIZANDO #coronavirus 


ANALIZANDO #FIDECandidates 

**FIN******perl parser2.pl 1 H : Thu Mar 26 23:25:38 -03 2020
**INICIO******perl parser2.pl 1 51GtjuDVFbGgpLKbppH4M8Uv4 V67ug41vUT5vRTOT7eCrIl8fsvcIB46IGoYOt5YQ71y0ANGHPg 30951060-DNMk0Fjrgf7XoTw956gpgwtHO04rRyuI1VMkJfWHF iwimJbbp1DEuZ8QbiJE0z3Sbsf0xH7JptFrxMWpq7Xzra H: Thu Mar 26 23:27:18 -03 2020

ANALIZANDO #coronavirus 


ANALIZANDO #FIDECandidates 

**FIN******perl parser2.pl 1 H : Thu Mar 26 23:28:42 -03 2020
**INICIO******perl parser2.pl 1 51GtjuDVFbGgpLKbppH4M8Uv4 V67ug41vUT5vRTOT7eCrIl8fsvcIB46IGoYOt5YQ71y0ANGHPg 30951060-DNMk0Fjrgf7XoTw956gpgwtHO04rRyuI1VMkJfWHF iwimJbbp1DEuZ8QbiJE0z3Sbsf0xH7JptFrxMWpq7Xzra H: Thu Mar 26 23:30:22 -03 2020

ANALIZANDO #coronavirus 


ANALIZANDO #FIDECandidates 

**FIN******perl parser2.pl 1 H : Thu Mar 26 23:31:45 -03 2020
**INICIO******perl parser2.pl 1 51GtjuDVFbGgpLKbppH4M8Uv4 V67ug41vUT5vRTOT7eCrIl8fsvcIB46IGoYOt5YQ71y0ANGHPg 30951060-DNMk0Fjrgf7XoTw956gpgwtHO04rRyuI1VMkJfWHF iwimJbbp1DEuZ8QbiJE0z3Sbsf0xH7JptFrxMWpq7Xzra H: Thu Mar 26 23:33:25 -03 2020

ANALIZANDO #coronavirus 


ANALIZANDO #FIDECandidates 

**FIN******perl parser2.pl 1 H : Thu Mar 26 23:34:56 -03 2020
**INICIO******perl parser2.pl 1 51GtjuDVFbGgpLKbppH4M8Uv4 V67ug41vUT5vRTOT7eCrIl8fsvcIB46IGoYOt5YQ71y0ANGHPg 30951060-DNMk0Fjrgf7XoTw956gpgwtHO04rRyuI1VMkJfWHF iwimJbbp1DEuZ8QbiJE0z3Sbsf0xH7JptFrxMWpq7Xzra H: Thu Mar 26 23:36:36 -03 2020

ANALIZANDO #coronavirus 


ANALIZANDO #FIDECandidates 

**FIN******perl parser2.pl 1 H : Thu Mar 26 23:38:00 -03 2020
**INICIO******perl parser2.pl 1 51GtjuDVFbGgpLKbppH4M8Uv4 V67ug41vUT5vRTOT7eCrIl8fsvcIB46IGoYOt5YQ71y0ANGHPg 30951060-DNMk0Fjrgf7XoTw956gpgwtHO04rRyuI1VMkJfWHF iwimJbbp1DEuZ8QbiJE0z3Sbsf0xH7JptFrxMWpq7Xzra H: Thu Mar 26 23:39:40 -03 2020

ANALIZANDO #coronavirus 


ANALIZANDO #FIDECandidates 

**FIN******perl parser2.pl 1 H : Thu Mar 26 23:41:06 -03 2020
**INICIO******perl parser2.pl 1 51GtjuDVFbGgpLKbppH4M8Uv4 V67ug41vUT5vRTOT7eCrIl8fsvcIB46IGoYOt5YQ71y0ANGHPg 30951060-DNMk0Fjrgf7XoTw956gpgwtHO04rRyuI1VMkJfWHF iwimJbbp1DEuZ8QbiJE0z3Sbsf0xH7JptFrxMWpq7Xzra H: Thu Mar 26 23:42:46 -03 2020

ANALIZANDO #coronavirus 


ANALIZANDO #FIDECandidates 

**FIN******perl parser2.pl 1 H : Thu Mar 26 23:44:10 -03 2020
**INICIO******perl parser2.pl 1 51GtjuDVFbGgpLKbppH4M8Uv4 V67ug41vUT5vRTOT7eCrIl8fsvcIB46IGoYOt5YQ71y0ANGHPg 30951060-DNMk0Fjrgf7XoTw956gpgwtHO04rRyuI1VMkJfWHF iwimJbbp1DEuZ8QbiJE0z3Sbsf0xH7JptFrxMWpq7Xzra H: Thu Mar 26 23:45:50 -03 2020

ANALIZANDO #coronavirus 


ANALIZANDO #FIDECandidates 

**FIN******perl parser2.pl 1 H : Thu Mar 26 23:47:14 -03 2020
**INICIO******perl parser2.pl 1 51GtjuDVFbGgpLKbppH4M8Uv4 V67ug41vUT5vRTOT7eCrIl8fsvcIB46IGoYOt5YQ71y0ANGHPg 30951060-DNMk0Fjrgf7XoTw956gpgwtHO04rRyuI1VMkJfWHF iwimJbbp1DEuZ8QbiJE0z3Sbsf0xH7JptFrxMWpq7Xzra H: Thu Mar 26 23:48:55 -03 2020

ANALIZANDO #coronavirus 


ANALIZANDO #FIDECandidates 

**FIN******perl parser2.pl 1 H : Thu Mar 26 23:50:22 -03 2020
**INICIO******perl parser2.pl 1 51GtjuDVFbGgpLKbppH4M8Uv4 V67ug41vUT5vRTOT7eCrIl8fsvcIB46IGoYOt5YQ71y0ANGHPg 30951060-DNMk0Fjrgf7XoTw956gpgwtHO04rRyuI1VMkJfWHF iwimJbbp1DEuZ8QbiJE0z3Sbsf0xH7JptFrxMWpq7Xzra H: Thu Mar 26 23:52:02 -03 2020

ANALIZANDO #coronavirus 


ANALIZANDO #FIDECandidates 

**FIN******perl parser2.pl 1 H : Thu Mar 26 23:53:27 -03 2020
**INICIO******perl parser2.pl 1 51GtjuDVFbGgpLKbppH4M8Uv4 V67ug41vUT5vRTOT7eCrIl8fsvcIB46IGoYOt5YQ71y0ANGHPg 30951060-DNMk0Fjrgf7XoTw956gpgwtHO04rRyuI1VMkJfWHF iwimJbbp1DEuZ8QbiJE0z3Sbsf0xH7JptFrxMWpq7Xzra H: Thu Mar 26 23:55:07 -03 2020

ANALIZANDO #coronavirus 


ANALIZANDO #FIDECandidates 

**FIN******perl parser2.pl 1 H : Thu Mar 26 23:56:33 -03 2020
**INICIO******perl parser2.pl 1 51GtjuDVFbGgpLKbppH4M8Uv4 V67ug41vUT5vRTOT7eCrIl8fsvcIB46IGoYOt5YQ71y0ANGHPg 30951060-DNMk0Fjrgf7XoTw956gpgwtHO04rRyuI1VMkJfWHF iwimJbbp1DEuZ8QbiJE0z3Sbsf0xH7JptFrxMWpq7Xzra H: Thu Mar 26 23:58:13 -03 2020

ANALIZANDO #coronavirus 


ANALIZANDO #FIDECandidates 

**FIN******perl parser2.pl 1 H : Thu Mar 26 23:59:40 -03 2020
**INICIO******perl parser2.pl 1 51GtjuDVFbGgpLKbppH4M8Uv4 V67ug41vUT5vRTOT7eCrIl8fsvcIB46IGoYOt5YQ71y0ANGHPg 30951060-DNMk0Fjrgf7XoTw956gpgwtHO04rRyuI1VMkJfWHF iwimJbbp1DEuZ8QbiJE0z3Sbsf0xH7JptFrxMWpq7Xzra H: Fri Mar 27 00:01:20 -03 2020

ANALIZANDO #coronavirus 


ANALIZANDO #FIDECandidates 

**FIN******perl parser2.pl 1 H : Fri Mar 27 00:02:46 -03 2020
**INICIO******perl parser2.pl 1 51GtjuDVFbGgpLKbppH4M8Uv4 V67ug41vUT5vRTOT7eCrIl8fsvcIB46IGoYOt5YQ71y0ANGHPg 30951060-DNMk0Fjrgf7XoTw956gpgwtHO04rRyuI1VMkJfWHF iwimJbbp1DEuZ8QbiJE0z3Sbsf0xH7JptFrxMWpq7Xzra H: Fri Mar 27 00:04:26 -03 2020

ANALIZANDO #coronavirus 


ANALIZANDO #FIDECandidates 

**FIN******perl parser2.pl 1 H : Fri Mar 27 00:05:52 -03 2020
**INICIO******perl parser2.pl 1 51GtjuDVFbGgpLKbppH4M8Uv4 V67ug41vUT5vRTOT7eCrIl8fsvcIB46IGoYOt5YQ71y0ANGHPg 30951060-DNMk0Fjrgf7XoTw956gpgwtHO04rRyuI1VMkJfWHF iwimJbbp1DEuZ8QbiJE0z3Sbsf0xH7JptFrxMWpq7Xzra H: Fri Mar 27 00:07:32 -03 2020

ANALIZANDO #coronavirus 


ANALIZANDO #FIDECandidates 

**FIN******perl parser2.pl 1 H : Fri Mar 27 00:08:56 -03 2020
**INICIO******perl parser2.pl 1 51GtjuDVFbGgpLKbppH4M8Uv4 V67ug41vUT5vRTOT7eCrIl8fsvcIB46IGoYOt5YQ71y0ANGHPg 30951060-DNMk0Fjrgf7XoTw956gpgwtHO04rRyuI1VMkJfWHF iwimJbbp1DEuZ8QbiJE0z3Sbsf0xH7JptFrxMWpq7Xzra H: Fri Mar 27 00:10:36 -03 2020

ANALIZANDO #coronavirus 


ANALIZANDO #FIDECandidates 

**FIN******perl parser2.pl 1 H : Fri Mar 27 00:11:59 -03 2020
**INICIO******perl parser2.pl 1 51GtjuDVFbGgpLKbppH4M8Uv4 V67ug41vUT5vRTOT7eCrIl8fsvcIB46IGoYOt5YQ71y0ANGHPg 30951060-DNMk0Fjrgf7XoTw956gpgwtHO04rRyuI1VMkJfWHF iwimJbbp1DEuZ8QbiJE0z3Sbsf0xH7JptFrxMWpq7Xzra H: Fri Mar 27 00:13:39 -03 2020

ANALIZANDO #coronavirus 


ANALIZANDO #FIDECandidates 

**FIN******perl parser2.pl 1 H : Fri Mar 27 00:15:05 -03 2020
**INICIO******perl parser2.pl 1 51GtjuDVFbGgpLKbppH4M8Uv4 V67ug41vUT5vRTOT7eCrIl8fsvcIB46IGoYOt5YQ71y0ANGHPg 30951060-DNMk0Fjrgf7XoTw956gpgwtHO04rRyuI1VMkJfWHF iwimJbbp1DEuZ8QbiJE0z3Sbsf0xH7JptFrxMWpq7Xzra H: Fri Mar 27 00:16:45 -03 2020

ANALIZANDO #coronavirus 


ANALIZANDO #FIDECandidates 

**FIN******perl parser2.pl 1 H : Fri Mar 27 00:18:10 -03 2020
**INICIO******perl parser2.pl 1 51GtjuDVFbGgpLKbppH4M8Uv4 V67ug41vUT5vRTOT7eCrIl8fsvcIB46IGoYOt5YQ71y0ANGHPg 30951060-DNMk0Fjrgf7XoTw956gpgwtHO04rRyuI1VMkJfWHF iwimJbbp1DEuZ8QbiJE0z3Sbsf0xH7JptFrxMWpq7Xzra H: Fri Mar 27 00:19:50 -03 2020

ANALIZANDO #coronavirus 


ANALIZANDO #FIDECandidates 

**FIN******perl parser2.pl 1 H : Fri Mar 27 00:21:14 -03 2020
**INICIO******perl parser2.pl 1 51GtjuDVFbGgpLKbppH4M8Uv4 V67ug41vUT5vRTOT7eCrIl8fsvcIB46IGoYOt5YQ71y0ANGHPg 30951060-DNMk0Fjrgf7XoTw956gpgwtHO04rRyuI1VMkJfWHF iwimJbbp1DEuZ8QbiJE0z3Sbsf0xH7JptFrxMWpq7Xzra H: Fri Mar 27 00:22:54 -03 2020

ANALIZANDO #coronavirus 


ANALIZANDO #FIDECandidates 

**FIN******perl parser2.pl 1 H : Fri Mar 27 00:24:16 -03 2020
**INICIO******perl parser2.pl 1 51GtjuDVFbGgpLKbppH4M8Uv4 V67ug41vUT5vRTOT7eCrIl8fsvcIB46IGoYOt5YQ71y0ANGHPg 30951060-DNMk0Fjrgf7XoTw956gpgwtHO04rRyuI1VMkJfWHF iwimJbbp1DEuZ8QbiJE0z3Sbsf0xH7JptFrxMWpq7Xzra H: Fri Mar 27 00:25:56 -03 2020

ANALIZANDO #coronavirus 


ANALIZANDO #FIDECandidates 

**FIN******perl parser2.pl 1 H : Fri Mar 27 00:27:20 -03 2020
**INICIO******perl parser2.pl 1 51GtjuDVFbGgpLKbppH4M8Uv4 V67ug41vUT5vRTOT7eCrIl8fsvcIB46IGoYOt5YQ71y0ANGHPg 30951060-DNMk0Fjrgf7XoTw956gpgwtHO04rRyuI1VMkJfWHF iwimJbbp1DEuZ8QbiJE0z3Sbsf0xH7JptFrxMWpq7Xzra H: Fri Mar 27 00:29:00 -03 2020

ANALIZANDO #coronavirus 


ANALIZANDO #FIDECandidates 

**FIN******perl parser2.pl 1 H : Fri Mar 27 00:30:22 -03 2020
**INICIO******perl parser2.pl 1 51GtjuDVFbGgpLKbppH4M8Uv4 V67ug41vUT5vRTOT7eCrIl8fsvcIB46IGoYOt5YQ71y0ANGHPg 30951060-DNMk0Fjrgf7XoTw956gpgwtHO04rRyuI1VMkJfWHF iwimJbbp1DEuZ8QbiJE0z3Sbsf0xH7JptFrxMWpq7Xzra H: Fri Mar 27 00:32:02 -03 2020

ANALIZANDO #coronavirus 


ANALIZANDO #FIDECandidates 

**FIN******perl parser2.pl 1 H : Fri Mar 27 00:33:29 -03 2020
**INICIO******perl parser2.pl 1 51GtjuDVFbGgpLKbppH4M8Uv4 V67ug41vUT5vRTOT7eCrIl8fsvcIB46IGoYOt5YQ71y0ANGHPg 30951060-DNMk0Fjrgf7XoTw956gpgwtHO04rRyuI1VMkJfWHF iwimJbbp1DEuZ8QbiJE0z3Sbsf0xH7JptFrxMWpq7Xzra H: Fri Mar 27 00:35:09 -03 2020

ANALIZANDO #coronavirus 


ANALIZANDO #FIDECandidates 

**FIN******perl parser2.pl 1 H : Fri Mar 27 00:36:36 -03 2020
**INICIO******perl parser2.pl 1 51GtjuDVFbGgpLKbppH4M8Uv4 V67ug41vUT5vRTOT7eCrIl8fsvcIB46IGoYOt5YQ71y0ANGHPg 30951060-DNMk0Fjrgf7XoTw956gpgwtHO04rRyuI1VMkJfWHF iwimJbbp1DEuZ8QbiJE0z3Sbsf0xH7JptFrxMWpq7Xzra H: Fri Mar 27 00:38:16 -03 2020

ANALIZANDO #coronavirus 


ANALIZANDO #FIDECandidates 

**FIN******perl parser2.pl 1 H : Fri Mar 27 00:39:40 -03 2020
**INICIO******perl parser2.pl 1 51GtjuDVFbGgpLKbppH4M8Uv4 V67ug41vUT5vRTOT7eCrIl8fsvcIB46IGoYOt5YQ71y0ANGHPg 30951060-DNMk0Fjrgf7XoTw956gpgwtHO04rRyuI1VMkJfWHF iwimJbbp1DEuZ8QbiJE0z3Sbsf0xH7JptFrxMWpq7Xzra H: Fri Mar 27 00:41:20 -03 2020

ANALIZANDO #coronavirus 


ANALIZANDO #FIDECandidates 

**FIN******perl parser2.pl 1 H : Fri Mar 27 00:42:44 -03 2020
**INICIO******perl parser2.pl 1 51GtjuDVFbGgpLKbppH4M8Uv4 V67ug41vUT5vRTOT7eCrIl8fsvcIB46IGoYOt5YQ71y0ANGHPg 30951060-DNMk0Fjrgf7XoTw956gpgwtHO04rRyuI1VMkJfWHF iwimJbbp1DEuZ8QbiJE0z3Sbsf0xH7JptFrxMWpq7Xzra H: Fri Mar 27 00:44:24 -03 2020

ANALIZANDO #coronavirus 


ANALIZANDO #FIDECandidates 

**FIN******perl parser2.pl 1 H : Fri Mar 27 00:45:49 -03 2020
**INICIO******perl parser2.pl 1 51GtjuDVFbGgpLKbppH4M8Uv4 V67ug41vUT5vRTOT7eCrIl8fsvcIB46IGoYOt5YQ71y0ANGHPg 30951060-DNMk0Fjrgf7XoTw956gpgwtHO04rRyuI1VMkJfWHF iwimJbbp1DEuZ8QbiJE0z3Sbsf0xH7JptFrxMWpq7Xzra H: Fri Mar 27 00:47:29 -03 2020

ANALIZANDO #coronavirus 


ANALIZANDO #FIDECandidates 

**FIN******perl parser2.pl 1 H : Fri Mar 27 00:48:53 -03 2020
**INICIO******perl parser2.pl 1 51GtjuDVFbGgpLKbppH4M8Uv4 V67ug41vUT5vRTOT7eCrIl8fsvcIB46IGoYOt5YQ71y0ANGHPg 30951060-DNMk0Fjrgf7XoTw956gpgwtHO04rRyuI1VMkJfWHF iwimJbbp1DEuZ8QbiJE0z3Sbsf0xH7JptFrxMWpq7Xzra H: Fri Mar 27 00:50:33 -03 2020

ANALIZANDO #coronavirus 


ANALIZANDO #FIDECandidates 

**FIN******perl parser2.pl 1 H : Fri Mar 27 00:51:57 -03 2020
**INICIO******perl parser2.pl 1 51GtjuDVFbGgpLKbppH4M8Uv4 V67ug41vUT5vRTOT7eCrIl8fsvcIB46IGoYOt5YQ71y0ANGHPg 30951060-DNMk0Fjrgf7XoTw956gpgwtHO04rRyuI1VMkJfWHF iwimJbbp1DEuZ8QbiJE0z3Sbsf0xH7JptFrxMWpq7Xzra H: Fri Mar 27 00:53:37 -03 2020

ANALIZANDO #coronavirus 


ANALIZANDO #FIDECandidates 

**FIN******perl parser2.pl 1 H : Fri Mar 27 00:55:03 -03 2020
**INICIO******perl parser2.pl 1 51GtjuDVFbGgpLKbppH4M8Uv4 V67ug41vUT5vRTOT7eCrIl8fsvcIB46IGoYOt5YQ71y0ANGHPg 30951060-DNMk0Fjrgf7XoTw956gpgwtHO04rRyuI1VMkJfWHF iwimJbbp1DEuZ8QbiJE0z3Sbsf0xH7JptFrxMWpq7Xzra H: Fri Mar 27 00:56:43 -03 2020

ANALIZANDO #coronavirus 


ANALIZANDO #FIDECandidates 

**FIN******perl parser2.pl 1 H : Fri Mar 27 00:58:07 -03 2020
**INICIO******perl parser2.pl 1 51GtjuDVFbGgpLKbppH4M8Uv4 V67ug41vUT5vRTOT7eCrIl8fsvcIB46IGoYOt5YQ71y0ANGHPg 30951060-DNMk0Fjrgf7XoTw956gpgwtHO04rRyuI1VMkJfWHF iwimJbbp1DEuZ8QbiJE0z3Sbsf0xH7JptFrxMWpq7Xzra H: Fri Mar 27 00:59:47 -03 2020

ANALIZANDO #coronavirus 


ANALIZANDO #FIDECandidates 

**FIN******perl parser2.pl 1 H : Fri Mar 27 01:01:17 -03 2020
**INICIO******perl parser2.pl 1 51GtjuDVFbGgpLKbppH4M8Uv4 V67ug41vUT5vRTOT7eCrIl8fsvcIB46IGoYOt5YQ71y0ANGHPg 30951060-DNMk0Fjrgf7XoTw956gpgwtHO04rRyuI1VMkJfWHF iwimJbbp1DEuZ8QbiJE0z3Sbsf0xH7JptFrxMWpq7Xzra H: Fri Mar 27 01:02:57 -03 2020

ANALIZANDO #coronavirus 


ANALIZANDO #FIDECandidates 

**FIN******perl parser2.pl 1 H : Fri Mar 27 01:04:19 -03 2020
**INICIO******perl parser2.pl 1 51GtjuDVFbGgpLKbppH4M8Uv4 V67ug41vUT5vRTOT7eCrIl8fsvcIB46IGoYOt5YQ71y0ANGHPg 30951060-DNMk0Fjrgf7XoTw956gpgwtHO04rRyuI1VMkJfWHF iwimJbbp1DEuZ8QbiJE0z3Sbsf0xH7JptFrxMWpq7Xzra H: Fri Mar 27 01:05:59 -03 2020

ANALIZANDO #coronavirus 


ANALIZANDO #FIDECandidates 

**FIN******perl parser2.pl 1 H : Fri Mar 27 01:07:22 -03 2020
**INICIO******perl parser2.pl 1 51GtjuDVFbGgpLKbppH4M8Uv4 V67ug41vUT5vRTOT7eCrIl8fsvcIB46IGoYOt5YQ71y0ANGHPg 30951060-DNMk0Fjrgf7XoTw956gpgwtHO04rRyuI1VMkJfWHF iwimJbbp1DEuZ8QbiJE0z3Sbsf0xH7JptFrxMWpq7Xzra H: Fri Mar 27 01:09:02 -03 2020

ANALIZANDO #coronavirus 


ANALIZANDO #FIDECandidates 

**FIN******perl parser2.pl 1 H : Fri Mar 27 01:10:25 -03 2020
**INICIO******perl parser2.pl 1 51GtjuDVFbGgpLKbppH4M8Uv4 V67ug41vUT5vRTOT7eCrIl8fsvcIB46IGoYOt5YQ71y0ANGHPg 30951060-DNMk0Fjrgf7XoTw956gpgwtHO04rRyuI1VMkJfWHF iwimJbbp1DEuZ8QbiJE0z3Sbsf0xH7JptFrxMWpq7Xzra H: Fri Mar 27 01:12:05 -03 2020

ANALIZANDO #coronavirus 


ANALIZANDO #FIDECandidates 

**FIN******perl parser2.pl 1 H : Fri Mar 27 01:13:27 -03 2020
**INICIO******perl parser2.pl 1 51GtjuDVFbGgpLKbppH4M8Uv4 V67ug41vUT5vRTOT7eCrIl8fsvcIB46IGoYOt5YQ71y0ANGHPg 30951060-DNMk0Fjrgf7XoTw956gpgwtHO04rRyuI1VMkJfWHF iwimJbbp1DEuZ8QbiJE0z3Sbsf0xH7JptFrxMWpq7Xzra H: Fri Mar 27 01:15:07 -03 2020

ANALIZANDO #coronavirus 


ANALIZANDO #FIDECandidates 

**FIN******perl parser2.pl 1 H : Fri Mar 27 01:16:31 -03 2020
**INICIO******perl parser2.pl 1 51GtjuDVFbGgpLKbppH4M8Uv4 V67ug41vUT5vRTOT7eCrIl8fsvcIB46IGoYOt5YQ71y0ANGHPg 30951060-DNMk0Fjrgf7XoTw956gpgwtHO04rRyuI1VMkJfWHF iwimJbbp1DEuZ8QbiJE0z3Sbsf0xH7JptFrxMWpq7Xzra H: Fri Mar 27 01:18:11 -03 2020

ANALIZANDO #coronavirus 


ANALIZANDO #FIDECandidates 

**FIN******perl parser2.pl 1 H : Fri Mar 27 01:19:34 -03 2020
**INICIO******perl parser2.pl 1 51GtjuDVFbGgpLKbppH4M8Uv4 V67ug41vUT5vRTOT7eCrIl8fsvcIB46IGoYOt5YQ71y0ANGHPg 30951060-DNMk0Fjrgf7XoTw956gpgwtHO04rRyuI1VMkJfWHF iwimJbbp1DEuZ8QbiJE0z3Sbsf0xH7JptFrxMWpq7Xzra H: Fri Mar 27 01:21:14 -03 2020

ANALIZANDO #coronavirus 


ANALIZANDO #FIDECandidates 

**FIN******perl parser2.pl 1 H : Fri Mar 27 01:22:36 -03 2020
**INICIO******perl parser2.pl 1 51GtjuDVFbGgpLKbppH4M8Uv4 V67ug41vUT5vRTOT7eCrIl8fsvcIB46IGoYOt5YQ71y0ANGHPg 30951060-DNMk0Fjrgf7XoTw956gpgwtHO04rRyuI1VMkJfWHF iwimJbbp1DEuZ8QbiJE0z3Sbsf0xH7JptFrxMWpq7Xzra H: Fri Mar 27 01:24:16 -03 2020

ANALIZANDO #coronavirus 


ANALIZANDO #FIDECandidates 

**FIN******perl parser2.pl 1 H : Fri Mar 27 01:25:39 -03 2020
**INICIO******perl parser2.pl 1 51GtjuDVFbGgpLKbppH4M8Uv4 V67ug41vUT5vRTOT7eCrIl8fsvcIB46IGoYOt5YQ71y0ANGHPg 30951060-DNMk0Fjrgf7XoTw956gpgwtHO04rRyuI1VMkJfWHF iwimJbbp1DEuZ8QbiJE0z3Sbsf0xH7JptFrxMWpq7Xzra H: Fri Mar 27 01:27:19 -03 2020

ANALIZANDO #coronavirus 


ANALIZANDO #FIDECandidates 

**FIN******perl parser2.pl 1 H : Fri Mar 27 01:28:40 -03 2020
**INICIO******perl parser2.pl 1 51GtjuDVFbGgpLKbppH4M8Uv4 V67ug41vUT5vRTOT7eCrIl8fsvcIB46IGoYOt5YQ71y0ANGHPg 30951060-DNMk0Fjrgf7XoTw956gpgwtHO04rRyuI1VMkJfWHF iwimJbbp1DEuZ8QbiJE0z3Sbsf0xH7JptFrxMWpq7Xzra H: Fri Mar 27 01:30:20 -03 2020

ANALIZANDO #coronavirus 


ANALIZANDO #FIDECandidates 

**FIN******perl parser2.pl 1 H : Fri Mar 27 01:31:41 -03 2020
**INICIO******perl parser2.pl 1 51GtjuDVFbGgpLKbppH4M8Uv4 V67ug41vUT5vRTOT7eCrIl8fsvcIB46IGoYOt5YQ71y0ANGHPg 30951060-DNMk0Fjrgf7XoTw956gpgwtHO04rRyuI1VMkJfWHF iwimJbbp1DEuZ8QbiJE0z3Sbsf0xH7JptFrxMWpq7Xzra H: Fri Mar 27 01:33:21 -03 2020

ANALIZANDO #coronavirus 


ANALIZANDO #FIDECandidates 

**FIN******perl parser2.pl 1 H : Fri Mar 27 01:34:42 -03 2020
**INICIO******perl parser2.pl 1 51GtjuDVFbGgpLKbppH4M8Uv4 V67ug41vUT5vRTOT7eCrIl8fsvcIB46IGoYOt5YQ71y0ANGHPg 30951060-DNMk0Fjrgf7XoTw956gpgwtHO04rRyuI1VMkJfWHF iwimJbbp1DEuZ8QbiJE0z3Sbsf0xH7JptFrxMWpq7Xzra H: Fri Mar 27 01:36:22 -03 2020

ANALIZANDO #coronavirus 


ANALIZANDO #FIDECandidates 

**FIN******perl parser2.pl 1 H : Fri Mar 27 01:37:45 -03 2020
**INICIO******perl parser2.pl 1 51GtjuDVFbGgpLKbppH4M8Uv4 V67ug41vUT5vRTOT7eCrIl8fsvcIB46IGoYOt5YQ71y0ANGHPg 30951060-DNMk0Fjrgf7XoTw956gpgwtHO04rRyuI1VMkJfWHF iwimJbbp1DEuZ8QbiJE0z3Sbsf0xH7JptFrxMWpq7Xzra H: Fri Mar 27 01:39:25 -03 2020

ANALIZANDO #coronavirus 


ANALIZANDO #FIDECandidates 

**FIN******perl parser2.pl 1 H : Fri Mar 27 01:40:47 -03 2020
**INICIO******perl parser2.pl 1 51GtjuDVFbGgpLKbppH4M8Uv4 V67ug41vUT5vRTOT7eCrIl8fsvcIB46IGoYOt5YQ71y0ANGHPg 30951060-DNMk0Fjrgf7XoTw956gpgwtHO04rRyuI1VMkJfWHF iwimJbbp1DEuZ8QbiJE0z3Sbsf0xH7JptFrxMWpq7Xzra H: Fri Mar 27 01:42:27 -03 2020

ANALIZANDO #coronavirus 


ANALIZANDO #FIDECandidates 

**FIN******perl parser2.pl 1 H : Fri Mar 27 01:43:51 -03 2020
**INICIO******perl parser2.pl 1 51GtjuDVFbGgpLKbppH4M8Uv4 V67ug41vUT5vRTOT7eCrIl8fsvcIB46IGoYOt5YQ71y0ANGHPg 30951060-DNMk0Fjrgf7XoTw956gpgwtHO04rRyuI1VMkJfWHF iwimJbbp1DEuZ8QbiJE0z3Sbsf0xH7JptFrxMWpq7Xzra H: Fri Mar 27 01:45:31 -03 2020

ANALIZANDO #coronavirus 


ANALIZANDO #FIDECandidates 

**FIN******perl parser2.pl 1 H : Fri Mar 27 01:46:52 -03 2020
**INICIO******perl parser2.pl 1 51GtjuDVFbGgpLKbppH4M8Uv4 V67ug41vUT5vRTOT7eCrIl8fsvcIB46IGoYOt5YQ71y0ANGHPg 30951060-DNMk0Fjrgf7XoTw956gpgwtHO04rRyuI1VMkJfWHF iwimJbbp1DEuZ8QbiJE0z3Sbsf0xH7JptFrxMWpq7Xzra H: Fri Mar 27 01:48:32 -03 2020

ANALIZANDO #coronavirus 


ANALIZANDO #FIDECandidates 

**FIN******perl parser2.pl 1 H : Fri Mar 27 01:49:52 -03 2020
**INICIO******perl parser2.pl 1 51GtjuDVFbGgpLKbppH4M8Uv4 V67ug41vUT5vRTOT7eCrIl8fsvcIB46IGoYOt5YQ71y0ANGHPg 30951060-DNMk0Fjrgf7XoTw956gpgwtHO04rRyuI1VMkJfWHF iwimJbbp1DEuZ8QbiJE0z3Sbsf0xH7JptFrxMWpq7Xzra H: Fri Mar 27 01:51:32 -03 2020

ANALIZANDO #coronavirus 


ANALIZANDO #FIDECandidates 

**FIN******perl parser2.pl 1 H : Fri Mar 27 01:52:53 -03 2020
**INICIO******perl parser2.pl 1 51GtjuDVFbGgpLKbppH4M8Uv4 V67ug41vUT5vRTOT7eCrIl8fsvcIB46IGoYOt5YQ71y0ANGHPg 30951060-DNMk0Fjrgf7XoTw956gpgwtHO04rRyuI1VMkJfWHF iwimJbbp1DEuZ8QbiJE0z3Sbsf0xH7JptFrxMWpq7Xzra H: Fri Mar 27 01:54:33 -03 2020

ANALIZANDO #coronavirus 


ANALIZANDO #FIDECandidates 

**FIN******perl parser2.pl 1 H : Fri Mar 27 01:57:34 -03 2020
**INICIO******perl parser2.pl 1 51GtjuDVFbGgpLKbppH4M8Uv4 V67ug41vUT5vRTOT7eCrIl8fsvcIB46IGoYOt5YQ71y0ANGHPg 30951060-DNMk0Fjrgf7XoTw956gpgwtHO04rRyuI1VMkJfWHF iwimJbbp1DEuZ8QbiJE0z3Sbsf0xH7JptFrxMWpq7Xzra H: Fri Mar 27 01:59:14 -03 2020

ANALIZANDO #coronavirus 


ANALIZANDO #FIDECandidates 

**FIN******perl parser2.pl 1 H : Fri Mar 27 02:02:46 -03 2020
**INICIO******perl parser2.pl 1 51GtjuDVFbGgpLKbppH4M8Uv4 V67ug41vUT5vRTOT7eCrIl8fsvcIB46IGoYOt5YQ71y0ANGHPg 30951060-DNMk0Fjrgf7XoTw956gpgwtHO04rRyuI1VMkJfWHF iwimJbbp1DEuZ8QbiJE0z3Sbsf0xH7JptFrxMWpq7Xzra H: Fri Mar 27 02:04:26 -03 2020

ANALIZANDO #coronavirus 


ANALIZANDO #FIDECandidates 

**FIN******perl parser2.pl 1 H : Fri Mar 27 02:06:51 -03 2020
**INICIO******perl parser2.pl 1 51GtjuDVFbGgpLKbppH4M8Uv4 V67ug41vUT5vRTOT7eCrIl8fsvcIB46IGoYOt5YQ71y0ANGHPg 30951060-DNMk0Fjrgf7XoTw956gpgwtHO04rRyuI1VMkJfWHF iwimJbbp1DEuZ8QbiJE0z3Sbsf0xH7JptFrxMWpq7Xzra H: Fri Mar 27 02:08:31 -03 2020

ANALIZANDO #coronavirus 


ANALIZANDO #FIDECandidates 

**FIN******perl parser2.pl 1 H : Fri Mar 27 02:11:27 -03 2020
**INICIO******perl parser2.pl 1 51GtjuDVFbGgpLKbppH4M8Uv4 V67ug41vUT5vRTOT7eCrIl8fsvcIB46IGoYOt5YQ71y0ANGHPg 30951060-DNMk0Fjrgf7XoTw956gpgwtHO04rRyuI1VMkJfWHF iwimJbbp1DEuZ8QbiJE0z3Sbsf0xH7JptFrxMWpq7Xzra H: Fri Mar 27 02:13:07 -03 2020

ANALIZANDO #coronavirus 


ANALIZANDO #FIDECandidates 

**FIN******perl parser2.pl 1 H : Fri Mar 27 02:15:20 -03 2020
**INICIO******perl parser2.pl 1 51GtjuDVFbGgpLKbppH4M8Uv4 V67ug41vUT5vRTOT7eCrIl8fsvcIB46IGoYOt5YQ71y0ANGHPg 30951060-DNMk0Fjrgf7XoTw956gpgwtHO04rRyuI1VMkJfWHF iwimJbbp1DEuZ8QbiJE0z3Sbsf0xH7JptFrxMWpq7Xzra H: Fri Mar 27 02:17:00 -03 2020

ANALIZANDO #coronavirus 


ANALIZANDO #FIDECandidates 

**FIN******perl parser2.pl 1 H : Fri Mar 27 02:19:21 -03 2020
**INICIO******perl parser2.pl 1 51GtjuDVFbGgpLKbppH4M8Uv4 V67ug41vUT5vRTOT7eCrIl8fsvcIB46IGoYOt5YQ71y0ANGHPg 30951060-DNMk0Fjrgf7XoTw956gpgwtHO04rRyuI1VMkJfWHF iwimJbbp1DEuZ8QbiJE0z3Sbsf0xH7JptFrxMWpq7Xzra H: Fri Mar 27 02:21:01 -03 2020

ANALIZANDO #coronavirus 


ANALIZANDO #FIDECandidates 

**FIN******perl parser2.pl 1 H : Fri Mar 27 02:23:26 -03 2020
**INICIO******perl parser2.pl 1 51GtjuDVFbGgpLKbppH4M8Uv4 V67ug41vUT5vRTOT7eCrIl8fsvcIB46IGoYOt5YQ71y0ANGHPg 30951060-DNMk0Fjrgf7XoTw956gpgwtHO04rRyuI1VMkJfWHF iwimJbbp1DEuZ8QbiJE0z3Sbsf0xH7JptFrxMWpq7Xzra H: Fri Mar 27 02:25:06 -03 2020

ANALIZANDO #coronavirus 


ANALIZANDO #FIDECandidates 

**FIN******perl parser2.pl 1 H : Fri Mar 27 02:27:35 -03 2020
**INICIO******perl parser2.pl 1 51GtjuDVFbGgpLKbppH4M8Uv4 V67ug41vUT5vRTOT7eCrIl8fsvcIB46IGoYOt5YQ71y0ANGHPg 30951060-DNMk0Fjrgf7XoTw956gpgwtHO04rRyuI1VMkJfWHF iwimJbbp1DEuZ8QbiJE0z3Sbsf0xH7JptFrxMWpq7Xzra H: Fri Mar 27 02:29:15 -03 2020

ANALIZANDO #coronavirus 


ANALIZANDO #FIDECandidates 

**FIN******perl parser2.pl 1 H : Fri Mar 27 02:32:12 -03 2020
**INICIO******perl parser2.pl 1 51GtjuDVFbGgpLKbppH4M8Uv4 V67ug41vUT5vRTOT7eCrIl8fsvcIB46IGoYOt5YQ71y0ANGHPg 30951060-DNMk0Fjrgf7XoTw956gpgwtHO04rRyuI1VMkJfWHF iwimJbbp1DEuZ8QbiJE0z3Sbsf0xH7JptFrxMWpq7Xzra H: Fri Mar 27 02:33:52 -03 2020

ANALIZANDO #coronavirus 


ANALIZANDO #FIDECandidates 

**FIN******perl parser2.pl 1 H : Fri Mar 27 02:36:05 -03 2020
**INICIO******perl parser2.pl 1 51GtjuDVFbGgpLKbppH4M8Uv4 V67ug41vUT5vRTOT7eCrIl8fsvcIB46IGoYOt5YQ71y0ANGHPg 30951060-DNMk0Fjrgf7XoTw956gpgwtHO04rRyuI1VMkJfWHF iwimJbbp1DEuZ8QbiJE0z3Sbsf0xH7JptFrxMWpq7Xzra H: Fri Mar 27 02:37:45 -03 2020

ANALIZANDO #coronavirus 


ANALIZANDO #FIDECandidates 

**FIN******perl parser2.pl 1 H : Fri Mar 27 02:40:09 -03 2020
**INICIO******perl parser2.pl 1 51GtjuDVFbGgpLKbppH4M8Uv4 V67ug41vUT5vRTOT7eCrIl8fsvcIB46IGoYOt5YQ71y0ANGHPg 30951060-DNMk0Fjrgf7XoTw956gpgwtHO04rRyuI1VMkJfWHF iwimJbbp1DEuZ8QbiJE0z3Sbsf0xH7JptFrxMWpq7Xzra H: Fri Mar 27 02:41:49 -03 2020

ANALIZANDO #coronavirus 


ANALIZANDO #FIDECandidates 

**FIN******perl parser2.pl 1 H : Fri Mar 27 02:44:05 -03 2020
**INICIO******perl parser2.pl 1 51GtjuDVFbGgpLKbppH4M8Uv4 V67ug41vUT5vRTOT7eCrIl8fsvcIB46IGoYOt5YQ71y0ANGHPg 30951060-DNMk0Fjrgf7XoTw956gpgwtHO04rRyuI1VMkJfWHF iwimJbbp1DEuZ8QbiJE0z3Sbsf0xH7JptFrxMWpq7Xzra H: Fri Mar 27 02:45:45 -03 2020

ANALIZANDO #coronavirus 


ANALIZANDO #FIDECandidates 

**FIN******perl parser2.pl 1 H : Fri Mar 27 02:48:03 -03 2020
**INICIO******perl parser2.pl 1 51GtjuDVFbGgpLKbppH4M8Uv4 V67ug41vUT5vRTOT7eCrIl8fsvcIB46IGoYOt5YQ71y0ANGHPg 30951060-DNMk0Fjrgf7XoTw956gpgwtHO04rRyuI1VMkJfWHF iwimJbbp1DEuZ8QbiJE0z3Sbsf0xH7JptFrxMWpq7Xzra H: Fri Mar 27 02:49:43 -03 2020

ANALIZANDO #coronavirus 


ANALIZANDO #FIDECandidates 

**FIN******perl parser2.pl 1 H : Fri Mar 27 02:51:56 -03 2020
**INICIO******perl parser2.pl 1 51GtjuDVFbGgpLKbppH4M8Uv4 V67ug41vUT5vRTOT7eCrIl8fsvcIB46IGoYOt5YQ71y0ANGHPg 30951060-DNMk0Fjrgf7XoTw956gpgwtHO04rRyuI1VMkJfWHF iwimJbbp1DEuZ8QbiJE0z3Sbsf0xH7JptFrxMWpq7Xzra H: Fri Mar 27 02:53:36 -03 2020

ANALIZANDO #coronavirus 


ANALIZANDO #FIDECandidates 

**FIN******perl parser2.pl 1 H : Fri Mar 27 02:55:55 -03 2020
**INICIO******perl parser2.pl 1 51GtjuDVFbGgpLKbppH4M8Uv4 V67ug41vUT5vRTOT7eCrIl8fsvcIB46IGoYOt5YQ71y0ANGHPg 30951060-DNMk0Fjrgf7XoTw956gpgwtHO04rRyuI1VMkJfWHF iwimJbbp1DEuZ8QbiJE0z3Sbsf0xH7JptFrxMWpq7Xzra H: Fri Mar 27 02:57:35 -03 2020

ANALIZANDO #coronavirus 


ANALIZANDO #FIDECandidates 

**FIN******perl parser2.pl 1 H : Fri Mar 27 03:00:26 -03 2020
**INICIO******perl parser2.pl 1 51GtjuDVFbGgpLKbppH4M8Uv4 V67ug41vUT5vRTOT7eCrIl8fsvcIB46IGoYOt5YQ71y0ANGHPg 30951060-DNMk0Fjrgf7XoTw956gpgwtHO04rRyuI1VMkJfWHF iwimJbbp1DEuZ8QbiJE0z3Sbsf0xH7JptFrxMWpq7Xzra H: Fri Mar 27 03:02:06 -03 2020

ANALIZANDO #coronavirus 


ANALIZANDO #FIDECandidates 

**INICIO******perl parser2.pl 1 51GtjuDVFbGgpLKbppH4M8Uv4 V67ug41vUT5vRTOT7eCrIl8fsvcIB46IGoYOt5YQ71y0ANGHPg 30951060-DNMk0Fjrgf7XoTw956gpgwtHO04rRyuI1VMkJfWHF iwimJbbp1DEuZ8QbiJE0z3Sbsf0xH7JptFrxMWpq7Xzra H: Mon Mar 30 12:04:57 -03 2020

ANALIZANDO #coronavirus 


ANALIZANDO #FIDECandidates 

**INICIO******perl parser2.pl 1 51GtjuDVFbGgpLKbppH4M8Uv4 V67ug41vUT5vRTOT7eCrIl8fsvcIB46IGoYOt5YQ71y0ANGHPg 30951060-DNMk0Fjrgf7XoTw956gpgwtHO04rRyuI1VMkJfWHF iwimJbbp1DEuZ8QbiJE0z3Sbsf0xH7JptFrxMWpq7Xzra H: lunes, 30 de marzo de 2020, 17:21:04 -03

ANALIZANDO #coronavirus 


ANALIZANDO #FIDECandidates 

