**INICIO******perl parser2.pl 1 51GtjuDVFbGgpLKbppH4M8Uv4 V67ug41vUT5vRTOT7eCrIl8fsvcIB46IGoYOt5YQ71y0ANGHPg 30951060-DNMk0Fjrgf7XoTw956gpgwtHO04rRyuI1VMkJfWHF iwimJbbp1DEuZ8QbiJE0z3Sbsf0xH7JptFrxMWpq7Xzra U: Thu Mar 26 22:36:55 -03 2020

ANALIZANDO from:@mfcortes 


ANALIZANDO from:@pelaoNacho 

**FIN******perl parser2.pl 1 U : Thu Mar 26 22:37:21 -03 2020
**INICIO******perl parser2.pl 1 51GtjuDVFbGgpLKbppH4M8Uv4 V67ug41vUT5vRTOT7eCrIl8fsvcIB46IGoYOt5YQ71y0ANGHPg 30951060-DNMk0Fjrgf7XoTw956gpgwtHO04rRyuI1VMkJfWHF iwimJbbp1DEuZ8QbiJE0z3Sbsf0xH7JptFrxMWpq7Xzra U: Thu Mar 26 22:39:01 -03 2020

ANALIZANDO from:@mfcortes 


ANALIZANDO from:@pelaoNacho 

**FIN******perl parser2.pl 1 U : Thu Mar 26 22:39:04 -03 2020
**INICIO******perl parser2.pl 1 51GtjuDVFbGgpLKbppH4M8Uv4 V67ug41vUT5vRTOT7eCrIl8fsvcIB46IGoYOt5YQ71y0ANGHPg 30951060-DNMk0Fjrgf7XoTw956gpgwtHO04rRyuI1VMkJfWHF iwimJbbp1DEuZ8QbiJE0z3Sbsf0xH7JptFrxMWpq7Xzra U: Thu Mar 26 22:40:44 -03 2020

ANALIZANDO from:@mfcortes 


ANALIZANDO from:@pelaoNacho 

**FIN******perl parser2.pl 1 U : Thu Mar 26 22:40:46 -03 2020
**INICIO******perl parser2.pl 1 51GtjuDVFbGgpLKbppH4M8Uv4 V67ug41vUT5vRTOT7eCrIl8fsvcIB46IGoYOt5YQ71y0ANGHPg 30951060-DNMk0Fjrgf7XoTw956gpgwtHO04rRyuI1VMkJfWHF iwimJbbp1DEuZ8QbiJE0z3Sbsf0xH7JptFrxMWpq7Xzra U: Thu Mar 26 22:42:26 -03 2020

ANALIZANDO from:@mfcortes 


ANALIZANDO from:@pelaoNacho 

**FIN******perl parser2.pl 1 U : Thu Mar 26 22:42:29 -03 2020
**INICIO******perl parser2.pl 1 51GtjuDVFbGgpLKbppH4M8Uv4 V67ug41vUT5vRTOT7eCrIl8fsvcIB46IGoYOt5YQ71y0ANGHPg 30951060-DNMk0Fjrgf7XoTw956gpgwtHO04rRyuI1VMkJfWHF iwimJbbp1DEuZ8QbiJE0z3Sbsf0xH7JptFrxMWpq7Xzra U: Thu Mar 26 22:44:09 -03 2020

ANALIZANDO from:@mfcortes 


ANALIZANDO from:@pelaoNacho 

**FIN******perl parser2.pl 1 U : Thu Mar 26 22:44:12 -03 2020
**INICIO******perl parser2.pl 1 51GtjuDVFbGgpLKbppH4M8Uv4 V67ug41vUT5vRTOT7eCrIl8fsvcIB46IGoYOt5YQ71y0ANGHPg 30951060-DNMk0Fjrgf7XoTw956gpgwtHO04rRyuI1VMkJfWHF iwimJbbp1DEuZ8QbiJE0z3Sbsf0xH7JptFrxMWpq7Xzra U: Thu Mar 26 22:45:52 -03 2020

ANALIZANDO from:@mfcortes 


ANALIZANDO from:@pelaoNacho 

**FIN******perl parser2.pl 1 U : Thu Mar 26 22:45:55 -03 2020
**INICIO******perl parser2.pl 1 51GtjuDVFbGgpLKbppH4M8Uv4 V67ug41vUT5vRTOT7eCrIl8fsvcIB46IGoYOt5YQ71y0ANGHPg 30951060-DNMk0Fjrgf7XoTw956gpgwtHO04rRyuI1VMkJfWHF iwimJbbp1DEuZ8QbiJE0z3Sbsf0xH7JptFrxMWpq7Xzra U: Thu Mar 26 22:47:35 -03 2020

ANALIZANDO from:@mfcortes 


ANALIZANDO from:@pelaoNacho 

**FIN******perl parser2.pl 1 U : Thu Mar 26 22:47:38 -03 2020
**INICIO******perl parser2.pl 1 51GtjuDVFbGgpLKbppH4M8Uv4 V67ug41vUT5vRTOT7eCrIl8fsvcIB46IGoYOt5YQ71y0ANGHPg 30951060-DNMk0Fjrgf7XoTw956gpgwtHO04rRyuI1VMkJfWHF iwimJbbp1DEuZ8QbiJE0z3Sbsf0xH7JptFrxMWpq7Xzra U: Thu Mar 26 22:49:18 -03 2020

ANALIZANDO from:@mfcortes 


ANALIZANDO from:@pelaoNacho 

**FIN******perl parser2.pl 1 U : Thu Mar 26 22:49:21 -03 2020
**INICIO******perl parser2.pl 1 51GtjuDVFbGgpLKbppH4M8Uv4 V67ug41vUT5vRTOT7eCrIl8fsvcIB46IGoYOt5YQ71y0ANGHPg 30951060-DNMk0Fjrgf7XoTw956gpgwtHO04rRyuI1VMkJfWHF iwimJbbp1DEuZ8QbiJE0z3Sbsf0xH7JptFrxMWpq7Xzra U: Thu Mar 26 22:51:01 -03 2020

ANALIZANDO from:@mfcortes 


ANALIZANDO from:@pelaoNacho 

**FIN******perl parser2.pl 1 U : Thu Mar 26 22:51:04 -03 2020
**INICIO******perl parser2.pl 1 51GtjuDVFbGgpLKbppH4M8Uv4 V67ug41vUT5vRTOT7eCrIl8fsvcIB46IGoYOt5YQ71y0ANGHPg 30951060-DNMk0Fjrgf7XoTw956gpgwtHO04rRyuI1VMkJfWHF iwimJbbp1DEuZ8QbiJE0z3Sbsf0xH7JptFrxMWpq7Xzra U: Thu Mar 26 22:52:44 -03 2020

ANALIZANDO from:@mfcortes 


ANALIZANDO from:@pelaoNacho 

**FIN******perl parser2.pl 1 U : Thu Mar 26 22:52:47 -03 2020
**INICIO******perl parser2.pl 1 51GtjuDVFbGgpLKbppH4M8Uv4 V67ug41vUT5vRTOT7eCrIl8fsvcIB46IGoYOt5YQ71y0ANGHPg 30951060-DNMk0Fjrgf7XoTw956gpgwtHO04rRyuI1VMkJfWHF iwimJbbp1DEuZ8QbiJE0z3Sbsf0xH7JptFrxMWpq7Xzra U: Thu Mar 26 22:54:27 -03 2020

ANALIZANDO from:@mfcortes 


ANALIZANDO from:@pelaoNacho 

**FIN******perl parser2.pl 1 U : Thu Mar 26 22:54:30 -03 2020
**INICIO******perl parser2.pl 1 51GtjuDVFbGgpLKbppH4M8Uv4 V67ug41vUT5vRTOT7eCrIl8fsvcIB46IGoYOt5YQ71y0ANGHPg 30951060-DNMk0Fjrgf7XoTw956gpgwtHO04rRyuI1VMkJfWHF iwimJbbp1DEuZ8QbiJE0z3Sbsf0xH7JptFrxMWpq7Xzra U: Thu Mar 26 22:56:10 -03 2020

ANALIZANDO from:@mfcortes 


ANALIZANDO from:@pelaoNacho 

**FIN******perl parser2.pl 1 U : Thu Mar 26 22:56:13 -03 2020
**INICIO******perl parser2.pl 1 51GtjuDVFbGgpLKbppH4M8Uv4 V67ug41vUT5vRTOT7eCrIl8fsvcIB46IGoYOt5YQ71y0ANGHPg 30951060-DNMk0Fjrgf7XoTw956gpgwtHO04rRyuI1VMkJfWHF iwimJbbp1DEuZ8QbiJE0z3Sbsf0xH7JptFrxMWpq7Xzra U: Thu Mar 26 22:57:53 -03 2020

ANALIZANDO from:@mfcortes 


ANALIZANDO from:@pelaoNacho 

**FIN******perl parser2.pl 1 U : Thu Mar 26 22:57:56 -03 2020
**INICIO******perl parser2.pl 1 51GtjuDVFbGgpLKbppH4M8Uv4 V67ug41vUT5vRTOT7eCrIl8fsvcIB46IGoYOt5YQ71y0ANGHPg 30951060-DNMk0Fjrgf7XoTw956gpgwtHO04rRyuI1VMkJfWHF iwimJbbp1DEuZ8QbiJE0z3Sbsf0xH7JptFrxMWpq7Xzra U: Thu Mar 26 22:59:36 -03 2020

ANALIZANDO from:@mfcortes 


ANALIZANDO from:@pelaoNacho 

**FIN******perl parser2.pl 1 U : Thu Mar 26 22:59:39 -03 2020
**INICIO******perl parser2.pl 1 51GtjuDVFbGgpLKbppH4M8Uv4 V67ug41vUT5vRTOT7eCrIl8fsvcIB46IGoYOt5YQ71y0ANGHPg 30951060-DNMk0Fjrgf7XoTw956gpgwtHO04rRyuI1VMkJfWHF iwimJbbp1DEuZ8QbiJE0z3Sbsf0xH7JptFrxMWpq7Xzra U: Thu Mar 26 23:01:20 -03 2020

ANALIZANDO from:@mfcortes 


ANALIZANDO from:@pelaoNacho 

**FIN******perl parser2.pl 1 U : Thu Mar 26 23:01:22 -03 2020
**INICIO******perl parser2.pl 1 51GtjuDVFbGgpLKbppH4M8Uv4 V67ug41vUT5vRTOT7eCrIl8fsvcIB46IGoYOt5YQ71y0ANGHPg 30951060-DNMk0Fjrgf7XoTw956gpgwtHO04rRyuI1VMkJfWHF iwimJbbp1DEuZ8QbiJE0z3Sbsf0xH7JptFrxMWpq7Xzra U: Thu Mar 26 23:03:02 -03 2020

ANALIZANDO from:@mfcortes 


ANALIZANDO from:@pelaoNacho 

**FIN******perl parser2.pl 1 U : Thu Mar 26 23:03:05 -03 2020
**INICIO******perl parser2.pl 1 51GtjuDVFbGgpLKbppH4M8Uv4 V67ug41vUT5vRTOT7eCrIl8fsvcIB46IGoYOt5YQ71y0ANGHPg 30951060-DNMk0Fjrgf7XoTw956gpgwtHO04rRyuI1VMkJfWHF iwimJbbp1DEuZ8QbiJE0z3Sbsf0xH7JptFrxMWpq7Xzra U: Thu Mar 26 23:04:45 -03 2020

ANALIZANDO from:@mfcortes 


ANALIZANDO from:@pelaoNacho 

**FIN******perl parser2.pl 1 U : Thu Mar 26 23:04:48 -03 2020
**INICIO******perl parser2.pl 1 51GtjuDVFbGgpLKbppH4M8Uv4 V67ug41vUT5vRTOT7eCrIl8fsvcIB46IGoYOt5YQ71y0ANGHPg 30951060-DNMk0Fjrgf7XoTw956gpgwtHO04rRyuI1VMkJfWHF iwimJbbp1DEuZ8QbiJE0z3Sbsf0xH7JptFrxMWpq7Xzra U: Thu Mar 26 23:06:28 -03 2020

ANALIZANDO from:@mfcortes 


ANALIZANDO from:@pelaoNacho 

**FIN******perl parser2.pl 1 U : Thu Mar 26 23:06:31 -03 2020
**INICIO******perl parser2.pl 1 51GtjuDVFbGgpLKbppH4M8Uv4 V67ug41vUT5vRTOT7eCrIl8fsvcIB46IGoYOt5YQ71y0ANGHPg 30951060-DNMk0Fjrgf7XoTw956gpgwtHO04rRyuI1VMkJfWHF iwimJbbp1DEuZ8QbiJE0z3Sbsf0xH7JptFrxMWpq7Xzra U: Thu Mar 26 23:08:11 -03 2020

ANALIZANDO from:@mfcortes 


ANALIZANDO from:@pelaoNacho 

**FIN******perl parser2.pl 1 U : Thu Mar 26 23:08:14 -03 2020
**INICIO******perl parser2.pl 1 51GtjuDVFbGgpLKbppH4M8Uv4 V67ug41vUT5vRTOT7eCrIl8fsvcIB46IGoYOt5YQ71y0ANGHPg 30951060-DNMk0Fjrgf7XoTw956gpgwtHO04rRyuI1VMkJfWHF iwimJbbp1DEuZ8QbiJE0z3Sbsf0xH7JptFrxMWpq7Xzra U: Thu Mar 26 23:09:54 -03 2020

ANALIZANDO from:@mfcortes 


ANALIZANDO from:@pelaoNacho 

**FIN******perl parser2.pl 1 U : Thu Mar 26 23:09:57 -03 2020
**INICIO******perl parser2.pl 1 51GtjuDVFbGgpLKbppH4M8Uv4 V67ug41vUT5vRTOT7eCrIl8fsvcIB46IGoYOt5YQ71y0ANGHPg 30951060-DNMk0Fjrgf7XoTw956gpgwtHO04rRyuI1VMkJfWHF iwimJbbp1DEuZ8QbiJE0z3Sbsf0xH7JptFrxMWpq7Xzra U: Thu Mar 26 23:11:37 -03 2020

ANALIZANDO from:@mfcortes 


ANALIZANDO from:@pelaoNacho 

**INICIO******perl parser2.pl 1 51GtjuDVFbGgpLKbppH4M8Uv4 V67ug41vUT5vRTOT7eCrIl8fsvcIB46IGoYOt5YQ71y0ANGHPg 30951060-DNMk0Fjrgf7XoTw956gpgwtHO04rRyuI1VMkJfWHF iwimJbbp1DEuZ8QbiJE0z3Sbsf0xH7JptFrxMWpq7Xzra U: Thu Mar 26 23:14:52 -03 2020

ANALIZANDO from:@mfcortes 


ANALIZANDO from:@pelaoNacho 

**FIN******perl parser2.pl 1 U : Thu Mar 26 23:14:54 -03 2020
**INICIO******perl parser2.pl 1 51GtjuDVFbGgpLKbppH4M8Uv4 V67ug41vUT5vRTOT7eCrIl8fsvcIB46IGoYOt5YQ71y0ANGHPg 30951060-DNMk0Fjrgf7XoTw956gpgwtHO04rRyuI1VMkJfWHF iwimJbbp1DEuZ8QbiJE0z3Sbsf0xH7JptFrxMWpq7Xzra U: Thu Mar 26 23:16:34 -03 2020

ANALIZANDO from:@mfcortes 


ANALIZANDO from:@pelaoNacho 

**FIN******perl parser2.pl 1 U : Thu Mar 26 23:16:37 -03 2020
**INICIO******perl parser2.pl 1 51GtjuDVFbGgpLKbppH4M8Uv4 V67ug41vUT5vRTOT7eCrIl8fsvcIB46IGoYOt5YQ71y0ANGHPg 30951060-DNMk0Fjrgf7XoTw956gpgwtHO04rRyuI1VMkJfWHF iwimJbbp1DEuZ8QbiJE0z3Sbsf0xH7JptFrxMWpq7Xzra U: Thu Mar 26 23:18:17 -03 2020

ANALIZANDO from:@mfcortes 


ANALIZANDO from:@pelaoNacho 

**FIN******perl parser2.pl 1 U : Thu Mar 26 23:18:19 -03 2020
**INICIO******perl parser2.pl 1 51GtjuDVFbGgpLKbppH4M8Uv4 V67ug41vUT5vRTOT7eCrIl8fsvcIB46IGoYOt5YQ71y0ANGHPg 30951060-DNMk0Fjrgf7XoTw956gpgwtHO04rRyuI1VMkJfWHF iwimJbbp1DEuZ8QbiJE0z3Sbsf0xH7JptFrxMWpq7Xzra U: Thu Mar 26 23:19:59 -03 2020

ANALIZANDO from:@mfcortes 


ANALIZANDO from:@pelaoNacho 

**FIN******perl parser2.pl 1 U : Thu Mar 26 23:20:02 -03 2020
**INICIO******perl parser2.pl 1 51GtjuDVFbGgpLKbppH4M8Uv4 V67ug41vUT5vRTOT7eCrIl8fsvcIB46IGoYOt5YQ71y0ANGHPg 30951060-DNMk0Fjrgf7XoTw956gpgwtHO04rRyuI1VMkJfWHF iwimJbbp1DEuZ8QbiJE0z3Sbsf0xH7JptFrxMWpq7Xzra U: Thu Mar 26 23:21:42 -03 2020

ANALIZANDO from:@mfcortes 


ANALIZANDO from:@pelaoNacho 

**FIN******perl parser2.pl 1 U : Thu Mar 26 23:21:44 -03 2020
**INICIO******perl parser2.pl 1 51GtjuDVFbGgpLKbppH4M8Uv4 V67ug41vUT5vRTOT7eCrIl8fsvcIB46IGoYOt5YQ71y0ANGHPg 30951060-DNMk0Fjrgf7XoTw956gpgwtHO04rRyuI1VMkJfWHF iwimJbbp1DEuZ8QbiJE0z3Sbsf0xH7JptFrxMWpq7Xzra U: Thu Mar 26 23:23:24 -03 2020

ANALIZANDO from:@mfcortes 


ANALIZANDO from:@pelaoNacho 

**FIN******perl parser2.pl 1 U : Thu Mar 26 23:23:27 -03 2020
**INICIO******perl parser2.pl 1 51GtjuDVFbGgpLKbppH4M8Uv4 V67ug41vUT5vRTOT7eCrIl8fsvcIB46IGoYOt5YQ71y0ANGHPg 30951060-DNMk0Fjrgf7XoTw956gpgwtHO04rRyuI1VMkJfWHF iwimJbbp1DEuZ8QbiJE0z3Sbsf0xH7JptFrxMWpq7Xzra U: Thu Mar 26 23:25:07 -03 2020

ANALIZANDO from:@mfcortes 


ANALIZANDO from:@pelaoNacho 

**FIN******perl parser2.pl 1 U : Thu Mar 26 23:25:09 -03 2020
**INICIO******perl parser2.pl 1 51GtjuDVFbGgpLKbppH4M8Uv4 V67ug41vUT5vRTOT7eCrIl8fsvcIB46IGoYOt5YQ71y0ANGHPg 30951060-DNMk0Fjrgf7XoTw956gpgwtHO04rRyuI1VMkJfWHF iwimJbbp1DEuZ8QbiJE0z3Sbsf0xH7JptFrxMWpq7Xzra U: Thu Mar 26 23:26:50 -03 2020

ANALIZANDO from:@mfcortes 


ANALIZANDO from:@pelaoNacho 

**FIN******perl parser2.pl 1 U : Thu Mar 26 23:26:52 -03 2020
**INICIO******perl parser2.pl 1 51GtjuDVFbGgpLKbppH4M8Uv4 V67ug41vUT5vRTOT7eCrIl8fsvcIB46IGoYOt5YQ71y0ANGHPg 30951060-DNMk0Fjrgf7XoTw956gpgwtHO04rRyuI1VMkJfWHF iwimJbbp1DEuZ8QbiJE0z3Sbsf0xH7JptFrxMWpq7Xzra U: Thu Mar 26 23:28:32 -03 2020

ANALIZANDO from:@mfcortes 


ANALIZANDO from:@pelaoNacho 

**FIN******perl parser2.pl 1 U : Thu Mar 26 23:28:35 -03 2020
**INICIO******perl parser2.pl 1 51GtjuDVFbGgpLKbppH4M8Uv4 V67ug41vUT5vRTOT7eCrIl8fsvcIB46IGoYOt5YQ71y0ANGHPg 30951060-DNMk0Fjrgf7XoTw956gpgwtHO04rRyuI1VMkJfWHF iwimJbbp1DEuZ8QbiJE0z3Sbsf0xH7JptFrxMWpq7Xzra U: Thu Mar 26 23:30:15 -03 2020

ANALIZANDO from:@mfcortes 


ANALIZANDO from:@pelaoNacho 

**FIN******perl parser2.pl 1 U : Thu Mar 26 23:30:18 -03 2020
**INICIO******perl parser2.pl 1 51GtjuDVFbGgpLKbppH4M8Uv4 V67ug41vUT5vRTOT7eCrIl8fsvcIB46IGoYOt5YQ71y0ANGHPg 30951060-DNMk0Fjrgf7XoTw956gpgwtHO04rRyuI1VMkJfWHF iwimJbbp1DEuZ8QbiJE0z3Sbsf0xH7JptFrxMWpq7Xzra U: Thu Mar 26 23:31:58 -03 2020

ANALIZANDO from:@mfcortes 


ANALIZANDO from:@pelaoNacho 

**FIN******perl parser2.pl 1 U : Thu Mar 26 23:32:02 -03 2020
**INICIO******perl parser2.pl 1 51GtjuDVFbGgpLKbppH4M8Uv4 V67ug41vUT5vRTOT7eCrIl8fsvcIB46IGoYOt5YQ71y0ANGHPg 30951060-DNMk0Fjrgf7XoTw956gpgwtHO04rRyuI1VMkJfWHF iwimJbbp1DEuZ8QbiJE0z3Sbsf0xH7JptFrxMWpq7Xzra U: Thu Mar 26 23:33:42 -03 2020

ANALIZANDO from:@mfcortes 


ANALIZANDO from:@pelaoNacho 

**FIN******perl parser2.pl 1 U : Thu Mar 26 23:33:44 -03 2020
**INICIO******perl parser2.pl 1 51GtjuDVFbGgpLKbppH4M8Uv4 V67ug41vUT5vRTOT7eCrIl8fsvcIB46IGoYOt5YQ71y0ANGHPg 30951060-DNMk0Fjrgf7XoTw956gpgwtHO04rRyuI1VMkJfWHF iwimJbbp1DEuZ8QbiJE0z3Sbsf0xH7JptFrxMWpq7Xzra U: Thu Mar 26 23:35:24 -03 2020

ANALIZANDO from:@mfcortes 


ANALIZANDO from:@pelaoNacho 

**FIN******perl parser2.pl 1 U : Thu Mar 26 23:35:27 -03 2020
**INICIO******perl parser2.pl 1 51GtjuDVFbGgpLKbppH4M8Uv4 V67ug41vUT5vRTOT7eCrIl8fsvcIB46IGoYOt5YQ71y0ANGHPg 30951060-DNMk0Fjrgf7XoTw956gpgwtHO04rRyuI1VMkJfWHF iwimJbbp1DEuZ8QbiJE0z3Sbsf0xH7JptFrxMWpq7Xzra U: Thu Mar 26 23:37:07 -03 2020

ANALIZANDO from:@mfcortes 


ANALIZANDO from:@pelaoNacho 

**FIN******perl parser2.pl 1 U : Thu Mar 26 23:37:09 -03 2020
**INICIO******perl parser2.pl 1 51GtjuDVFbGgpLKbppH4M8Uv4 V67ug41vUT5vRTOT7eCrIl8fsvcIB46IGoYOt5YQ71y0ANGHPg 30951060-DNMk0Fjrgf7XoTw956gpgwtHO04rRyuI1VMkJfWHF iwimJbbp1DEuZ8QbiJE0z3Sbsf0xH7JptFrxMWpq7Xzra U: Thu Mar 26 23:38:49 -03 2020

ANALIZANDO from:@mfcortes 


ANALIZANDO from:@pelaoNacho 

**FIN******perl parser2.pl 1 U : Thu Mar 26 23:38:52 -03 2020
**INICIO******perl parser2.pl 1 51GtjuDVFbGgpLKbppH4M8Uv4 V67ug41vUT5vRTOT7eCrIl8fsvcIB46IGoYOt5YQ71y0ANGHPg 30951060-DNMk0Fjrgf7XoTw956gpgwtHO04rRyuI1VMkJfWHF iwimJbbp1DEuZ8QbiJE0z3Sbsf0xH7JptFrxMWpq7Xzra U: Thu Mar 26 23:40:32 -03 2020

ANALIZANDO from:@mfcortes 


ANALIZANDO from:@pelaoNacho 

**FIN******perl parser2.pl 1 U : Thu Mar 26 23:40:35 -03 2020
**INICIO******perl parser2.pl 1 51GtjuDVFbGgpLKbppH4M8Uv4 V67ug41vUT5vRTOT7eCrIl8fsvcIB46IGoYOt5YQ71y0ANGHPg 30951060-DNMk0Fjrgf7XoTw956gpgwtHO04rRyuI1VMkJfWHF iwimJbbp1DEuZ8QbiJE0z3Sbsf0xH7JptFrxMWpq7Xzra U: Thu Mar 26 23:42:15 -03 2020

ANALIZANDO from:@mfcortes 


ANALIZANDO from:@pelaoNacho 

**FIN******perl parser2.pl 1 U : Thu Mar 26 23:42:18 -03 2020
**INICIO******perl parser2.pl 1 51GtjuDVFbGgpLKbppH4M8Uv4 V67ug41vUT5vRTOT7eCrIl8fsvcIB46IGoYOt5YQ71y0ANGHPg 30951060-DNMk0Fjrgf7XoTw956gpgwtHO04rRyuI1VMkJfWHF iwimJbbp1DEuZ8QbiJE0z3Sbsf0xH7JptFrxMWpq7Xzra U: Thu Mar 26 23:43:58 -03 2020

ANALIZANDO from:@mfcortes 


ANALIZANDO from:@pelaoNacho 

**FIN******perl parser2.pl 1 U : Thu Mar 26 23:44:00 -03 2020
**INICIO******perl parser2.pl 1 51GtjuDVFbGgpLKbppH4M8Uv4 V67ug41vUT5vRTOT7eCrIl8fsvcIB46IGoYOt5YQ71y0ANGHPg 30951060-DNMk0Fjrgf7XoTw956gpgwtHO04rRyuI1VMkJfWHF iwimJbbp1DEuZ8QbiJE0z3Sbsf0xH7JptFrxMWpq7Xzra U: Thu Mar 26 23:45:40 -03 2020

ANALIZANDO from:@mfcortes 


ANALIZANDO from:@pelaoNacho 

**FIN******perl parser2.pl 1 U : Thu Mar 26 23:45:43 -03 2020
**INICIO******perl parser2.pl 1 51GtjuDVFbGgpLKbppH4M8Uv4 V67ug41vUT5vRTOT7eCrIl8fsvcIB46IGoYOt5YQ71y0ANGHPg 30951060-DNMk0Fjrgf7XoTw956gpgwtHO04rRyuI1VMkJfWHF iwimJbbp1DEuZ8QbiJE0z3Sbsf0xH7JptFrxMWpq7Xzra U: Thu Mar 26 23:47:23 -03 2020

ANALIZANDO from:@mfcortes 


ANALIZANDO from:@pelaoNacho 

**FIN******perl parser2.pl 1 U : Thu Mar 26 23:47:26 -03 2020
**INICIO******perl parser2.pl 1 51GtjuDVFbGgpLKbppH4M8Uv4 V67ug41vUT5vRTOT7eCrIl8fsvcIB46IGoYOt5YQ71y0ANGHPg 30951060-DNMk0Fjrgf7XoTw956gpgwtHO04rRyuI1VMkJfWHF iwimJbbp1DEuZ8QbiJE0z3Sbsf0xH7JptFrxMWpq7Xzra U: Thu Mar 26 23:49:06 -03 2020

ANALIZANDO from:@mfcortes 


ANALIZANDO from:@pelaoNacho 

**FIN******perl parser2.pl 1 U : Thu Mar 26 23:49:08 -03 2020
**INICIO******perl parser2.pl 1 51GtjuDVFbGgpLKbppH4M8Uv4 V67ug41vUT5vRTOT7eCrIl8fsvcIB46IGoYOt5YQ71y0ANGHPg 30951060-DNMk0Fjrgf7XoTw956gpgwtHO04rRyuI1VMkJfWHF iwimJbbp1DEuZ8QbiJE0z3Sbsf0xH7JptFrxMWpq7Xzra U: Thu Mar 26 23:50:48 -03 2020

ANALIZANDO from:@mfcortes 


ANALIZANDO from:@pelaoNacho 

**FIN******perl parser2.pl 1 U : Thu Mar 26 23:50:51 -03 2020
**INICIO******perl parser2.pl 1 51GtjuDVFbGgpLKbppH4M8Uv4 V67ug41vUT5vRTOT7eCrIl8fsvcIB46IGoYOt5YQ71y0ANGHPg 30951060-DNMk0Fjrgf7XoTw956gpgwtHO04rRyuI1VMkJfWHF iwimJbbp1DEuZ8QbiJE0z3Sbsf0xH7JptFrxMWpq7Xzra U: Thu Mar 26 23:52:31 -03 2020

ANALIZANDO from:@mfcortes 


ANALIZANDO from:@pelaoNacho 

**FIN******perl parser2.pl 1 U : Thu Mar 26 23:52:33 -03 2020
**INICIO******perl parser2.pl 1 51GtjuDVFbGgpLKbppH4M8Uv4 V67ug41vUT5vRTOT7eCrIl8fsvcIB46IGoYOt5YQ71y0ANGHPg 30951060-DNMk0Fjrgf7XoTw956gpgwtHO04rRyuI1VMkJfWHF iwimJbbp1DEuZ8QbiJE0z3Sbsf0xH7JptFrxMWpq7Xzra U: Thu Mar 26 23:54:13 -03 2020

ANALIZANDO from:@mfcortes 


ANALIZANDO from:@pelaoNacho 

**FIN******perl parser2.pl 1 U : Thu Mar 26 23:54:16 -03 2020
**INICIO******perl parser2.pl 1 51GtjuDVFbGgpLKbppH4M8Uv4 V67ug41vUT5vRTOT7eCrIl8fsvcIB46IGoYOt5YQ71y0ANGHPg 30951060-DNMk0Fjrgf7XoTw956gpgwtHO04rRyuI1VMkJfWHF iwimJbbp1DEuZ8QbiJE0z3Sbsf0xH7JptFrxMWpq7Xzra U: Thu Mar 26 23:55:56 -03 2020

ANALIZANDO from:@mfcortes 


ANALIZANDO from:@pelaoNacho 

**FIN******perl parser2.pl 1 U : Thu Mar 26 23:55:59 -03 2020
**INICIO******perl parser2.pl 1 51GtjuDVFbGgpLKbppH4M8Uv4 V67ug41vUT5vRTOT7eCrIl8fsvcIB46IGoYOt5YQ71y0ANGHPg 30951060-DNMk0Fjrgf7XoTw956gpgwtHO04rRyuI1VMkJfWHF iwimJbbp1DEuZ8QbiJE0z3Sbsf0xH7JptFrxMWpq7Xzra U: Thu Mar 26 23:57:39 -03 2020

ANALIZANDO from:@mfcortes 


ANALIZANDO from:@pelaoNacho 

**FIN******perl parser2.pl 1 U : Thu Mar 26 23:57:41 -03 2020
**INICIO******perl parser2.pl 1 51GtjuDVFbGgpLKbppH4M8Uv4 V67ug41vUT5vRTOT7eCrIl8fsvcIB46IGoYOt5YQ71y0ANGHPg 30951060-DNMk0Fjrgf7XoTw956gpgwtHO04rRyuI1VMkJfWHF iwimJbbp1DEuZ8QbiJE0z3Sbsf0xH7JptFrxMWpq7Xzra U: Thu Mar 26 23:59:21 -03 2020

ANALIZANDO from:@mfcortes 


ANALIZANDO from:@pelaoNacho 

**FIN******perl parser2.pl 1 U : Thu Mar 26 23:59:24 -03 2020
**INICIO******perl parser2.pl 1 51GtjuDVFbGgpLKbppH4M8Uv4 V67ug41vUT5vRTOT7eCrIl8fsvcIB46IGoYOt5YQ71y0ANGHPg 30951060-DNMk0Fjrgf7XoTw956gpgwtHO04rRyuI1VMkJfWHF iwimJbbp1DEuZ8QbiJE0z3Sbsf0xH7JptFrxMWpq7Xzra U: Fri Mar 27 00:01:04 -03 2020

ANALIZANDO from:@mfcortes 


ANALIZANDO from:@pelaoNacho 

**FIN******perl parser2.pl 1 U : Fri Mar 27 00:01:07 -03 2020
**INICIO******perl parser2.pl 1 51GtjuDVFbGgpLKbppH4M8Uv4 V67ug41vUT5vRTOT7eCrIl8fsvcIB46IGoYOt5YQ71y0ANGHPg 30951060-DNMk0Fjrgf7XoTw956gpgwtHO04rRyuI1VMkJfWHF iwimJbbp1DEuZ8QbiJE0z3Sbsf0xH7JptFrxMWpq7Xzra U: Fri Mar 27 00:02:47 -03 2020

ANALIZANDO from:@mfcortes 


ANALIZANDO from:@pelaoNacho 

**FIN******perl parser2.pl 1 U : Fri Mar 27 00:02:49 -03 2020
**INICIO******perl parser2.pl 1 51GtjuDVFbGgpLKbppH4M8Uv4 V67ug41vUT5vRTOT7eCrIl8fsvcIB46IGoYOt5YQ71y0ANGHPg 30951060-DNMk0Fjrgf7XoTw956gpgwtHO04rRyuI1VMkJfWHF iwimJbbp1DEuZ8QbiJE0z3Sbsf0xH7JptFrxMWpq7Xzra U: Fri Mar 27 00:04:29 -03 2020

ANALIZANDO from:@mfcortes 


ANALIZANDO from:@pelaoNacho 

**FIN******perl parser2.pl 1 U : Fri Mar 27 00:04:32 -03 2020
**INICIO******perl parser2.pl 1 51GtjuDVFbGgpLKbppH4M8Uv4 V67ug41vUT5vRTOT7eCrIl8fsvcIB46IGoYOt5YQ71y0ANGHPg 30951060-DNMk0Fjrgf7XoTw956gpgwtHO04rRyuI1VMkJfWHF iwimJbbp1DEuZ8QbiJE0z3Sbsf0xH7JptFrxMWpq7Xzra U: Fri Mar 27 00:06:12 -03 2020

ANALIZANDO from:@mfcortes 


ANALIZANDO from:@pelaoNacho 

**FIN******perl parser2.pl 1 U : Fri Mar 27 00:06:14 -03 2020
**INICIO******perl parser2.pl 1 51GtjuDVFbGgpLKbppH4M8Uv4 V67ug41vUT5vRTOT7eCrIl8fsvcIB46IGoYOt5YQ71y0ANGHPg 30951060-DNMk0Fjrgf7XoTw956gpgwtHO04rRyuI1VMkJfWHF iwimJbbp1DEuZ8QbiJE0z3Sbsf0xH7JptFrxMWpq7Xzra U: Fri Mar 27 00:07:54 -03 2020

ANALIZANDO from:@mfcortes 


ANALIZANDO from:@pelaoNacho 

**FIN******perl parser2.pl 1 U : Fri Mar 27 00:07:57 -03 2020
**INICIO******perl parser2.pl 1 51GtjuDVFbGgpLKbppH4M8Uv4 V67ug41vUT5vRTOT7eCrIl8fsvcIB46IGoYOt5YQ71y0ANGHPg 30951060-DNMk0Fjrgf7XoTw956gpgwtHO04rRyuI1VMkJfWHF iwimJbbp1DEuZ8QbiJE0z3Sbsf0xH7JptFrxMWpq7Xzra U: Fri Mar 27 00:09:37 -03 2020

ANALIZANDO from:@mfcortes 


ANALIZANDO from:@pelaoNacho 

**FIN******perl parser2.pl 1 U : Fri Mar 27 00:09:39 -03 2020
**INICIO******perl parser2.pl 1 51GtjuDVFbGgpLKbppH4M8Uv4 V67ug41vUT5vRTOT7eCrIl8fsvcIB46IGoYOt5YQ71y0ANGHPg 30951060-DNMk0Fjrgf7XoTw956gpgwtHO04rRyuI1VMkJfWHF iwimJbbp1DEuZ8QbiJE0z3Sbsf0xH7JptFrxMWpq7Xzra U: Fri Mar 27 00:11:19 -03 2020

ANALIZANDO from:@mfcortes 


ANALIZANDO from:@pelaoNacho 

**FIN******perl parser2.pl 1 U : Fri Mar 27 00:11:21 -03 2020
**INICIO******perl parser2.pl 1 51GtjuDVFbGgpLKbppH4M8Uv4 V67ug41vUT5vRTOT7eCrIl8fsvcIB46IGoYOt5YQ71y0ANGHPg 30951060-DNMk0Fjrgf7XoTw956gpgwtHO04rRyuI1VMkJfWHF iwimJbbp1DEuZ8QbiJE0z3Sbsf0xH7JptFrxMWpq7Xzra U: Fri Mar 27 00:13:01 -03 2020

ANALIZANDO from:@mfcortes 


ANALIZANDO from:@pelaoNacho 

**FIN******perl parser2.pl 1 U : Fri Mar 27 00:13:04 -03 2020
**INICIO******perl parser2.pl 1 51GtjuDVFbGgpLKbppH4M8Uv4 V67ug41vUT5vRTOT7eCrIl8fsvcIB46IGoYOt5YQ71y0ANGHPg 30951060-DNMk0Fjrgf7XoTw956gpgwtHO04rRyuI1VMkJfWHF iwimJbbp1DEuZ8QbiJE0z3Sbsf0xH7JptFrxMWpq7Xzra U: Fri Mar 27 00:14:44 -03 2020

ANALIZANDO from:@mfcortes 


ANALIZANDO from:@pelaoNacho 

**FIN******perl parser2.pl 1 U : Fri Mar 27 00:14:46 -03 2020
**INICIO******perl parser2.pl 1 51GtjuDVFbGgpLKbppH4M8Uv4 V67ug41vUT5vRTOT7eCrIl8fsvcIB46IGoYOt5YQ71y0ANGHPg 30951060-DNMk0Fjrgf7XoTw956gpgwtHO04rRyuI1VMkJfWHF iwimJbbp1DEuZ8QbiJE0z3Sbsf0xH7JptFrxMWpq7Xzra U: Fri Mar 27 00:16:26 -03 2020

ANALIZANDO from:@mfcortes 


ANALIZANDO from:@pelaoNacho 

**FIN******perl parser2.pl 1 U : Fri Mar 27 00:16:29 -03 2020
**INICIO******perl parser2.pl 1 51GtjuDVFbGgpLKbppH4M8Uv4 V67ug41vUT5vRTOT7eCrIl8fsvcIB46IGoYOt5YQ71y0ANGHPg 30951060-DNMk0Fjrgf7XoTw956gpgwtHO04rRyuI1VMkJfWHF iwimJbbp1DEuZ8QbiJE0z3Sbsf0xH7JptFrxMWpq7Xzra U: Fri Mar 27 00:18:09 -03 2020

ANALIZANDO from:@mfcortes 


ANALIZANDO from:@pelaoNacho 

**FIN******perl parser2.pl 1 U : Fri Mar 27 00:18:11 -03 2020
**INICIO******perl parser2.pl 1 51GtjuDVFbGgpLKbppH4M8Uv4 V67ug41vUT5vRTOT7eCrIl8fsvcIB46IGoYOt5YQ71y0ANGHPg 30951060-DNMk0Fjrgf7XoTw956gpgwtHO04rRyuI1VMkJfWHF iwimJbbp1DEuZ8QbiJE0z3Sbsf0xH7JptFrxMWpq7Xzra U: Fri Mar 27 00:19:51 -03 2020

ANALIZANDO from:@mfcortes 


ANALIZANDO from:@pelaoNacho 

**FIN******perl parser2.pl 1 U : Fri Mar 27 00:19:54 -03 2020
**INICIO******perl parser2.pl 1 51GtjuDVFbGgpLKbppH4M8Uv4 V67ug41vUT5vRTOT7eCrIl8fsvcIB46IGoYOt5YQ71y0ANGHPg 30951060-DNMk0Fjrgf7XoTw956gpgwtHO04rRyuI1VMkJfWHF iwimJbbp1DEuZ8QbiJE0z3Sbsf0xH7JptFrxMWpq7Xzra U: Fri Mar 27 00:21:34 -03 2020

ANALIZANDO from:@mfcortes 


ANALIZANDO from:@pelaoNacho 

**FIN******perl parser2.pl 1 U : Fri Mar 27 00:21:36 -03 2020
**INICIO******perl parser2.pl 1 51GtjuDVFbGgpLKbppH4M8Uv4 V67ug41vUT5vRTOT7eCrIl8fsvcIB46IGoYOt5YQ71y0ANGHPg 30951060-DNMk0Fjrgf7XoTw956gpgwtHO04rRyuI1VMkJfWHF iwimJbbp1DEuZ8QbiJE0z3Sbsf0xH7JptFrxMWpq7Xzra U: Fri Mar 27 00:23:16 -03 2020

ANALIZANDO from:@mfcortes 


ANALIZANDO from:@pelaoNacho 

**FIN******perl parser2.pl 1 U : Fri Mar 27 00:23:19 -03 2020
**INICIO******perl parser2.pl 1 51GtjuDVFbGgpLKbppH4M8Uv4 V67ug41vUT5vRTOT7eCrIl8fsvcIB46IGoYOt5YQ71y0ANGHPg 30951060-DNMk0Fjrgf7XoTw956gpgwtHO04rRyuI1VMkJfWHF iwimJbbp1DEuZ8QbiJE0z3Sbsf0xH7JptFrxMWpq7Xzra U: Fri Mar 27 00:24:59 -03 2020

ANALIZANDO from:@mfcortes 


ANALIZANDO from:@pelaoNacho 

**FIN******perl parser2.pl 1 U : Fri Mar 27 00:25:02 -03 2020
**INICIO******perl parser2.pl 1 51GtjuDVFbGgpLKbppH4M8Uv4 V67ug41vUT5vRTOT7eCrIl8fsvcIB46IGoYOt5YQ71y0ANGHPg 30951060-DNMk0Fjrgf7XoTw956gpgwtHO04rRyuI1VMkJfWHF iwimJbbp1DEuZ8QbiJE0z3Sbsf0xH7JptFrxMWpq7Xzra U: Fri Mar 27 00:26:42 -03 2020

ANALIZANDO from:@mfcortes 


ANALIZANDO from:@pelaoNacho 

**FIN******perl parser2.pl 1 U : Fri Mar 27 00:26:44 -03 2020
**INICIO******perl parser2.pl 1 51GtjuDVFbGgpLKbppH4M8Uv4 V67ug41vUT5vRTOT7eCrIl8fsvcIB46IGoYOt5YQ71y0ANGHPg 30951060-DNMk0Fjrgf7XoTw956gpgwtHO04rRyuI1VMkJfWHF iwimJbbp1DEuZ8QbiJE0z3Sbsf0xH7JptFrxMWpq7Xzra U: Fri Mar 27 00:28:24 -03 2020

ANALIZANDO from:@mfcortes 


ANALIZANDO from:@pelaoNacho 

**FIN******perl parser2.pl 1 U : Fri Mar 27 00:28:27 -03 2020
**INICIO******perl parser2.pl 1 51GtjuDVFbGgpLKbppH4M8Uv4 V67ug41vUT5vRTOT7eCrIl8fsvcIB46IGoYOt5YQ71y0ANGHPg 30951060-DNMk0Fjrgf7XoTw956gpgwtHO04rRyuI1VMkJfWHF iwimJbbp1DEuZ8QbiJE0z3Sbsf0xH7JptFrxMWpq7Xzra U: Fri Mar 27 00:30:07 -03 2020

ANALIZANDO from:@mfcortes 


ANALIZANDO from:@pelaoNacho 

**FIN******perl parser2.pl 1 U : Fri Mar 27 00:30:10 -03 2020
**INICIO******perl parser2.pl 1 51GtjuDVFbGgpLKbppH4M8Uv4 V67ug41vUT5vRTOT7eCrIl8fsvcIB46IGoYOt5YQ71y0ANGHPg 30951060-DNMk0Fjrgf7XoTw956gpgwtHO04rRyuI1VMkJfWHF iwimJbbp1DEuZ8QbiJE0z3Sbsf0xH7JptFrxMWpq7Xzra U: Fri Mar 27 00:31:50 -03 2020

ANALIZANDO from:@mfcortes 


ANALIZANDO from:@pelaoNacho 

**FIN******perl parser2.pl 1 U : Fri Mar 27 00:31:52 -03 2020
**INICIO******perl parser2.pl 1 51GtjuDVFbGgpLKbppH4M8Uv4 V67ug41vUT5vRTOT7eCrIl8fsvcIB46IGoYOt5YQ71y0ANGHPg 30951060-DNMk0Fjrgf7XoTw956gpgwtHO04rRyuI1VMkJfWHF iwimJbbp1DEuZ8QbiJE0z3Sbsf0xH7JptFrxMWpq7Xzra U: Fri Mar 27 00:33:32 -03 2020

ANALIZANDO from:@mfcortes 


ANALIZANDO from:@pelaoNacho 

**FIN******perl parser2.pl 1 U : Fri Mar 27 00:33:35 -03 2020
**INICIO******perl parser2.pl 1 51GtjuDVFbGgpLKbppH4M8Uv4 V67ug41vUT5vRTOT7eCrIl8fsvcIB46IGoYOt5YQ71y0ANGHPg 30951060-DNMk0Fjrgf7XoTw956gpgwtHO04rRyuI1VMkJfWHF iwimJbbp1DEuZ8QbiJE0z3Sbsf0xH7JptFrxMWpq7Xzra U: Fri Mar 27 00:35:15 -03 2020

ANALIZANDO from:@mfcortes 


ANALIZANDO from:@pelaoNacho 

**FIN******perl parser2.pl 1 U : Fri Mar 27 00:35:18 -03 2020
**INICIO******perl parser2.pl 1 51GtjuDVFbGgpLKbppH4M8Uv4 V67ug41vUT5vRTOT7eCrIl8fsvcIB46IGoYOt5YQ71y0ANGHPg 30951060-DNMk0Fjrgf7XoTw956gpgwtHO04rRyuI1VMkJfWHF iwimJbbp1DEuZ8QbiJE0z3Sbsf0xH7JptFrxMWpq7Xzra U: Fri Mar 27 00:36:58 -03 2020

ANALIZANDO from:@mfcortes 


ANALIZANDO from:@pelaoNacho 

**FIN******perl parser2.pl 1 U : Fri Mar 27 00:37:00 -03 2020
**INICIO******perl parser2.pl 1 51GtjuDVFbGgpLKbppH4M8Uv4 V67ug41vUT5vRTOT7eCrIl8fsvcIB46IGoYOt5YQ71y0ANGHPg 30951060-DNMk0Fjrgf7XoTw956gpgwtHO04rRyuI1VMkJfWHF iwimJbbp1DEuZ8QbiJE0z3Sbsf0xH7JptFrxMWpq7Xzra U: Fri Mar 27 00:38:40 -03 2020

ANALIZANDO from:@mfcortes 


ANALIZANDO from:@pelaoNacho 

**FIN******perl parser2.pl 1 U : Fri Mar 27 00:38:43 -03 2020
**INICIO******perl parser2.pl 1 51GtjuDVFbGgpLKbppH4M8Uv4 V67ug41vUT5vRTOT7eCrIl8fsvcIB46IGoYOt5YQ71y0ANGHPg 30951060-DNMk0Fjrgf7XoTw956gpgwtHO04rRyuI1VMkJfWHF iwimJbbp1DEuZ8QbiJE0z3Sbsf0xH7JptFrxMWpq7Xzra U: Fri Mar 27 00:40:23 -03 2020

ANALIZANDO from:@mfcortes 


ANALIZANDO from:@pelaoNacho 

**FIN******perl parser2.pl 1 U : Fri Mar 27 00:40:26 -03 2020
**INICIO******perl parser2.pl 1 51GtjuDVFbGgpLKbppH4M8Uv4 V67ug41vUT5vRTOT7eCrIl8fsvcIB46IGoYOt5YQ71y0ANGHPg 30951060-DNMk0Fjrgf7XoTw956gpgwtHO04rRyuI1VMkJfWHF iwimJbbp1DEuZ8QbiJE0z3Sbsf0xH7JptFrxMWpq7Xzra U: Fri Mar 27 00:42:06 -03 2020

ANALIZANDO from:@mfcortes 


ANALIZANDO from:@pelaoNacho 

**FIN******perl parser2.pl 1 U : Fri Mar 27 00:42:09 -03 2020
**INICIO******perl parser2.pl 1 51GtjuDVFbGgpLKbppH4M8Uv4 V67ug41vUT5vRTOT7eCrIl8fsvcIB46IGoYOt5YQ71y0ANGHPg 30951060-DNMk0Fjrgf7XoTw956gpgwtHO04rRyuI1VMkJfWHF iwimJbbp1DEuZ8QbiJE0z3Sbsf0xH7JptFrxMWpq7Xzra U: Fri Mar 27 00:43:49 -03 2020

ANALIZANDO from:@mfcortes 


ANALIZANDO from:@pelaoNacho 

**FIN******perl parser2.pl 1 U : Fri Mar 27 00:43:52 -03 2020
**INICIO******perl parser2.pl 1 51GtjuDVFbGgpLKbppH4M8Uv4 V67ug41vUT5vRTOT7eCrIl8fsvcIB46IGoYOt5YQ71y0ANGHPg 30951060-DNMk0Fjrgf7XoTw956gpgwtHO04rRyuI1VMkJfWHF iwimJbbp1DEuZ8QbiJE0z3Sbsf0xH7JptFrxMWpq7Xzra U: Fri Mar 27 00:45:32 -03 2020

ANALIZANDO from:@mfcortes 


ANALIZANDO from:@pelaoNacho 

**FIN******perl parser2.pl 1 U : Fri Mar 27 00:45:35 -03 2020
**INICIO******perl parser2.pl 1 51GtjuDVFbGgpLKbppH4M8Uv4 V67ug41vUT5vRTOT7eCrIl8fsvcIB46IGoYOt5YQ71y0ANGHPg 30951060-DNMk0Fjrgf7XoTw956gpgwtHO04rRyuI1VMkJfWHF iwimJbbp1DEuZ8QbiJE0z3Sbsf0xH7JptFrxMWpq7Xzra U: Fri Mar 27 00:47:15 -03 2020

ANALIZANDO from:@mfcortes 


ANALIZANDO from:@pelaoNacho 

**FIN******perl parser2.pl 1 U : Fri Mar 27 00:47:18 -03 2020
**INICIO******perl parser2.pl 1 51GtjuDVFbGgpLKbppH4M8Uv4 V67ug41vUT5vRTOT7eCrIl8fsvcIB46IGoYOt5YQ71y0ANGHPg 30951060-DNMk0Fjrgf7XoTw956gpgwtHO04rRyuI1VMkJfWHF iwimJbbp1DEuZ8QbiJE0z3Sbsf0xH7JptFrxMWpq7Xzra U: Fri Mar 27 00:48:58 -03 2020

ANALIZANDO from:@mfcortes 


ANALIZANDO from:@pelaoNacho 

**FIN******perl parser2.pl 1 U : Fri Mar 27 00:49:00 -03 2020
**INICIO******perl parser2.pl 1 51GtjuDVFbGgpLKbppH4M8Uv4 V67ug41vUT5vRTOT7eCrIl8fsvcIB46IGoYOt5YQ71y0ANGHPg 30951060-DNMk0Fjrgf7XoTw956gpgwtHO04rRyuI1VMkJfWHF iwimJbbp1DEuZ8QbiJE0z3Sbsf0xH7JptFrxMWpq7Xzra U: Fri Mar 27 00:50:40 -03 2020

ANALIZANDO from:@mfcortes 


ANALIZANDO from:@pelaoNacho 

**FIN******perl parser2.pl 1 U : Fri Mar 27 00:50:43 -03 2020
**INICIO******perl parser2.pl 1 51GtjuDVFbGgpLKbppH4M8Uv4 V67ug41vUT5vRTOT7eCrIl8fsvcIB46IGoYOt5YQ71y0ANGHPg 30951060-DNMk0Fjrgf7XoTw956gpgwtHO04rRyuI1VMkJfWHF iwimJbbp1DEuZ8QbiJE0z3Sbsf0xH7JptFrxMWpq7Xzra U: Fri Mar 27 00:52:23 -03 2020

ANALIZANDO from:@mfcortes 


ANALIZANDO from:@pelaoNacho 

**FIN******perl parser2.pl 1 U : Fri Mar 27 00:52:26 -03 2020
**INICIO******perl parser2.pl 1 51GtjuDVFbGgpLKbppH4M8Uv4 V67ug41vUT5vRTOT7eCrIl8fsvcIB46IGoYOt5YQ71y0ANGHPg 30951060-DNMk0Fjrgf7XoTw956gpgwtHO04rRyuI1VMkJfWHF iwimJbbp1DEuZ8QbiJE0z3Sbsf0xH7JptFrxMWpq7Xzra U: Fri Mar 27 00:54:06 -03 2020

ANALIZANDO from:@mfcortes 


ANALIZANDO from:@pelaoNacho 

**FIN******perl parser2.pl 1 U : Fri Mar 27 00:54:09 -03 2020
**INICIO******perl parser2.pl 1 51GtjuDVFbGgpLKbppH4M8Uv4 V67ug41vUT5vRTOT7eCrIl8fsvcIB46IGoYOt5YQ71y0ANGHPg 30951060-DNMk0Fjrgf7XoTw956gpgwtHO04rRyuI1VMkJfWHF iwimJbbp1DEuZ8QbiJE0z3Sbsf0xH7JptFrxMWpq7Xzra U: Fri Mar 27 00:55:49 -03 2020

ANALIZANDO from:@mfcortes 


ANALIZANDO from:@pelaoNacho 

**FIN******perl parser2.pl 1 U : Fri Mar 27 00:55:52 -03 2020
**INICIO******perl parser2.pl 1 51GtjuDVFbGgpLKbppH4M8Uv4 V67ug41vUT5vRTOT7eCrIl8fsvcIB46IGoYOt5YQ71y0ANGHPg 30951060-DNMk0Fjrgf7XoTw956gpgwtHO04rRyuI1VMkJfWHF iwimJbbp1DEuZ8QbiJE0z3Sbsf0xH7JptFrxMWpq7Xzra U: Fri Mar 27 00:57:32 -03 2020

ANALIZANDO from:@mfcortes 


ANALIZANDO from:@pelaoNacho 

**FIN******perl parser2.pl 1 U : Fri Mar 27 00:57:35 -03 2020
**INICIO******perl parser2.pl 1 51GtjuDVFbGgpLKbppH4M8Uv4 V67ug41vUT5vRTOT7eCrIl8fsvcIB46IGoYOt5YQ71y0ANGHPg 30951060-DNMk0Fjrgf7XoTw956gpgwtHO04rRyuI1VMkJfWHF iwimJbbp1DEuZ8QbiJE0z3Sbsf0xH7JptFrxMWpq7Xzra U: Fri Mar 27 00:59:15 -03 2020

ANALIZANDO from:@mfcortes 


ANALIZANDO from:@pelaoNacho 

**FIN******perl parser2.pl 1 U : Fri Mar 27 00:59:18 -03 2020
**INICIO******perl parser2.pl 1 51GtjuDVFbGgpLKbppH4M8Uv4 V67ug41vUT5vRTOT7eCrIl8fsvcIB46IGoYOt5YQ71y0ANGHPg 30951060-DNMk0Fjrgf7XoTw956gpgwtHO04rRyuI1VMkJfWHF iwimJbbp1DEuZ8QbiJE0z3Sbsf0xH7JptFrxMWpq7Xzra U: Fri Mar 27 01:00:58 -03 2020

ANALIZANDO from:@mfcortes 


ANALIZANDO from:@pelaoNacho 

**FIN******perl parser2.pl 1 U : Fri Mar 27 01:01:02 -03 2020
**INICIO******perl parser2.pl 1 51GtjuDVFbGgpLKbppH4M8Uv4 V67ug41vUT5vRTOT7eCrIl8fsvcIB46IGoYOt5YQ71y0ANGHPg 30951060-DNMk0Fjrgf7XoTw956gpgwtHO04rRyuI1VMkJfWHF iwimJbbp1DEuZ8QbiJE0z3Sbsf0xH7JptFrxMWpq7Xzra U: Fri Mar 27 01:02:42 -03 2020

ANALIZANDO from:@mfcortes 


ANALIZANDO from:@pelaoNacho 

**FIN******perl parser2.pl 1 U : Fri Mar 27 01:02:45 -03 2020
**INICIO******perl parser2.pl 1 51GtjuDVFbGgpLKbppH4M8Uv4 V67ug41vUT5vRTOT7eCrIl8fsvcIB46IGoYOt5YQ71y0ANGHPg 30951060-DNMk0Fjrgf7XoTw956gpgwtHO04rRyuI1VMkJfWHF iwimJbbp1DEuZ8QbiJE0z3Sbsf0xH7JptFrxMWpq7Xzra U: Fri Mar 27 01:04:25 -03 2020

ANALIZANDO from:@mfcortes 


ANALIZANDO from:@pelaoNacho 

**FIN******perl parser2.pl 1 U : Fri Mar 27 01:04:28 -03 2020
**INICIO******perl parser2.pl 1 51GtjuDVFbGgpLKbppH4M8Uv4 V67ug41vUT5vRTOT7eCrIl8fsvcIB46IGoYOt5YQ71y0ANGHPg 30951060-DNMk0Fjrgf7XoTw956gpgwtHO04rRyuI1VMkJfWHF iwimJbbp1DEuZ8QbiJE0z3Sbsf0xH7JptFrxMWpq7Xzra U: Fri Mar 27 01:06:08 -03 2020

ANALIZANDO from:@mfcortes 


ANALIZANDO from:@pelaoNacho 

**FIN******perl parser2.pl 1 U : Fri Mar 27 01:06:10 -03 2020
**INICIO******perl parser2.pl 1 51GtjuDVFbGgpLKbppH4M8Uv4 V67ug41vUT5vRTOT7eCrIl8fsvcIB46IGoYOt5YQ71y0ANGHPg 30951060-DNMk0Fjrgf7XoTw956gpgwtHO04rRyuI1VMkJfWHF iwimJbbp1DEuZ8QbiJE0z3Sbsf0xH7JptFrxMWpq7Xzra U: Fri Mar 27 01:07:50 -03 2020

ANALIZANDO from:@mfcortes 


ANALIZANDO from:@pelaoNacho 

**FIN******perl parser2.pl 1 U : Fri Mar 27 01:07:53 -03 2020
**INICIO******perl parser2.pl 1 51GtjuDVFbGgpLKbppH4M8Uv4 V67ug41vUT5vRTOT7eCrIl8fsvcIB46IGoYOt5YQ71y0ANGHPg 30951060-DNMk0Fjrgf7XoTw956gpgwtHO04rRyuI1VMkJfWHF iwimJbbp1DEuZ8QbiJE0z3Sbsf0xH7JptFrxMWpq7Xzra U: Fri Mar 27 01:09:33 -03 2020

ANALIZANDO from:@mfcortes 


ANALIZANDO from:@pelaoNacho 

**FIN******perl parser2.pl 1 U : Fri Mar 27 01:09:36 -03 2020
**INICIO******perl parser2.pl 1 51GtjuDVFbGgpLKbppH4M8Uv4 V67ug41vUT5vRTOT7eCrIl8fsvcIB46IGoYOt5YQ71y0ANGHPg 30951060-DNMk0Fjrgf7XoTw956gpgwtHO04rRyuI1VMkJfWHF iwimJbbp1DEuZ8QbiJE0z3Sbsf0xH7JptFrxMWpq7Xzra U: Fri Mar 27 01:11:16 -03 2020

ANALIZANDO from:@mfcortes 


ANALIZANDO from:@pelaoNacho 

**FIN******perl parser2.pl 1 U : Fri Mar 27 01:11:19 -03 2020
**INICIO******perl parser2.pl 1 51GtjuDVFbGgpLKbppH4M8Uv4 V67ug41vUT5vRTOT7eCrIl8fsvcIB46IGoYOt5YQ71y0ANGHPg 30951060-DNMk0Fjrgf7XoTw956gpgwtHO04rRyuI1VMkJfWHF iwimJbbp1DEuZ8QbiJE0z3Sbsf0xH7JptFrxMWpq7Xzra U: Fri Mar 27 01:12:59 -03 2020

ANALIZANDO from:@mfcortes 


ANALIZANDO from:@pelaoNacho 

**FIN******perl parser2.pl 1 U : Fri Mar 27 01:13:02 -03 2020
**INICIO******perl parser2.pl 1 51GtjuDVFbGgpLKbppH4M8Uv4 V67ug41vUT5vRTOT7eCrIl8fsvcIB46IGoYOt5YQ71y0ANGHPg 30951060-DNMk0Fjrgf7XoTw956gpgwtHO04rRyuI1VMkJfWHF iwimJbbp1DEuZ8QbiJE0z3Sbsf0xH7JptFrxMWpq7Xzra U: Fri Mar 27 01:14:42 -03 2020

ANALIZANDO from:@mfcortes 


ANALIZANDO from:@pelaoNacho 

**FIN******perl parser2.pl 1 U : Fri Mar 27 01:14:45 -03 2020
**INICIO******perl parser2.pl 1 51GtjuDVFbGgpLKbppH4M8Uv4 V67ug41vUT5vRTOT7eCrIl8fsvcIB46IGoYOt5YQ71y0ANGHPg 30951060-DNMk0Fjrgf7XoTw956gpgwtHO04rRyuI1VMkJfWHF iwimJbbp1DEuZ8QbiJE0z3Sbsf0xH7JptFrxMWpq7Xzra U: Fri Mar 27 01:16:25 -03 2020

ANALIZANDO from:@mfcortes 


ANALIZANDO from:@pelaoNacho 

**FIN******perl parser2.pl 1 U : Fri Mar 27 01:16:27 -03 2020
**INICIO******perl parser2.pl 1 51GtjuDVFbGgpLKbppH4M8Uv4 V67ug41vUT5vRTOT7eCrIl8fsvcIB46IGoYOt5YQ71y0ANGHPg 30951060-DNMk0Fjrgf7XoTw956gpgwtHO04rRyuI1VMkJfWHF iwimJbbp1DEuZ8QbiJE0z3Sbsf0xH7JptFrxMWpq7Xzra U: Fri Mar 27 01:18:07 -03 2020

ANALIZANDO from:@mfcortes 


ANALIZANDO from:@pelaoNacho 

**FIN******perl parser2.pl 1 U : Fri Mar 27 01:18:10 -03 2020
**INICIO******perl parser2.pl 1 51GtjuDVFbGgpLKbppH4M8Uv4 V67ug41vUT5vRTOT7eCrIl8fsvcIB46IGoYOt5YQ71y0ANGHPg 30951060-DNMk0Fjrgf7XoTw956gpgwtHO04rRyuI1VMkJfWHF iwimJbbp1DEuZ8QbiJE0z3Sbsf0xH7JptFrxMWpq7Xzra U: Fri Mar 27 01:19:50 -03 2020

ANALIZANDO from:@mfcortes 


ANALIZANDO from:@pelaoNacho 

**FIN******perl parser2.pl 1 U : Fri Mar 27 01:19:53 -03 2020
**INICIO******perl parser2.pl 1 51GtjuDVFbGgpLKbppH4M8Uv4 V67ug41vUT5vRTOT7eCrIl8fsvcIB46IGoYOt5YQ71y0ANGHPg 30951060-DNMk0Fjrgf7XoTw956gpgwtHO04rRyuI1VMkJfWHF iwimJbbp1DEuZ8QbiJE0z3Sbsf0xH7JptFrxMWpq7Xzra U: Fri Mar 27 01:21:33 -03 2020

ANALIZANDO from:@mfcortes 


ANALIZANDO from:@pelaoNacho 

**FIN******perl parser2.pl 1 U : Fri Mar 27 01:21:36 -03 2020
**INICIO******perl parser2.pl 1 51GtjuDVFbGgpLKbppH4M8Uv4 V67ug41vUT5vRTOT7eCrIl8fsvcIB46IGoYOt5YQ71y0ANGHPg 30951060-DNMk0Fjrgf7XoTw956gpgwtHO04rRyuI1VMkJfWHF iwimJbbp1DEuZ8QbiJE0z3Sbsf0xH7JptFrxMWpq7Xzra U: Fri Mar 27 01:23:16 -03 2020

ANALIZANDO from:@mfcortes 


ANALIZANDO from:@pelaoNacho 

**FIN******perl parser2.pl 1 U : Fri Mar 27 01:23:19 -03 2020
**INICIO******perl parser2.pl 1 51GtjuDVFbGgpLKbppH4M8Uv4 V67ug41vUT5vRTOT7eCrIl8fsvcIB46IGoYOt5YQ71y0ANGHPg 30951060-DNMk0Fjrgf7XoTw956gpgwtHO04rRyuI1VMkJfWHF iwimJbbp1DEuZ8QbiJE0z3Sbsf0xH7JptFrxMWpq7Xzra U: Fri Mar 27 01:24:59 -03 2020

ANALIZANDO from:@mfcortes 


ANALIZANDO from:@pelaoNacho 

**FIN******perl parser2.pl 1 U : Fri Mar 27 01:25:02 -03 2020
**INICIO******perl parser2.pl 1 51GtjuDVFbGgpLKbppH4M8Uv4 V67ug41vUT5vRTOT7eCrIl8fsvcIB46IGoYOt5YQ71y0ANGHPg 30951060-DNMk0Fjrgf7XoTw956gpgwtHO04rRyuI1VMkJfWHF iwimJbbp1DEuZ8QbiJE0z3Sbsf0xH7JptFrxMWpq7Xzra U: Fri Mar 27 01:26:42 -03 2020

ANALIZANDO from:@mfcortes 


ANALIZANDO from:@pelaoNacho 

**FIN******perl parser2.pl 1 U : Fri Mar 27 01:26:45 -03 2020
**INICIO******perl parser2.pl 1 51GtjuDVFbGgpLKbppH4M8Uv4 V67ug41vUT5vRTOT7eCrIl8fsvcIB46IGoYOt5YQ71y0ANGHPg 30951060-DNMk0Fjrgf7XoTw956gpgwtHO04rRyuI1VMkJfWHF iwimJbbp1DEuZ8QbiJE0z3Sbsf0xH7JptFrxMWpq7Xzra U: Fri Mar 27 01:28:25 -03 2020

ANALIZANDO from:@mfcortes 


ANALIZANDO from:@pelaoNacho 

**FIN******perl parser2.pl 1 U : Fri Mar 27 01:28:27 -03 2020
**INICIO******perl parser2.pl 1 51GtjuDVFbGgpLKbppH4M8Uv4 V67ug41vUT5vRTOT7eCrIl8fsvcIB46IGoYOt5YQ71y0ANGHPg 30951060-DNMk0Fjrgf7XoTw956gpgwtHO04rRyuI1VMkJfWHF iwimJbbp1DEuZ8QbiJE0z3Sbsf0xH7JptFrxMWpq7Xzra U: Fri Mar 27 01:30:07 -03 2020

ANALIZANDO from:@mfcortes 


ANALIZANDO from:@pelaoNacho 

**FIN******perl parser2.pl 1 U : Fri Mar 27 01:30:10 -03 2020
**INICIO******perl parser2.pl 1 51GtjuDVFbGgpLKbppH4M8Uv4 V67ug41vUT5vRTOT7eCrIl8fsvcIB46IGoYOt5YQ71y0ANGHPg 30951060-DNMk0Fjrgf7XoTw956gpgwtHO04rRyuI1VMkJfWHF iwimJbbp1DEuZ8QbiJE0z3Sbsf0xH7JptFrxMWpq7Xzra U: Fri Mar 27 01:31:50 -03 2020

ANALIZANDO from:@mfcortes 


ANALIZANDO from:@pelaoNacho 

**FIN******perl parser2.pl 1 U : Fri Mar 27 01:31:53 -03 2020
**INICIO******perl parser2.pl 1 51GtjuDVFbGgpLKbppH4M8Uv4 V67ug41vUT5vRTOT7eCrIl8fsvcIB46IGoYOt5YQ71y0ANGHPg 30951060-DNMk0Fjrgf7XoTw956gpgwtHO04rRyuI1VMkJfWHF iwimJbbp1DEuZ8QbiJE0z3Sbsf0xH7JptFrxMWpq7Xzra U: Fri Mar 27 01:33:33 -03 2020

ANALIZANDO from:@mfcortes 


ANALIZANDO from:@pelaoNacho 

**FIN******perl parser2.pl 1 U : Fri Mar 27 01:33:36 -03 2020
**INICIO******perl parser2.pl 1 51GtjuDVFbGgpLKbppH4M8Uv4 V67ug41vUT5vRTOT7eCrIl8fsvcIB46IGoYOt5YQ71y0ANGHPg 30951060-DNMk0Fjrgf7XoTw956gpgwtHO04rRyuI1VMkJfWHF iwimJbbp1DEuZ8QbiJE0z3Sbsf0xH7JptFrxMWpq7Xzra U: Fri Mar 27 01:35:16 -03 2020

ANALIZANDO from:@mfcortes 


ANALIZANDO from:@pelaoNacho 

**FIN******perl parser2.pl 1 U : Fri Mar 27 01:35:18 -03 2020
**INICIO******perl parser2.pl 1 51GtjuDVFbGgpLKbppH4M8Uv4 V67ug41vUT5vRTOT7eCrIl8fsvcIB46IGoYOt5YQ71y0ANGHPg 30951060-DNMk0Fjrgf7XoTw956gpgwtHO04rRyuI1VMkJfWHF iwimJbbp1DEuZ8QbiJE0z3Sbsf0xH7JptFrxMWpq7Xzra U: Fri Mar 27 01:36:58 -03 2020

ANALIZANDO from:@mfcortes 


ANALIZANDO from:@pelaoNacho 

**FIN******perl parser2.pl 1 U : Fri Mar 27 01:37:01 -03 2020
**INICIO******perl parser2.pl 1 51GtjuDVFbGgpLKbppH4M8Uv4 V67ug41vUT5vRTOT7eCrIl8fsvcIB46IGoYOt5YQ71y0ANGHPg 30951060-DNMk0Fjrgf7XoTw956gpgwtHO04rRyuI1VMkJfWHF iwimJbbp1DEuZ8QbiJE0z3Sbsf0xH7JptFrxMWpq7Xzra U: Fri Mar 27 01:38:41 -03 2020

ANALIZANDO from:@mfcortes 


ANALIZANDO from:@pelaoNacho 

**FIN******perl parser2.pl 1 U : Fri Mar 27 01:38:44 -03 2020
**INICIO******perl parser2.pl 1 51GtjuDVFbGgpLKbppH4M8Uv4 V67ug41vUT5vRTOT7eCrIl8fsvcIB46IGoYOt5YQ71y0ANGHPg 30951060-DNMk0Fjrgf7XoTw956gpgwtHO04rRyuI1VMkJfWHF iwimJbbp1DEuZ8QbiJE0z3Sbsf0xH7JptFrxMWpq7Xzra U: Fri Mar 27 01:40:24 -03 2020

ANALIZANDO from:@mfcortes 


ANALIZANDO from:@pelaoNacho 

**FIN******perl parser2.pl 1 U : Fri Mar 27 01:40:27 -03 2020
**INICIO******perl parser2.pl 1 51GtjuDVFbGgpLKbppH4M8Uv4 V67ug41vUT5vRTOT7eCrIl8fsvcIB46IGoYOt5YQ71y0ANGHPg 30951060-DNMk0Fjrgf7XoTw956gpgwtHO04rRyuI1VMkJfWHF iwimJbbp1DEuZ8QbiJE0z3Sbsf0xH7JptFrxMWpq7Xzra U: Fri Mar 27 01:42:07 -03 2020

ANALIZANDO from:@mfcortes 


ANALIZANDO from:@pelaoNacho 

**FIN******perl parser2.pl 1 U : Fri Mar 27 01:42:09 -03 2020
**INICIO******perl parser2.pl 1 51GtjuDVFbGgpLKbppH4M8Uv4 V67ug41vUT5vRTOT7eCrIl8fsvcIB46IGoYOt5YQ71y0ANGHPg 30951060-DNMk0Fjrgf7XoTw956gpgwtHO04rRyuI1VMkJfWHF iwimJbbp1DEuZ8QbiJE0z3Sbsf0xH7JptFrxMWpq7Xzra U: Fri Mar 27 01:43:49 -03 2020

ANALIZANDO from:@mfcortes 


ANALIZANDO from:@pelaoNacho 

**FIN******perl parser2.pl 1 U : Fri Mar 27 01:43:52 -03 2020
**INICIO******perl parser2.pl 1 51GtjuDVFbGgpLKbppH4M8Uv4 V67ug41vUT5vRTOT7eCrIl8fsvcIB46IGoYOt5YQ71y0ANGHPg 30951060-DNMk0Fjrgf7XoTw956gpgwtHO04rRyuI1VMkJfWHF iwimJbbp1DEuZ8QbiJE0z3Sbsf0xH7JptFrxMWpq7Xzra U: Fri Mar 27 01:45:32 -03 2020

ANALIZANDO from:@mfcortes 


ANALIZANDO from:@pelaoNacho 

**FIN******perl parser2.pl 1 U : Fri Mar 27 01:45:35 -03 2020
**INICIO******perl parser2.pl 1 51GtjuDVFbGgpLKbppH4M8Uv4 V67ug41vUT5vRTOT7eCrIl8fsvcIB46IGoYOt5YQ71y0ANGHPg 30951060-DNMk0Fjrgf7XoTw956gpgwtHO04rRyuI1VMkJfWHF iwimJbbp1DEuZ8QbiJE0z3Sbsf0xH7JptFrxMWpq7Xzra U: Fri Mar 27 01:47:15 -03 2020

ANALIZANDO from:@mfcortes 


ANALIZANDO from:@pelaoNacho 

**FIN******perl parser2.pl 1 U : Fri Mar 27 01:47:18 -03 2020
**INICIO******perl parser2.pl 1 51GtjuDVFbGgpLKbppH4M8Uv4 V67ug41vUT5vRTOT7eCrIl8fsvcIB46IGoYOt5YQ71y0ANGHPg 30951060-DNMk0Fjrgf7XoTw956gpgwtHO04rRyuI1VMkJfWHF iwimJbbp1DEuZ8QbiJE0z3Sbsf0xH7JptFrxMWpq7Xzra U: Fri Mar 27 01:48:58 -03 2020

ANALIZANDO from:@mfcortes 


ANALIZANDO from:@pelaoNacho 

**FIN******perl parser2.pl 1 U : Fri Mar 27 01:49:00 -03 2020
**INICIO******perl parser2.pl 1 51GtjuDVFbGgpLKbppH4M8Uv4 V67ug41vUT5vRTOT7eCrIl8fsvcIB46IGoYOt5YQ71y0ANGHPg 30951060-DNMk0Fjrgf7XoTw956gpgwtHO04rRyuI1VMkJfWHF iwimJbbp1DEuZ8QbiJE0z3Sbsf0xH7JptFrxMWpq7Xzra U: Fri Mar 27 01:50:40 -03 2020

ANALIZANDO from:@mfcortes 


ANALIZANDO from:@pelaoNacho 

**FIN******perl parser2.pl 1 U : Fri Mar 27 01:50:43 -03 2020
**INICIO******perl parser2.pl 1 51GtjuDVFbGgpLKbppH4M8Uv4 V67ug41vUT5vRTOT7eCrIl8fsvcIB46IGoYOt5YQ71y0ANGHPg 30951060-DNMk0Fjrgf7XoTw956gpgwtHO04rRyuI1VMkJfWHF iwimJbbp1DEuZ8QbiJE0z3Sbsf0xH7JptFrxMWpq7Xzra U: Fri Mar 27 01:52:23 -03 2020

ANALIZANDO from:@mfcortes 


ANALIZANDO from:@pelaoNacho 

**FIN******perl parser2.pl 1 U : Fri Mar 27 01:52:26 -03 2020
**INICIO******perl parser2.pl 1 51GtjuDVFbGgpLKbppH4M8Uv4 V67ug41vUT5vRTOT7eCrIl8fsvcIB46IGoYOt5YQ71y0ANGHPg 30951060-DNMk0Fjrgf7XoTw956gpgwtHO04rRyuI1VMkJfWHF iwimJbbp1DEuZ8QbiJE0z3Sbsf0xH7JptFrxMWpq7Xzra U: Fri Mar 27 01:54:06 -03 2020

ANALIZANDO from:@mfcortes 


ANALIZANDO from:@pelaoNacho 

**FIN******perl parser2.pl 1 U : Fri Mar 27 01:54:09 -03 2020
**INICIO******perl parser2.pl 1 51GtjuDVFbGgpLKbppH4M8Uv4 V67ug41vUT5vRTOT7eCrIl8fsvcIB46IGoYOt5YQ71y0ANGHPg 30951060-DNMk0Fjrgf7XoTw956gpgwtHO04rRyuI1VMkJfWHF iwimJbbp1DEuZ8QbiJE0z3Sbsf0xH7JptFrxMWpq7Xzra U: Fri Mar 27 01:55:49 -03 2020

ANALIZANDO from:@mfcortes 


ANALIZANDO from:@pelaoNacho 

**FIN******perl parser2.pl 1 U : Fri Mar 27 01:55:52 -03 2020
**INICIO******perl parser2.pl 1 51GtjuDVFbGgpLKbppH4M8Uv4 V67ug41vUT5vRTOT7eCrIl8fsvcIB46IGoYOt5YQ71y0ANGHPg 30951060-DNMk0Fjrgf7XoTw956gpgwtHO04rRyuI1VMkJfWHF iwimJbbp1DEuZ8QbiJE0z3Sbsf0xH7JptFrxMWpq7Xzra U: Fri Mar 27 01:57:32 -03 2020

ANALIZANDO from:@mfcortes 


ANALIZANDO from:@pelaoNacho 

**FIN******perl parser2.pl 1 U : Fri Mar 27 01:57:35 -03 2020
**INICIO******perl parser2.pl 1 51GtjuDVFbGgpLKbppH4M8Uv4 V67ug41vUT5vRTOT7eCrIl8fsvcIB46IGoYOt5YQ71y0ANGHPg 30951060-DNMk0Fjrgf7XoTw956gpgwtHO04rRyuI1VMkJfWHF iwimJbbp1DEuZ8QbiJE0z3Sbsf0xH7JptFrxMWpq7Xzra U: Fri Mar 27 01:59:15 -03 2020

ANALIZANDO from:@mfcortes 


ANALIZANDO from:@pelaoNacho 

**FIN******perl parser2.pl 1 U : Fri Mar 27 01:59:17 -03 2020
**INICIO******perl parser2.pl 1 51GtjuDVFbGgpLKbppH4M8Uv4 V67ug41vUT5vRTOT7eCrIl8fsvcIB46IGoYOt5YQ71y0ANGHPg 30951060-DNMk0Fjrgf7XoTw956gpgwtHO04rRyuI1VMkJfWHF iwimJbbp1DEuZ8QbiJE0z3Sbsf0xH7JptFrxMWpq7Xzra U: Fri Mar 27 02:00:57 -03 2020

ANALIZANDO from:@mfcortes 


ANALIZANDO from:@pelaoNacho 

**FIN******perl parser2.pl 1 U : Fri Mar 27 02:01:00 -03 2020
**INICIO******perl parser2.pl 1 51GtjuDVFbGgpLKbppH4M8Uv4 V67ug41vUT5vRTOT7eCrIl8fsvcIB46IGoYOt5YQ71y0ANGHPg 30951060-DNMk0Fjrgf7XoTw956gpgwtHO04rRyuI1VMkJfWHF iwimJbbp1DEuZ8QbiJE0z3Sbsf0xH7JptFrxMWpq7Xzra U: Fri Mar 27 02:02:40 -03 2020

ANALIZANDO from:@mfcortes 


ANALIZANDO from:@pelaoNacho 

**FIN******perl parser2.pl 1 U : Fri Mar 27 02:02:43 -03 2020
**INICIO******perl parser2.pl 1 51GtjuDVFbGgpLKbppH4M8Uv4 V67ug41vUT5vRTOT7eCrIl8fsvcIB46IGoYOt5YQ71y0ANGHPg 30951060-DNMk0Fjrgf7XoTw956gpgwtHO04rRyuI1VMkJfWHF iwimJbbp1DEuZ8QbiJE0z3Sbsf0xH7JptFrxMWpq7Xzra U: Fri Mar 27 02:04:23 -03 2020

ANALIZANDO from:@mfcortes 


ANALIZANDO from:@pelaoNacho 

**FIN******perl parser2.pl 1 U : Fri Mar 27 02:04:26 -03 2020
**INICIO******perl parser2.pl 1 51GtjuDVFbGgpLKbppH4M8Uv4 V67ug41vUT5vRTOT7eCrIl8fsvcIB46IGoYOt5YQ71y0ANGHPg 30951060-DNMk0Fjrgf7XoTw956gpgwtHO04rRyuI1VMkJfWHF iwimJbbp1DEuZ8QbiJE0z3Sbsf0xH7JptFrxMWpq7Xzra U: Fri Mar 27 02:06:06 -03 2020

ANALIZANDO from:@mfcortes 


ANALIZANDO from:@pelaoNacho 

**FIN******perl parser2.pl 1 U : Fri Mar 27 02:06:09 -03 2020
**INICIO******perl parser2.pl 1 51GtjuDVFbGgpLKbppH4M8Uv4 V67ug41vUT5vRTOT7eCrIl8fsvcIB46IGoYOt5YQ71y0ANGHPg 30951060-DNMk0Fjrgf7XoTw956gpgwtHO04rRyuI1VMkJfWHF iwimJbbp1DEuZ8QbiJE0z3Sbsf0xH7JptFrxMWpq7Xzra U: Fri Mar 27 02:07:49 -03 2020

ANALIZANDO from:@mfcortes 


ANALIZANDO from:@pelaoNacho 

**FIN******perl parser2.pl 1 U : Fri Mar 27 02:07:53 -03 2020
**INICIO******perl parser2.pl 1 51GtjuDVFbGgpLKbppH4M8Uv4 V67ug41vUT5vRTOT7eCrIl8fsvcIB46IGoYOt5YQ71y0ANGHPg 30951060-DNMk0Fjrgf7XoTw956gpgwtHO04rRyuI1VMkJfWHF iwimJbbp1DEuZ8QbiJE0z3Sbsf0xH7JptFrxMWpq7Xzra U: Fri Mar 27 02:09:33 -03 2020

ANALIZANDO from:@mfcortes 


ANALIZANDO from:@pelaoNacho 

**FIN******perl parser2.pl 1 U : Fri Mar 27 02:09:36 -03 2020
**INICIO******perl parser2.pl 1 51GtjuDVFbGgpLKbppH4M8Uv4 V67ug41vUT5vRTOT7eCrIl8fsvcIB46IGoYOt5YQ71y0ANGHPg 30951060-DNMk0Fjrgf7XoTw956gpgwtHO04rRyuI1VMkJfWHF iwimJbbp1DEuZ8QbiJE0z3Sbsf0xH7JptFrxMWpq7Xzra U: Fri Mar 27 02:11:16 -03 2020

ANALIZANDO from:@mfcortes 


ANALIZANDO from:@pelaoNacho 

**FIN******perl parser2.pl 1 U : Fri Mar 27 02:11:19 -03 2020
**INICIO******perl parser2.pl 1 51GtjuDVFbGgpLKbppH4M8Uv4 V67ug41vUT5vRTOT7eCrIl8fsvcIB46IGoYOt5YQ71y0ANGHPg 30951060-DNMk0Fjrgf7XoTw956gpgwtHO04rRyuI1VMkJfWHF iwimJbbp1DEuZ8QbiJE0z3Sbsf0xH7JptFrxMWpq7Xzra U: Fri Mar 27 02:12:59 -03 2020

ANALIZANDO from:@mfcortes 


ANALIZANDO from:@pelaoNacho 

**FIN******perl parser2.pl 1 U : Fri Mar 27 02:13:02 -03 2020
**INICIO******perl parser2.pl 1 51GtjuDVFbGgpLKbppH4M8Uv4 V67ug41vUT5vRTOT7eCrIl8fsvcIB46IGoYOt5YQ71y0ANGHPg 30951060-DNMk0Fjrgf7XoTw956gpgwtHO04rRyuI1VMkJfWHF iwimJbbp1DEuZ8QbiJE0z3Sbsf0xH7JptFrxMWpq7Xzra U: Fri Mar 27 02:14:42 -03 2020

ANALIZANDO from:@mfcortes 


ANALIZANDO from:@pelaoNacho 

**FIN******perl parser2.pl 1 U : Fri Mar 27 02:14:44 -03 2020
**INICIO******perl parser2.pl 1 51GtjuDVFbGgpLKbppH4M8Uv4 V67ug41vUT5vRTOT7eCrIl8fsvcIB46IGoYOt5YQ71y0ANGHPg 30951060-DNMk0Fjrgf7XoTw956gpgwtHO04rRyuI1VMkJfWHF iwimJbbp1DEuZ8QbiJE0z3Sbsf0xH7JptFrxMWpq7Xzra U: Fri Mar 27 02:16:24 -03 2020

ANALIZANDO from:@mfcortes 


ANALIZANDO from:@pelaoNacho 

**FIN******perl parser2.pl 1 U : Fri Mar 27 02:16:28 -03 2020
**INICIO******perl parser2.pl 1 51GtjuDVFbGgpLKbppH4M8Uv4 V67ug41vUT5vRTOT7eCrIl8fsvcIB46IGoYOt5YQ71y0ANGHPg 30951060-DNMk0Fjrgf7XoTw956gpgwtHO04rRyuI1VMkJfWHF iwimJbbp1DEuZ8QbiJE0z3Sbsf0xH7JptFrxMWpq7Xzra U: Fri Mar 27 02:18:08 -03 2020

ANALIZANDO from:@mfcortes 


ANALIZANDO from:@pelaoNacho 

**FIN******perl parser2.pl 1 U : Fri Mar 27 02:18:11 -03 2020
**INICIO******perl parser2.pl 1 51GtjuDVFbGgpLKbppH4M8Uv4 V67ug41vUT5vRTOT7eCrIl8fsvcIB46IGoYOt5YQ71y0ANGHPg 30951060-DNMk0Fjrgf7XoTw956gpgwtHO04rRyuI1VMkJfWHF iwimJbbp1DEuZ8QbiJE0z3Sbsf0xH7JptFrxMWpq7Xzra U: Fri Mar 27 02:19:51 -03 2020

ANALIZANDO from:@mfcortes 


ANALIZANDO from:@pelaoNacho 

**FIN******perl parser2.pl 1 U : Fri Mar 27 02:19:54 -03 2020
**INICIO******perl parser2.pl 1 51GtjuDVFbGgpLKbppH4M8Uv4 V67ug41vUT5vRTOT7eCrIl8fsvcIB46IGoYOt5YQ71y0ANGHPg 30951060-DNMk0Fjrgf7XoTw956gpgwtHO04rRyuI1VMkJfWHF iwimJbbp1DEuZ8QbiJE0z3Sbsf0xH7JptFrxMWpq7Xzra U: Fri Mar 27 02:21:34 -03 2020

ANALIZANDO from:@mfcortes 


ANALIZANDO from:@pelaoNacho 

**FIN******perl parser2.pl 1 U : Fri Mar 27 02:21:37 -03 2020
**INICIO******perl parser2.pl 1 51GtjuDVFbGgpLKbppH4M8Uv4 V67ug41vUT5vRTOT7eCrIl8fsvcIB46IGoYOt5YQ71y0ANGHPg 30951060-DNMk0Fjrgf7XoTw956gpgwtHO04rRyuI1VMkJfWHF iwimJbbp1DEuZ8QbiJE0z3Sbsf0xH7JptFrxMWpq7Xzra U: Fri Mar 27 02:23:17 -03 2020

ANALIZANDO from:@mfcortes 


ANALIZANDO from:@pelaoNacho 

**FIN******perl parser2.pl 1 U : Fri Mar 27 02:23:19 -03 2020
**INICIO******perl parser2.pl 1 51GtjuDVFbGgpLKbppH4M8Uv4 V67ug41vUT5vRTOT7eCrIl8fsvcIB46IGoYOt5YQ71y0ANGHPg 30951060-DNMk0Fjrgf7XoTw956gpgwtHO04rRyuI1VMkJfWHF iwimJbbp1DEuZ8QbiJE0z3Sbsf0xH7JptFrxMWpq7Xzra U: Fri Mar 27 02:24:59 -03 2020

ANALIZANDO from:@mfcortes 


ANALIZANDO from:@pelaoNacho 

**FIN******perl parser2.pl 1 U : Fri Mar 27 02:25:02 -03 2020
**INICIO******perl parser2.pl 1 51GtjuDVFbGgpLKbppH4M8Uv4 V67ug41vUT5vRTOT7eCrIl8fsvcIB46IGoYOt5YQ71y0ANGHPg 30951060-DNMk0Fjrgf7XoTw956gpgwtHO04rRyuI1VMkJfWHF iwimJbbp1DEuZ8QbiJE0z3Sbsf0xH7JptFrxMWpq7Xzra U: Fri Mar 27 02:26:42 -03 2020

ANALIZANDO from:@mfcortes 


ANALIZANDO from:@pelaoNacho 

**FIN******perl parser2.pl 1 U : Fri Mar 27 02:26:44 -03 2020
**INICIO******perl parser2.pl 1 51GtjuDVFbGgpLKbppH4M8Uv4 V67ug41vUT5vRTOT7eCrIl8fsvcIB46IGoYOt5YQ71y0ANGHPg 30951060-DNMk0Fjrgf7XoTw956gpgwtHO04rRyuI1VMkJfWHF iwimJbbp1DEuZ8QbiJE0z3Sbsf0xH7JptFrxMWpq7Xzra U: Fri Mar 27 02:28:25 -03 2020

ANALIZANDO from:@mfcortes 


ANALIZANDO from:@pelaoNacho 

**FIN******perl parser2.pl 1 U : Fri Mar 27 02:28:27 -03 2020
**INICIO******perl parser2.pl 1 51GtjuDVFbGgpLKbppH4M8Uv4 V67ug41vUT5vRTOT7eCrIl8fsvcIB46IGoYOt5YQ71y0ANGHPg 30951060-DNMk0Fjrgf7XoTw956gpgwtHO04rRyuI1VMkJfWHF iwimJbbp1DEuZ8QbiJE0z3Sbsf0xH7JptFrxMWpq7Xzra U: Fri Mar 27 02:30:07 -03 2020

ANALIZANDO from:@mfcortes 


ANALIZANDO from:@pelaoNacho 

**FIN******perl parser2.pl 1 U : Fri Mar 27 02:30:10 -03 2020
**INICIO******perl parser2.pl 1 51GtjuDVFbGgpLKbppH4M8Uv4 V67ug41vUT5vRTOT7eCrIl8fsvcIB46IGoYOt5YQ71y0ANGHPg 30951060-DNMk0Fjrgf7XoTw956gpgwtHO04rRyuI1VMkJfWHF iwimJbbp1DEuZ8QbiJE0z3Sbsf0xH7JptFrxMWpq7Xzra U: Fri Mar 27 02:31:50 -03 2020

ANALIZANDO from:@mfcortes 


ANALIZANDO from:@pelaoNacho 

**FIN******perl parser2.pl 1 U : Fri Mar 27 02:31:53 -03 2020
**INICIO******perl parser2.pl 1 51GtjuDVFbGgpLKbppH4M8Uv4 V67ug41vUT5vRTOT7eCrIl8fsvcIB46IGoYOt5YQ71y0ANGHPg 30951060-DNMk0Fjrgf7XoTw956gpgwtHO04rRyuI1VMkJfWHF iwimJbbp1DEuZ8QbiJE0z3Sbsf0xH7JptFrxMWpq7Xzra U: Fri Mar 27 02:33:33 -03 2020

ANALIZANDO from:@mfcortes 


ANALIZANDO from:@pelaoNacho 

**FIN******perl parser2.pl 1 U : Fri Mar 27 02:33:36 -03 2020
**INICIO******perl parser2.pl 1 51GtjuDVFbGgpLKbppH4M8Uv4 V67ug41vUT5vRTOT7eCrIl8fsvcIB46IGoYOt5YQ71y0ANGHPg 30951060-DNMk0Fjrgf7XoTw956gpgwtHO04rRyuI1VMkJfWHF iwimJbbp1DEuZ8QbiJE0z3Sbsf0xH7JptFrxMWpq7Xzra U: Fri Mar 27 02:35:16 -03 2020

ANALIZANDO from:@mfcortes 


ANALIZANDO from:@pelaoNacho 

**FIN******perl parser2.pl 1 U : Fri Mar 27 02:35:18 -03 2020
**INICIO******perl parser2.pl 1 51GtjuDVFbGgpLKbppH4M8Uv4 V67ug41vUT5vRTOT7eCrIl8fsvcIB46IGoYOt5YQ71y0ANGHPg 30951060-DNMk0Fjrgf7XoTw956gpgwtHO04rRyuI1VMkJfWHF iwimJbbp1DEuZ8QbiJE0z3Sbsf0xH7JptFrxMWpq7Xzra U: Fri Mar 27 02:36:58 -03 2020

ANALIZANDO from:@mfcortes 


ANALIZANDO from:@pelaoNacho 

**FIN******perl parser2.pl 1 U : Fri Mar 27 02:37:01 -03 2020
**INICIO******perl parser2.pl 1 51GtjuDVFbGgpLKbppH4M8Uv4 V67ug41vUT5vRTOT7eCrIl8fsvcIB46IGoYOt5YQ71y0ANGHPg 30951060-DNMk0Fjrgf7XoTw956gpgwtHO04rRyuI1VMkJfWHF iwimJbbp1DEuZ8QbiJE0z3Sbsf0xH7JptFrxMWpq7Xzra U: Fri Mar 27 02:38:41 -03 2020

ANALIZANDO from:@mfcortes 


ANALIZANDO from:@pelaoNacho 

**FIN******perl parser2.pl 1 U : Fri Mar 27 02:38:44 -03 2020
**INICIO******perl parser2.pl 1 51GtjuDVFbGgpLKbppH4M8Uv4 V67ug41vUT5vRTOT7eCrIl8fsvcIB46IGoYOt5YQ71y0ANGHPg 30951060-DNMk0Fjrgf7XoTw956gpgwtHO04rRyuI1VMkJfWHF iwimJbbp1DEuZ8QbiJE0z3Sbsf0xH7JptFrxMWpq7Xzra U: Fri Mar 27 02:40:24 -03 2020

ANALIZANDO from:@mfcortes 


ANALIZANDO from:@pelaoNacho 

**FIN******perl parser2.pl 1 U : Fri Mar 27 02:40:26 -03 2020
**INICIO******perl parser2.pl 1 51GtjuDVFbGgpLKbppH4M8Uv4 V67ug41vUT5vRTOT7eCrIl8fsvcIB46IGoYOt5YQ71y0ANGHPg 30951060-DNMk0Fjrgf7XoTw956gpgwtHO04rRyuI1VMkJfWHF iwimJbbp1DEuZ8QbiJE0z3Sbsf0xH7JptFrxMWpq7Xzra U: Fri Mar 27 02:42:06 -03 2020

ANALIZANDO from:@mfcortes 


ANALIZANDO from:@pelaoNacho 

**FIN******perl parser2.pl 1 U : Fri Mar 27 02:42:09 -03 2020
**INICIO******perl parser2.pl 1 51GtjuDVFbGgpLKbppH4M8Uv4 V67ug41vUT5vRTOT7eCrIl8fsvcIB46IGoYOt5YQ71y0ANGHPg 30951060-DNMk0Fjrgf7XoTw956gpgwtHO04rRyuI1VMkJfWHF iwimJbbp1DEuZ8QbiJE0z3Sbsf0xH7JptFrxMWpq7Xzra U: Fri Mar 27 02:43:49 -03 2020

ANALIZANDO from:@mfcortes 


ANALIZANDO from:@pelaoNacho 

**FIN******perl parser2.pl 1 U : Fri Mar 27 02:43:52 -03 2020
**INICIO******perl parser2.pl 1 51GtjuDVFbGgpLKbppH4M8Uv4 V67ug41vUT5vRTOT7eCrIl8fsvcIB46IGoYOt5YQ71y0ANGHPg 30951060-DNMk0Fjrgf7XoTw956gpgwtHO04rRyuI1VMkJfWHF iwimJbbp1DEuZ8QbiJE0z3Sbsf0xH7JptFrxMWpq7Xzra U: Fri Mar 27 02:45:32 -03 2020

ANALIZANDO from:@mfcortes 


ANALIZANDO from:@pelaoNacho 

**FIN******perl parser2.pl 1 U : Fri Mar 27 02:45:35 -03 2020
**INICIO******perl parser2.pl 1 51GtjuDVFbGgpLKbppH4M8Uv4 V67ug41vUT5vRTOT7eCrIl8fsvcIB46IGoYOt5YQ71y0ANGHPg 30951060-DNMk0Fjrgf7XoTw956gpgwtHO04rRyuI1VMkJfWHF iwimJbbp1DEuZ8QbiJE0z3Sbsf0xH7JptFrxMWpq7Xzra U: Fri Mar 27 02:47:15 -03 2020

ANALIZANDO from:@mfcortes 


ANALIZANDO from:@pelaoNacho 

**FIN******perl parser2.pl 1 U : Fri Mar 27 02:47:20 -03 2020
**INICIO******perl parser2.pl 1 51GtjuDVFbGgpLKbppH4M8Uv4 V67ug41vUT5vRTOT7eCrIl8fsvcIB46IGoYOt5YQ71y0ANGHPg 30951060-DNMk0Fjrgf7XoTw956gpgwtHO04rRyuI1VMkJfWHF iwimJbbp1DEuZ8QbiJE0z3Sbsf0xH7JptFrxMWpq7Xzra U: Fri Mar 27 02:49:00 -03 2020

ANALIZANDO from:@mfcortes 


ANALIZANDO from:@pelaoNacho 

**FIN******perl parser2.pl 1 U : Fri Mar 27 02:49:06 -03 2020
**INICIO******perl parser2.pl 1 51GtjuDVFbGgpLKbppH4M8Uv4 V67ug41vUT5vRTOT7eCrIl8fsvcIB46IGoYOt5YQ71y0ANGHPg 30951060-DNMk0Fjrgf7XoTw956gpgwtHO04rRyuI1VMkJfWHF iwimJbbp1DEuZ8QbiJE0z3Sbsf0xH7JptFrxMWpq7Xzra U: Fri Mar 27 02:50:46 -03 2020

ANALIZANDO from:@mfcortes 


ANALIZANDO from:@mirkomacari 


ANALIZANDO from:@pelaoNacho 

**FIN******perl parser2.pl 1 U : Fri Mar 27 02:51:43 -03 2020
**INICIO******perl parser2.pl 1 51GtjuDVFbGgpLKbppH4M8Uv4 V67ug41vUT5vRTOT7eCrIl8fsvcIB46IGoYOt5YQ71y0ANGHPg 30951060-DNMk0Fjrgf7XoTw956gpgwtHO04rRyuI1VMkJfWHF iwimJbbp1DEuZ8QbiJE0z3Sbsf0xH7JptFrxMWpq7Xzra U: Fri Mar 27 02:53:23 -03 2020

ANALIZANDO from:@mfcortes 


ANALIZANDO from:@mirkomacari 


ANALIZANDO from:@pelaoNacho 

**FIN******perl parser2.pl 1 U : Fri Mar 27 02:53:27 -03 2020
**INICIO******perl parser2.pl 1 51GtjuDVFbGgpLKbppH4M8Uv4 V67ug41vUT5vRTOT7eCrIl8fsvcIB46IGoYOt5YQ71y0ANGHPg 30951060-DNMk0Fjrgf7XoTw956gpgwtHO04rRyuI1VMkJfWHF iwimJbbp1DEuZ8QbiJE0z3Sbsf0xH7JptFrxMWpq7Xzra U: Fri Mar 27 02:55:07 -03 2020

ANALIZANDO from:@mfcortes 


ANALIZANDO from:@mirkomacari 


ANALIZANDO from:@pelaoNacho 

**FIN******perl parser2.pl 1 U : Fri Mar 27 02:55:12 -03 2020
**INICIO******perl parser2.pl 1 51GtjuDVFbGgpLKbppH4M8Uv4 V67ug41vUT5vRTOT7eCrIl8fsvcIB46IGoYOt5YQ71y0ANGHPg 30951060-DNMk0Fjrgf7XoTw956gpgwtHO04rRyuI1VMkJfWHF iwimJbbp1DEuZ8QbiJE0z3Sbsf0xH7JptFrxMWpq7Xzra U: Fri Mar 27 02:56:52 -03 2020

ANALIZANDO from:@mfcortes 


ANALIZANDO from:@mirkomacari 


ANALIZANDO from:@pelaoNacho 

**FIN******perl parser2.pl 1 U : Fri Mar 27 02:56:56 -03 2020
**INICIO******perl parser2.pl 1 51GtjuDVFbGgpLKbppH4M8Uv4 V67ug41vUT5vRTOT7eCrIl8fsvcIB46IGoYOt5YQ71y0ANGHPg 30951060-DNMk0Fjrgf7XoTw956gpgwtHO04rRyuI1VMkJfWHF iwimJbbp1DEuZ8QbiJE0z3Sbsf0xH7JptFrxMWpq7Xzra U: Fri Mar 27 02:58:36 -03 2020

ANALIZANDO from:@mfcortes 


ANALIZANDO from:@mirkomacari 


ANALIZANDO from:@pelaoNacho 

**FIN******perl parser2.pl 1 U : Fri Mar 27 02:58:40 -03 2020
**INICIO******perl parser2.pl 1 51GtjuDVFbGgpLKbppH4M8Uv4 V67ug41vUT5vRTOT7eCrIl8fsvcIB46IGoYOt5YQ71y0ANGHPg 30951060-DNMk0Fjrgf7XoTw956gpgwtHO04rRyuI1VMkJfWHF iwimJbbp1DEuZ8QbiJE0z3Sbsf0xH7JptFrxMWpq7Xzra U: Fri Mar 27 03:00:20 -03 2020

ANALIZANDO from:@mfcortes 


ANALIZANDO from:@mirkomacari 


ANALIZANDO from:@pelaoNacho 

**FIN******perl parser2.pl 1 U : Fri Mar 27 03:00:24 -03 2020
**INICIO******perl parser2.pl 1 51GtjuDVFbGgpLKbppH4M8Uv4 V67ug41vUT5vRTOT7eCrIl8fsvcIB46IGoYOt5YQ71y0ANGHPg 30951060-DNMk0Fjrgf7XoTw956gpgwtHO04rRyuI1VMkJfWHF iwimJbbp1DEuZ8QbiJE0z3Sbsf0xH7JptFrxMWpq7Xzra U: Fri Mar 27 03:02:04 -03 2020

ANALIZANDO from:@mfcortes 


ANALIZANDO from:@mirkomacari 


ANALIZANDO from:@pelaoNacho 

**FIN******perl parser2.pl 1 U : Fri Mar 27 03:02:10 -03 2020
**INICIO******perl parser2.pl 1 51GtjuDVFbGgpLKbppH4M8Uv4 V67ug41vUT5vRTOT7eCrIl8fsvcIB46IGoYOt5YQ71y0ANGHPg 30951060-DNMk0Fjrgf7XoTw956gpgwtHO04rRyuI1VMkJfWHF iwimJbbp1DEuZ8QbiJE0z3Sbsf0xH7JptFrxMWpq7Xzra U: Fri Mar 27 03:03:50 -03 2020

ANALIZANDO from:@mfcortes 


ANALIZANDO from:@mirkomacari 


ANALIZANDO from:@pelaoNacho 

**FIN******perl parser2.pl 1 U : Fri Mar 27 03:03:54 -03 2020
**INICIO******perl parser2.pl 1 51GtjuDVFbGgpLKbppH4M8Uv4 V67ug41vUT5vRTOT7eCrIl8fsvcIB46IGoYOt5YQ71y0ANGHPg 30951060-DNMk0Fjrgf7XoTw956gpgwtHO04rRyuI1VMkJfWHF iwimJbbp1DEuZ8QbiJE0z3Sbsf0xH7JptFrxMWpq7Xzra U: Fri Mar 27 03:05:34 -03 2020

ANALIZANDO from:@mfcortes 


ANALIZANDO from:@mirkomacari 


ANALIZANDO from:@pelaoNacho 

**INICIO******perl parser2.pl 1 51GtjuDVFbGgpLKbppH4M8Uv4 V67ug41vUT5vRTOT7eCrIl8fsvcIB46IGoYOt5YQ71y0ANGHPg 30951060-DNMk0Fjrgf7XoTw956gpgwtHO04rRyuI1VMkJfWHF iwimJbbp1DEuZ8QbiJE0z3Sbsf0xH7JptFrxMWpq7Xzra U: Fri Mar 27 14:05:26 -03 2020

ANALIZANDO from:@mfcortes 


ANALIZANDO from:@mirkomacari 


ANALIZANDO from:@PamJiles 


ANALIZANDO from:@pelaoNacho 

**FIN******perl parser2.pl 1 U : Fri Mar 27 14:06:59 -03 2020
**INICIO******perl parser2.pl 1 51GtjuDVFbGgpLKbppH4M8Uv4 V67ug41vUT5vRTOT7eCrIl8fsvcIB46IGoYOt5YQ71y0ANGHPg 30951060-DNMk0Fjrgf7XoTw956gpgwtHO04rRyuI1VMkJfWHF iwimJbbp1DEuZ8QbiJE0z3Sbsf0xH7JptFrxMWpq7Xzra U: Fri Mar 27 14:08:39 -03 2020

ANALIZANDO from:@mfcortes 


ANALIZANDO from:@mirkomacari 


ANALIZANDO from:@PamJiles 


ANALIZANDO from:@pelaoNacho 

**FIN******perl parser2.pl 1 U : Fri Mar 27 14:08:44 -03 2020
**INICIO******perl parser2.pl 1 51GtjuDVFbGgpLKbppH4M8Uv4 V67ug41vUT5vRTOT7eCrIl8fsvcIB46IGoYOt5YQ71y0ANGHPg 30951060-DNMk0Fjrgf7XoTw956gpgwtHO04rRyuI1VMkJfWHF iwimJbbp1DEuZ8QbiJE0z3Sbsf0xH7JptFrxMWpq7Xzra U: Fri Mar 27 14:10:24 -03 2020

ANALIZANDO from:@mfcortes 


ANALIZANDO from:@mirkomacari 


ANALIZANDO from:@PamJiles 


ANALIZANDO from:@pelaoNacho 

**FIN******perl parser2.pl 1 U : Fri Mar 27 14:10:29 -03 2020
**INICIO******perl parser2.pl 1 51GtjuDVFbGgpLKbppH4M8Uv4 V67ug41vUT5vRTOT7eCrIl8fsvcIB46IGoYOt5YQ71y0ANGHPg 30951060-DNMk0Fjrgf7XoTw956gpgwtHO04rRyuI1VMkJfWHF iwimJbbp1DEuZ8QbiJE0z3Sbsf0xH7JptFrxMWpq7Xzra U: Fri Mar 27 14:12:09 -03 2020

ANALIZANDO from:@mfcortes 


ANALIZANDO from:@mirkomacari 


ANALIZANDO from:@PamJiles 


ANALIZANDO from:@pelaoNacho 

**FIN******perl parser2.pl 1 U : Fri Mar 27 14:12:14 -03 2020
**INICIO******perl parser2.pl 1 51GtjuDVFbGgpLKbppH4M8Uv4 V67ug41vUT5vRTOT7eCrIl8fsvcIB46IGoYOt5YQ71y0ANGHPg 30951060-DNMk0Fjrgf7XoTw956gpgwtHO04rRyuI1VMkJfWHF iwimJbbp1DEuZ8QbiJE0z3Sbsf0xH7JptFrxMWpq7Xzra U: Fri Mar 27 14:13:54 -03 2020

ANALIZANDO from:@mfcortes 


ANALIZANDO from:@mirkomacari 


ANALIZANDO from:@PamJiles 


ANALIZANDO from:@pelaoNacho 

**FIN******perl parser2.pl 1 U : Fri Mar 27 14:13:59 -03 2020
**INICIO******perl parser2.pl 1 51GtjuDVFbGgpLKbppH4M8Uv4 V67ug41vUT5vRTOT7eCrIl8fsvcIB46IGoYOt5YQ71y0ANGHPg 30951060-DNMk0Fjrgf7XoTw956gpgwtHO04rRyuI1VMkJfWHF iwimJbbp1DEuZ8QbiJE0z3Sbsf0xH7JptFrxMWpq7Xzra U: Fri Mar 27 14:15:39 -03 2020

ANALIZANDO from:@mfcortes 


ANALIZANDO from:@mirkomacari 


ANALIZANDO from:@PamJiles 


ANALIZANDO from:@pelaoNacho 

**FIN******perl parser2.pl 1 U : Fri Mar 27 14:15:43 -03 2020
**INICIO******perl parser2.pl 1 51GtjuDVFbGgpLKbppH4M8Uv4 V67ug41vUT5vRTOT7eCrIl8fsvcIB46IGoYOt5YQ71y0ANGHPg 30951060-DNMk0Fjrgf7XoTw956gpgwtHO04rRyuI1VMkJfWHF iwimJbbp1DEuZ8QbiJE0z3Sbsf0xH7JptFrxMWpq7Xzra U: Fri Mar 27 14:17:23 -03 2020

ANALIZANDO from:@mfcortes 


ANALIZANDO from:@mirkomacari 


ANALIZANDO from:@PamJiles 


ANALIZANDO from:@pelaoNacho 

**FIN******perl parser2.pl 1 U : Fri Mar 27 14:17:28 -03 2020
**INICIO******perl parser2.pl 1 51GtjuDVFbGgpLKbppH4M8Uv4 V67ug41vUT5vRTOT7eCrIl8fsvcIB46IGoYOt5YQ71y0ANGHPg 30951060-DNMk0Fjrgf7XoTw956gpgwtHO04rRyuI1VMkJfWHF iwimJbbp1DEuZ8QbiJE0z3Sbsf0xH7JptFrxMWpq7Xzra U: Fri Mar 27 14:19:08 -03 2020

ANALIZANDO from:@mfcortes 


ANALIZANDO from:@mirkomacari 


ANALIZANDO from:@PamJiles 


ANALIZANDO from:@pelaoNacho 

**FIN******perl parser2.pl 1 U : Fri Mar 27 14:19:13 -03 2020
**INICIO******perl parser2.pl 1 51GtjuDVFbGgpLKbppH4M8Uv4 V67ug41vUT5vRTOT7eCrIl8fsvcIB46IGoYOt5YQ71y0ANGHPg 30951060-DNMk0Fjrgf7XoTw956gpgwtHO04rRyuI1VMkJfWHF iwimJbbp1DEuZ8QbiJE0z3Sbsf0xH7JptFrxMWpq7Xzra U: Fri Mar 27 14:20:53 -03 2020

ANALIZANDO from:@mfcortes 


ANALIZANDO from:@mirkomacari 


ANALIZANDO from:@PamJiles 


ANALIZANDO from:@pelaoNacho 

**FIN******perl parser2.pl 1 U : Fri Mar 27 14:20:58 -03 2020
**INICIO******perl parser2.pl 1 51GtjuDVFbGgpLKbppH4M8Uv4 V67ug41vUT5vRTOT7eCrIl8fsvcIB46IGoYOt5YQ71y0ANGHPg 30951060-DNMk0Fjrgf7XoTw956gpgwtHO04rRyuI1VMkJfWHF iwimJbbp1DEuZ8QbiJE0z3Sbsf0xH7JptFrxMWpq7Xzra U: Fri Mar 27 14:22:38 -03 2020

ANALIZANDO from:@mfcortes 


ANALIZANDO from:@mirkomacari 


ANALIZANDO from:@PamJiles 


ANALIZANDO from:@pelaoNacho 

**FIN******perl parser2.pl 1 U : Fri Mar 27 14:22:43 -03 2020
**INICIO******perl parser2.pl 1 51GtjuDVFbGgpLKbppH4M8Uv4 V67ug41vUT5vRTOT7eCrIl8fsvcIB46IGoYOt5YQ71y0ANGHPg 30951060-DNMk0Fjrgf7XoTw956gpgwtHO04rRyuI1VMkJfWHF iwimJbbp1DEuZ8QbiJE0z3Sbsf0xH7JptFrxMWpq7Xzra U: Fri Mar 27 14:24:23 -03 2020

ANALIZANDO from:@mfcortes 


ANALIZANDO from:@mirkomacari 


ANALIZANDO from:@PamJiles 


ANALIZANDO from:@pelaoNacho 

**FIN******perl parser2.pl 1 U : Fri Mar 27 14:24:27 -03 2020
**INICIO******perl parser2.pl 1 51GtjuDVFbGgpLKbppH4M8Uv4 V67ug41vUT5vRTOT7eCrIl8fsvcIB46IGoYOt5YQ71y0ANGHPg 30951060-DNMk0Fjrgf7XoTw956gpgwtHO04rRyuI1VMkJfWHF iwimJbbp1DEuZ8QbiJE0z3Sbsf0xH7JptFrxMWpq7Xzra U: Fri Mar 27 14:26:07 -03 2020

ANALIZANDO from:@mfcortes 


ANALIZANDO from:@mirkomacari 


ANALIZANDO from:@PamJiles 


ANALIZANDO from:@pelaoNacho 

**FIN******perl parser2.pl 1 U : Fri Mar 27 14:26:12 -03 2020
**INICIO******perl parser2.pl 1 51GtjuDVFbGgpLKbppH4M8Uv4 V67ug41vUT5vRTOT7eCrIl8fsvcIB46IGoYOt5YQ71y0ANGHPg 30951060-DNMk0Fjrgf7XoTw956gpgwtHO04rRyuI1VMkJfWHF iwimJbbp1DEuZ8QbiJE0z3Sbsf0xH7JptFrxMWpq7Xzra U: Fri Mar 27 14:27:52 -03 2020

ANALIZANDO from:@mfcortes 


ANALIZANDO from:@mirkomacari 


ANALIZANDO from:@PamJiles 


ANALIZANDO from:@pelaoNacho 

**FIN******perl parser2.pl 1 U : Fri Mar 27 14:27:57 -03 2020
**INICIO******perl parser2.pl 1 51GtjuDVFbGgpLKbppH4M8Uv4 V67ug41vUT5vRTOT7eCrIl8fsvcIB46IGoYOt5YQ71y0ANGHPg 30951060-DNMk0Fjrgf7XoTw956gpgwtHO04rRyuI1VMkJfWHF iwimJbbp1DEuZ8QbiJE0z3Sbsf0xH7JptFrxMWpq7Xzra U: Fri Mar 27 14:29:37 -03 2020

ANALIZANDO from:@mfcortes 


ANALIZANDO from:@mirkomacari 


ANALIZANDO from:@PamJiles 


ANALIZANDO from:@pelaoNacho 

**FIN******perl parser2.pl 1 U : Fri Mar 27 14:29:42 -03 2020
**INICIO******perl parser2.pl 1 51GtjuDVFbGgpLKbppH4M8Uv4 V67ug41vUT5vRTOT7eCrIl8fsvcIB46IGoYOt5YQ71y0ANGHPg 30951060-DNMk0Fjrgf7XoTw956gpgwtHO04rRyuI1VMkJfWHF iwimJbbp1DEuZ8QbiJE0z3Sbsf0xH7JptFrxMWpq7Xzra U: Fri Mar 27 14:31:22 -03 2020

ANALIZANDO from:@mfcortes 


ANALIZANDO from:@mirkomacari 


ANALIZANDO from:@PamJiles 


ANALIZANDO from:@pelaoNacho 

**FIN******perl parser2.pl 1 U : Fri Mar 27 14:31:27 -03 2020
**INICIO******perl parser2.pl 1 51GtjuDVFbGgpLKbppH4M8Uv4 V67ug41vUT5vRTOT7eCrIl8fsvcIB46IGoYOt5YQ71y0ANGHPg 30951060-DNMk0Fjrgf7XoTw956gpgwtHO04rRyuI1VMkJfWHF iwimJbbp1DEuZ8QbiJE0z3Sbsf0xH7JptFrxMWpq7Xzra U: Fri Mar 27 14:33:07 -03 2020

ANALIZANDO from:@mfcortes 


ANALIZANDO from:@mirkomacari 


ANALIZANDO from:@PamJiles 


ANALIZANDO from:@pelaoNacho 

**FIN******perl parser2.pl 1 U : Fri Mar 27 14:33:12 -03 2020
**INICIO******perl parser2.pl 1 51GtjuDVFbGgpLKbppH4M8Uv4 V67ug41vUT5vRTOT7eCrIl8fsvcIB46IGoYOt5YQ71y0ANGHPg 30951060-DNMk0Fjrgf7XoTw956gpgwtHO04rRyuI1VMkJfWHF iwimJbbp1DEuZ8QbiJE0z3Sbsf0xH7JptFrxMWpq7Xzra U: Fri Mar 27 14:34:52 -03 2020

ANALIZANDO from:@mfcortes 


ANALIZANDO from:@mirkomacari 


ANALIZANDO from:@PamJiles 


ANALIZANDO from:@pelaoNacho 

**FIN******perl parser2.pl 1 U : Fri Mar 27 14:34:57 -03 2020
**INICIO******perl parser2.pl 1 51GtjuDVFbGgpLKbppH4M8Uv4 V67ug41vUT5vRTOT7eCrIl8fsvcIB46IGoYOt5YQ71y0ANGHPg 30951060-DNMk0Fjrgf7XoTw956gpgwtHO04rRyuI1VMkJfWHF iwimJbbp1DEuZ8QbiJE0z3Sbsf0xH7JptFrxMWpq7Xzra U: Fri Mar 27 14:36:37 -03 2020

ANALIZANDO from:@mfcortes 


ANALIZANDO from:@mirkomacari 


ANALIZANDO from:@PamJiles 


ANALIZANDO from:@pelaoNacho 

**FIN******perl parser2.pl 1 U : Fri Mar 27 14:36:42 -03 2020
**INICIO******perl parser2.pl 1 51GtjuDVFbGgpLKbppH4M8Uv4 V67ug41vUT5vRTOT7eCrIl8fsvcIB46IGoYOt5YQ71y0ANGHPg 30951060-DNMk0Fjrgf7XoTw956gpgwtHO04rRyuI1VMkJfWHF iwimJbbp1DEuZ8QbiJE0z3Sbsf0xH7JptFrxMWpq7Xzra U: Fri Mar 27 14:38:22 -03 2020

ANALIZANDO from:@mfcortes 


ANALIZANDO from:@mirkomacari 


ANALIZANDO from:@PamJiles 


ANALIZANDO from:@pelaoNacho 

**FIN******perl parser2.pl 1 U : Fri Mar 27 14:38:27 -03 2020
**INICIO******perl parser2.pl 1 51GtjuDVFbGgpLKbppH4M8Uv4 V67ug41vUT5vRTOT7eCrIl8fsvcIB46IGoYOt5YQ71y0ANGHPg 30951060-DNMk0Fjrgf7XoTw956gpgwtHO04rRyuI1VMkJfWHF iwimJbbp1DEuZ8QbiJE0z3Sbsf0xH7JptFrxMWpq7Xzra U: Fri Mar 27 14:40:07 -03 2020

ANALIZANDO from:@mfcortes 


ANALIZANDO from:@mirkomacari 


ANALIZANDO from:@PamJiles 


ANALIZANDO from:@pelaoNacho 

**FIN******perl parser2.pl 1 U : Fri Mar 27 14:40:12 -03 2020
**INICIO******perl parser2.pl 1 51GtjuDVFbGgpLKbppH4M8Uv4 V67ug41vUT5vRTOT7eCrIl8fsvcIB46IGoYOt5YQ71y0ANGHPg 30951060-DNMk0Fjrgf7XoTw956gpgwtHO04rRyuI1VMkJfWHF iwimJbbp1DEuZ8QbiJE0z3Sbsf0xH7JptFrxMWpq7Xzra U: Fri Mar 27 14:41:52 -03 2020

ANALIZANDO from:@mfcortes 


ANALIZANDO from:@mirkomacari 


ANALIZANDO from:@PamJiles 


ANALIZANDO from:@pelaoNacho 

**FIN******perl parser2.pl 1 U : Fri Mar 27 14:41:57 -03 2020
**INICIO******perl parser2.pl 1 51GtjuDVFbGgpLKbppH4M8Uv4 V67ug41vUT5vRTOT7eCrIl8fsvcIB46IGoYOt5YQ71y0ANGHPg 30951060-DNMk0Fjrgf7XoTw956gpgwtHO04rRyuI1VMkJfWHF iwimJbbp1DEuZ8QbiJE0z3Sbsf0xH7JptFrxMWpq7Xzra U: Fri Mar 27 14:43:37 -03 2020

ANALIZANDO from:@mfcortes 


ANALIZANDO from:@mirkomacari 


ANALIZANDO from:@PamJiles 


ANALIZANDO from:@pelaoNacho 

**FIN******perl parser2.pl 1 U : Fri Mar 27 14:43:42 -03 2020
**INICIO******perl parser2.pl 1 51GtjuDVFbGgpLKbppH4M8Uv4 V67ug41vUT5vRTOT7eCrIl8fsvcIB46IGoYOt5YQ71y0ANGHPg 30951060-DNMk0Fjrgf7XoTw956gpgwtHO04rRyuI1VMkJfWHF iwimJbbp1DEuZ8QbiJE0z3Sbsf0xH7JptFrxMWpq7Xzra U: Fri Mar 27 14:45:22 -03 2020

ANALIZANDO from:@mfcortes 


ANALIZANDO from:@mirkomacari 


ANALIZANDO from:@PamJiles 


ANALIZANDO from:@pelaoNacho 

**FIN******perl parser2.pl 1 U : Fri Mar 27 14:45:26 -03 2020
**INICIO******perl parser2.pl 1 51GtjuDVFbGgpLKbppH4M8Uv4 V67ug41vUT5vRTOT7eCrIl8fsvcIB46IGoYOt5YQ71y0ANGHPg 30951060-DNMk0Fjrgf7XoTw956gpgwtHO04rRyuI1VMkJfWHF iwimJbbp1DEuZ8QbiJE0z3Sbsf0xH7JptFrxMWpq7Xzra U: Fri Mar 27 14:47:06 -03 2020

ANALIZANDO from:@mfcortes 


ANALIZANDO from:@mirkomacari 


ANALIZANDO from:@PamJiles 


ANALIZANDO from:@pelaoNacho 

**FIN******perl parser2.pl 1 U : Fri Mar 27 14:47:11 -03 2020
**INICIO******perl parser2.pl 1 51GtjuDVFbGgpLKbppH4M8Uv4 V67ug41vUT5vRTOT7eCrIl8fsvcIB46IGoYOt5YQ71y0ANGHPg 30951060-DNMk0Fjrgf7XoTw956gpgwtHO04rRyuI1VMkJfWHF iwimJbbp1DEuZ8QbiJE0z3Sbsf0xH7JptFrxMWpq7Xzra U: Fri Mar 27 14:48:51 -03 2020

ANALIZANDO from:@mfcortes 


ANALIZANDO from:@mirkomacari 


ANALIZANDO from:@PamJiles 


ANALIZANDO from:@pelaoNacho 

**FIN******perl parser2.pl 1 U : Fri Mar 27 14:48:56 -03 2020
**INICIO******perl parser2.pl 1 51GtjuDVFbGgpLKbppH4M8Uv4 V67ug41vUT5vRTOT7eCrIl8fsvcIB46IGoYOt5YQ71y0ANGHPg 30951060-DNMk0Fjrgf7XoTw956gpgwtHO04rRyuI1VMkJfWHF iwimJbbp1DEuZ8QbiJE0z3Sbsf0xH7JptFrxMWpq7Xzra U: Fri Mar 27 14:50:36 -03 2020

ANALIZANDO from:@mfcortes 


ANALIZANDO from:@mirkomacari 


ANALIZANDO from:@PamJiles 


ANALIZANDO from:@pelaoNacho 

**FIN******perl parser2.pl 1 U : Fri Mar 27 14:50:41 -03 2020
**INICIO******perl parser2.pl 1 51GtjuDVFbGgpLKbppH4M8Uv4 V67ug41vUT5vRTOT7eCrIl8fsvcIB46IGoYOt5YQ71y0ANGHPg 30951060-DNMk0Fjrgf7XoTw956gpgwtHO04rRyuI1VMkJfWHF iwimJbbp1DEuZ8QbiJE0z3Sbsf0xH7JptFrxMWpq7Xzra U: Fri Mar 27 14:52:21 -03 2020

ANALIZANDO from:@mfcortes 


ANALIZANDO from:@mirkomacari 


ANALIZANDO from:@PamJiles 


ANALIZANDO from:@pelaoNacho 

**FIN******perl parser2.pl 1 U : Fri Mar 27 14:52:26 -03 2020
**INICIO******perl parser2.pl 1 51GtjuDVFbGgpLKbppH4M8Uv4 V67ug41vUT5vRTOT7eCrIl8fsvcIB46IGoYOt5YQ71y0ANGHPg 30951060-DNMk0Fjrgf7XoTw956gpgwtHO04rRyuI1VMkJfWHF iwimJbbp1DEuZ8QbiJE0z3Sbsf0xH7JptFrxMWpq7Xzra U: Fri Mar 27 14:54:06 -03 2020

ANALIZANDO from:@mfcortes 


ANALIZANDO from:@mirkomacari 


ANALIZANDO from:@PamJiles 


ANALIZANDO from:@pelaoNacho 

**FIN******perl parser2.pl 1 U : Fri Mar 27 14:54:11 -03 2020
**INICIO******perl parser2.pl 1 51GtjuDVFbGgpLKbppH4M8Uv4 V67ug41vUT5vRTOT7eCrIl8fsvcIB46IGoYOt5YQ71y0ANGHPg 30951060-DNMk0Fjrgf7XoTw956gpgwtHO04rRyuI1VMkJfWHF iwimJbbp1DEuZ8QbiJE0z3Sbsf0xH7JptFrxMWpq7Xzra U: Fri Mar 27 14:55:51 -03 2020

ANALIZANDO from:@mfcortes 


ANALIZANDO from:@mirkomacari 


ANALIZANDO from:@PamJiles 


ANALIZANDO from:@pelaoNacho 

**FIN******perl parser2.pl 1 U : Fri Mar 27 14:55:57 -03 2020
**INICIO******perl parser2.pl 1 51GtjuDVFbGgpLKbppH4M8Uv4 V67ug41vUT5vRTOT7eCrIl8fsvcIB46IGoYOt5YQ71y0ANGHPg 30951060-DNMk0Fjrgf7XoTw956gpgwtHO04rRyuI1VMkJfWHF iwimJbbp1DEuZ8QbiJE0z3Sbsf0xH7JptFrxMWpq7Xzra U: Fri Mar 27 14:57:37 -03 2020

ANALIZANDO from:@mfcortes 


ANALIZANDO from:@mirkomacari 


ANALIZANDO from:@PamJiles 


ANALIZANDO from:@pelaoNacho 

**FIN******perl parser2.pl 1 U : Fri Mar 27 14:57:42 -03 2020
**INICIO******perl parser2.pl 1 51GtjuDVFbGgpLKbppH4M8Uv4 V67ug41vUT5vRTOT7eCrIl8fsvcIB46IGoYOt5YQ71y0ANGHPg 30951060-DNMk0Fjrgf7XoTw956gpgwtHO04rRyuI1VMkJfWHF iwimJbbp1DEuZ8QbiJE0z3Sbsf0xH7JptFrxMWpq7Xzra U: Fri Mar 27 14:59:22 -03 2020

ANALIZANDO from:@mfcortes 


ANALIZANDO from:@mirkomacari 


ANALIZANDO from:@PamJiles 


ANALIZANDO from:@pelaoNacho 

**FIN******perl parser2.pl 1 U : Fri Mar 27 14:59:28 -03 2020
**INICIO******perl parser2.pl 1 51GtjuDVFbGgpLKbppH4M8Uv4 V67ug41vUT5vRTOT7eCrIl8fsvcIB46IGoYOt5YQ71y0ANGHPg 30951060-DNMk0Fjrgf7XoTw956gpgwtHO04rRyuI1VMkJfWHF iwimJbbp1DEuZ8QbiJE0z3Sbsf0xH7JptFrxMWpq7Xzra U: Fri Mar 27 15:01:08 -03 2020

ANALIZANDO from:@mfcortes 


ANALIZANDO from:@mirkomacari 


ANALIZANDO from:@PamJiles 


ANALIZANDO from:@pelaoNacho 

**FIN******perl parser2.pl 1 U : Fri Mar 27 15:01:13 -03 2020
**INICIO******perl parser2.pl 1 51GtjuDVFbGgpLKbppH4M8Uv4 V67ug41vUT5vRTOT7eCrIl8fsvcIB46IGoYOt5YQ71y0ANGHPg 30951060-DNMk0Fjrgf7XoTw956gpgwtHO04rRyuI1VMkJfWHF iwimJbbp1DEuZ8QbiJE0z3Sbsf0xH7JptFrxMWpq7Xzra U: Fri Mar 27 15:02:53 -03 2020

ANALIZANDO from:@mfcortes 


ANALIZANDO from:@mirkomacari 


ANALIZANDO from:@PamJiles 


ANALIZANDO from:@pelaoNacho 

**FIN******perl parser2.pl 1 U : Fri Mar 27 15:02:57 -03 2020
**INICIO******perl parser2.pl 1 51GtjuDVFbGgpLKbppH4M8Uv4 V67ug41vUT5vRTOT7eCrIl8fsvcIB46IGoYOt5YQ71y0ANGHPg 30951060-DNMk0Fjrgf7XoTw956gpgwtHO04rRyuI1VMkJfWHF iwimJbbp1DEuZ8QbiJE0z3Sbsf0xH7JptFrxMWpq7Xzra U: Fri Mar 27 15:04:37 -03 2020

ANALIZANDO from:@mfcortes 


ANALIZANDO from:@mirkomacari 


ANALIZANDO from:@PamJiles 


ANALIZANDO from:@pelaoNacho 

**FIN******perl parser2.pl 1 U : Fri Mar 27 15:04:44 -03 2020
**INICIO******perl parser2.pl 1 51GtjuDVFbGgpLKbppH4M8Uv4 V67ug41vUT5vRTOT7eCrIl8fsvcIB46IGoYOt5YQ71y0ANGHPg 30951060-DNMk0Fjrgf7XoTw956gpgwtHO04rRyuI1VMkJfWHF iwimJbbp1DEuZ8QbiJE0z3Sbsf0xH7JptFrxMWpq7Xzra U: Fri Mar 27 15:06:24 -03 2020

ANALIZANDO from:@mfcortes 


ANALIZANDO from:@mirkomacari 


ANALIZANDO from:@PamJiles 


ANALIZANDO from:@pelaoNacho 

**FIN******perl parser2.pl 1 U : Fri Mar 27 15:06:29 -03 2020
**INICIO******perl parser2.pl 1 51GtjuDVFbGgpLKbppH4M8Uv4 V67ug41vUT5vRTOT7eCrIl8fsvcIB46IGoYOt5YQ71y0ANGHPg 30951060-DNMk0Fjrgf7XoTw956gpgwtHO04rRyuI1VMkJfWHF iwimJbbp1DEuZ8QbiJE0z3Sbsf0xH7JptFrxMWpq7Xzra U: Fri Mar 27 15:08:09 -03 2020

ANALIZANDO from:@mfcortes 


ANALIZANDO from:@mirkomacari 


ANALIZANDO from:@PamJiles 


ANALIZANDO from:@pelaoNacho 

**FIN******perl parser2.pl 1 U : Fri Mar 27 15:08:14 -03 2020
**INICIO******perl parser2.pl 1 51GtjuDVFbGgpLKbppH4M8Uv4 V67ug41vUT5vRTOT7eCrIl8fsvcIB46IGoYOt5YQ71y0ANGHPg 30951060-DNMk0Fjrgf7XoTw956gpgwtHO04rRyuI1VMkJfWHF iwimJbbp1DEuZ8QbiJE0z3Sbsf0xH7JptFrxMWpq7Xzra U: Fri Mar 27 15:09:54 -03 2020

ANALIZANDO from:@mfcortes 


ANALIZANDO from:@mirkomacari 


ANALIZANDO from:@PamJiles 


ANALIZANDO from:@pelaoNacho 

**FIN******perl parser2.pl 1 U : Fri Mar 27 15:09:59 -03 2020
**INICIO******perl parser2.pl 1 51GtjuDVFbGgpLKbppH4M8Uv4 V67ug41vUT5vRTOT7eCrIl8fsvcIB46IGoYOt5YQ71y0ANGHPg 30951060-DNMk0Fjrgf7XoTw956gpgwtHO04rRyuI1VMkJfWHF iwimJbbp1DEuZ8QbiJE0z3Sbsf0xH7JptFrxMWpq7Xzra U: Fri Mar 27 15:11:39 -03 2020

ANALIZANDO from:@mfcortes 


ANALIZANDO from:@mirkomacari 


ANALIZANDO from:@PamJiles 


ANALIZANDO from:@pelaoNacho 

**FIN******perl parser2.pl 1 U : Fri Mar 27 15:11:44 -03 2020
**INICIO******perl parser2.pl 1 51GtjuDVFbGgpLKbppH4M8Uv4 V67ug41vUT5vRTOT7eCrIl8fsvcIB46IGoYOt5YQ71y0ANGHPg 30951060-DNMk0Fjrgf7XoTw956gpgwtHO04rRyuI1VMkJfWHF iwimJbbp1DEuZ8QbiJE0z3Sbsf0xH7JptFrxMWpq7Xzra U: Fri Mar 27 15:13:24 -03 2020

ANALIZANDO from:@mfcortes 


ANALIZANDO from:@mirkomacari 


ANALIZANDO from:@PamJiles 


ANALIZANDO from:@pelaoNacho 

**FIN******perl parser2.pl 1 U : Fri Mar 27 15:13:29 -03 2020
**INICIO******perl parser2.pl 1 51GtjuDVFbGgpLKbppH4M8Uv4 V67ug41vUT5vRTOT7eCrIl8fsvcIB46IGoYOt5YQ71y0ANGHPg 30951060-DNMk0Fjrgf7XoTw956gpgwtHO04rRyuI1VMkJfWHF iwimJbbp1DEuZ8QbiJE0z3Sbsf0xH7JptFrxMWpq7Xzra U: Fri Mar 27 15:15:09 -03 2020

ANALIZANDO from:@mfcortes 


ANALIZANDO from:@mirkomacari 


ANALIZANDO from:@PamJiles 


ANALIZANDO from:@pelaoNacho 

**FIN******perl parser2.pl 1 U : Fri Mar 27 15:15:14 -03 2020
**INICIO******perl parser2.pl 1 51GtjuDVFbGgpLKbppH4M8Uv4 V67ug41vUT5vRTOT7eCrIl8fsvcIB46IGoYOt5YQ71y0ANGHPg 30951060-DNMk0Fjrgf7XoTw956gpgwtHO04rRyuI1VMkJfWHF iwimJbbp1DEuZ8QbiJE0z3Sbsf0xH7JptFrxMWpq7Xzra U: Fri Mar 27 15:16:54 -03 2020

ANALIZANDO from:@mfcortes 


ANALIZANDO from:@mirkomacari 


ANALIZANDO from:@PamJiles 


ANALIZANDO from:@pelaoNacho 

**FIN******perl parser2.pl 1 U : Fri Mar 27 15:16:59 -03 2020
**INICIO******perl parser2.pl 1 51GtjuDVFbGgpLKbppH4M8Uv4 V67ug41vUT5vRTOT7eCrIl8fsvcIB46IGoYOt5YQ71y0ANGHPg 30951060-DNMk0Fjrgf7XoTw956gpgwtHO04rRyuI1VMkJfWHF iwimJbbp1DEuZ8QbiJE0z3Sbsf0xH7JptFrxMWpq7Xzra U: Fri Mar 27 15:18:39 -03 2020

ANALIZANDO from:@mfcortes 


ANALIZANDO from:@mirkomacari 


ANALIZANDO from:@PamJiles 


ANALIZANDO from:@pelaoNacho 

**FIN******perl parser2.pl 1 U : Fri Mar 27 15:18:45 -03 2020
**INICIO******perl parser2.pl 1 51GtjuDVFbGgpLKbppH4M8Uv4 V67ug41vUT5vRTOT7eCrIl8fsvcIB46IGoYOt5YQ71y0ANGHPg 30951060-DNMk0Fjrgf7XoTw956gpgwtHO04rRyuI1VMkJfWHF iwimJbbp1DEuZ8QbiJE0z3Sbsf0xH7JptFrxMWpq7Xzra U: Fri Mar 27 15:20:25 -03 2020

ANALIZANDO from:@mfcortes 


ANALIZANDO from:@mirkomacari 


ANALIZANDO from:@PamJiles 


ANALIZANDO from:@pelaoNacho 

**FIN******perl parser2.pl 1 U : Fri Mar 27 15:20:30 -03 2020
**INICIO******perl parser2.pl 1 51GtjuDVFbGgpLKbppH4M8Uv4 V67ug41vUT5vRTOT7eCrIl8fsvcIB46IGoYOt5YQ71y0ANGHPg 30951060-DNMk0Fjrgf7XoTw956gpgwtHO04rRyuI1VMkJfWHF iwimJbbp1DEuZ8QbiJE0z3Sbsf0xH7JptFrxMWpq7Xzra U: Fri Mar 27 15:22:10 -03 2020

ANALIZANDO from:@mfcortes 


ANALIZANDO from:@mirkomacari 


ANALIZANDO from:@PamJiles 


ANALIZANDO from:@pelaoNacho 

**FIN******perl parser2.pl 1 U : Fri Mar 27 15:22:15 -03 2020
**INICIO******perl parser2.pl 1 51GtjuDVFbGgpLKbppH4M8Uv4 V67ug41vUT5vRTOT7eCrIl8fsvcIB46IGoYOt5YQ71y0ANGHPg 30951060-DNMk0Fjrgf7XoTw956gpgwtHO04rRyuI1VMkJfWHF iwimJbbp1DEuZ8QbiJE0z3Sbsf0xH7JptFrxMWpq7Xzra U: Fri Mar 27 15:23:55 -03 2020

ANALIZANDO from:@mfcortes 


ANALIZANDO from:@mirkomacari 


ANALIZANDO from:@PamJiles 


ANALIZANDO from:@pelaoNacho 

**FIN******perl parser2.pl 1 U : Fri Mar 27 15:24:01 -03 2020
**INICIO******perl parser2.pl 1 51GtjuDVFbGgpLKbppH4M8Uv4 V67ug41vUT5vRTOT7eCrIl8fsvcIB46IGoYOt5YQ71y0ANGHPg 30951060-DNMk0Fjrgf7XoTw956gpgwtHO04rRyuI1VMkJfWHF iwimJbbp1DEuZ8QbiJE0z3Sbsf0xH7JptFrxMWpq7Xzra U: Fri Mar 27 15:25:41 -03 2020

ANALIZANDO from:@mfcortes 


ANALIZANDO from:@mirkomacari 


ANALIZANDO from:@PamJiles 


ANALIZANDO from:@pelaoNacho 

**FIN******perl parser2.pl 1 U : Fri Mar 27 15:25:46 -03 2020
**INICIO******perl parser2.pl 1 51GtjuDVFbGgpLKbppH4M8Uv4 V67ug41vUT5vRTOT7eCrIl8fsvcIB46IGoYOt5YQ71y0ANGHPg 30951060-DNMk0Fjrgf7XoTw956gpgwtHO04rRyuI1VMkJfWHF iwimJbbp1DEuZ8QbiJE0z3Sbsf0xH7JptFrxMWpq7Xzra U: Fri Mar 27 15:27:26 -03 2020

ANALIZANDO from:@mfcortes 


ANALIZANDO from:@mirkomacari 


ANALIZANDO from:@PamJiles 


ANALIZANDO from:@pelaoNacho 

**FIN******perl parser2.pl 1 U : Fri Mar 27 15:27:32 -03 2020
**INICIO******perl parser2.pl 1 51GtjuDVFbGgpLKbppH4M8Uv4 V67ug41vUT5vRTOT7eCrIl8fsvcIB46IGoYOt5YQ71y0ANGHPg 30951060-DNMk0Fjrgf7XoTw956gpgwtHO04rRyuI1VMkJfWHF iwimJbbp1DEuZ8QbiJE0z3Sbsf0xH7JptFrxMWpq7Xzra U: Fri Mar 27 15:29:12 -03 2020

ANALIZANDO from:@mfcortes 


ANALIZANDO from:@mirkomacari 


ANALIZANDO from:@PamJiles 


ANALIZANDO from:@pelaoNacho 

**FIN******perl parser2.pl 1 U : Fri Mar 27 15:29:17 -03 2020
**INICIO******perl parser2.pl 1 51GtjuDVFbGgpLKbppH4M8Uv4 V67ug41vUT5vRTOT7eCrIl8fsvcIB46IGoYOt5YQ71y0ANGHPg 30951060-DNMk0Fjrgf7XoTw956gpgwtHO04rRyuI1VMkJfWHF iwimJbbp1DEuZ8QbiJE0z3Sbsf0xH7JptFrxMWpq7Xzra U: Fri Mar 27 15:30:57 -03 2020

ANALIZANDO from:@mfcortes 


ANALIZANDO from:@mirkomacari 


ANALIZANDO from:@PamJiles 


ANALIZANDO from:@pelaoNacho 

**FIN******perl parser2.pl 1 U : Fri Mar 27 15:31:02 -03 2020
**INICIO******perl parser2.pl 1 51GtjuDVFbGgpLKbppH4M8Uv4 V67ug41vUT5vRTOT7eCrIl8fsvcIB46IGoYOt5YQ71y0ANGHPg 30951060-DNMk0Fjrgf7XoTw956gpgwtHO04rRyuI1VMkJfWHF iwimJbbp1DEuZ8QbiJE0z3Sbsf0xH7JptFrxMWpq7Xzra U: Fri Mar 27 15:32:42 -03 2020

ANALIZANDO from:@mfcortes 


ANALIZANDO from:@mirkomacari 


ANALIZANDO from:@PamJiles 


ANALIZANDO from:@pelaoNacho 

**FIN******perl parser2.pl 1 U : Fri Mar 27 15:32:48 -03 2020
**INICIO******perl parser2.pl 1 51GtjuDVFbGgpLKbppH4M8Uv4 V67ug41vUT5vRTOT7eCrIl8fsvcIB46IGoYOt5YQ71y0ANGHPg 30951060-DNMk0Fjrgf7XoTw956gpgwtHO04rRyuI1VMkJfWHF iwimJbbp1DEuZ8QbiJE0z3Sbsf0xH7JptFrxMWpq7Xzra U: Fri Mar 27 15:34:28 -03 2020

ANALIZANDO from:@mfcortes 


ANALIZANDO from:@mirkomacari 


ANALIZANDO from:@PamJiles 


ANALIZANDO from:@pelaoNacho 

**FIN******perl parser2.pl 1 U : Fri Mar 27 15:34:32 -03 2020
**INICIO******perl parser2.pl 1 51GtjuDVFbGgpLKbppH4M8Uv4 V67ug41vUT5vRTOT7eCrIl8fsvcIB46IGoYOt5YQ71y0ANGHPg 30951060-DNMk0Fjrgf7XoTw956gpgwtHO04rRyuI1VMkJfWHF iwimJbbp1DEuZ8QbiJE0z3Sbsf0xH7JptFrxMWpq7Xzra U: Fri Mar 27 15:36:12 -03 2020

ANALIZANDO from:@mfcortes 


ANALIZANDO from:@mirkomacari 


ANALIZANDO from:@PamJiles 


ANALIZANDO from:@pelaoNacho 

**FIN******perl parser2.pl 1 U : Fri Mar 27 15:36:19 -03 2020
**INICIO******perl parser2.pl 1 51GtjuDVFbGgpLKbppH4M8Uv4 V67ug41vUT5vRTOT7eCrIl8fsvcIB46IGoYOt5YQ71y0ANGHPg 30951060-DNMk0Fjrgf7XoTw956gpgwtHO04rRyuI1VMkJfWHF iwimJbbp1DEuZ8QbiJE0z3Sbsf0xH7JptFrxMWpq7Xzra U: Fri Mar 27 15:37:59 -03 2020

ANALIZANDO from:@mfcortes 


ANALIZANDO from:@mirkomacari 


ANALIZANDO from:@PamJiles 


ANALIZANDO from:@pelaoNacho 

**FIN******perl parser2.pl 1 U : Fri Mar 27 15:38:06 -03 2020
**INICIO******perl parser2.pl 1 51GtjuDVFbGgpLKbppH4M8Uv4 V67ug41vUT5vRTOT7eCrIl8fsvcIB46IGoYOt5YQ71y0ANGHPg 30951060-DNMk0Fjrgf7XoTw956gpgwtHO04rRyuI1VMkJfWHF iwimJbbp1DEuZ8QbiJE0z3Sbsf0xH7JptFrxMWpq7Xzra U: Fri Mar 27 15:39:46 -03 2020

ANALIZANDO from:@mfcortes 


ANALIZANDO from:@mirkomacari 


ANALIZANDO from:@PamJiles 


ANALIZANDO from:@pelaoNacho 

**FIN******perl parser2.pl 1 U : Fri Mar 27 15:39:53 -03 2020
**INICIO******perl parser2.pl 1 51GtjuDVFbGgpLKbppH4M8Uv4 V67ug41vUT5vRTOT7eCrIl8fsvcIB46IGoYOt5YQ71y0ANGHPg 30951060-DNMk0Fjrgf7XoTw956gpgwtHO04rRyuI1VMkJfWHF iwimJbbp1DEuZ8QbiJE0z3Sbsf0xH7JptFrxMWpq7Xzra U: Fri Mar 27 15:41:33 -03 2020

ANALIZANDO from:@mfcortes 


ANALIZANDO from:@mirkomacari 


ANALIZANDO from:@PamJiles 


ANALIZANDO from:@pelaoNacho 

**FIN******perl parser2.pl 1 U : Fri Mar 27 15:41:39 -03 2020
**INICIO******perl parser2.pl 1 51GtjuDVFbGgpLKbppH4M8Uv4 V67ug41vUT5vRTOT7eCrIl8fsvcIB46IGoYOt5YQ71y0ANGHPg 30951060-DNMk0Fjrgf7XoTw956gpgwtHO04rRyuI1VMkJfWHF iwimJbbp1DEuZ8QbiJE0z3Sbsf0xH7JptFrxMWpq7Xzra U: Fri Mar 27 15:43:19 -03 2020

ANALIZANDO from:@mfcortes 


ANALIZANDO from:@mirkomacari 


ANALIZANDO from:@PamJiles 


ANALIZANDO from:@pelaoNacho 

**FIN******perl parser2.pl 1 U : Fri Mar 27 15:43:23 -03 2020
**INICIO******perl parser2.pl 1 51GtjuDVFbGgpLKbppH4M8Uv4 V67ug41vUT5vRTOT7eCrIl8fsvcIB46IGoYOt5YQ71y0ANGHPg 30951060-DNMk0Fjrgf7XoTw956gpgwtHO04rRyuI1VMkJfWHF iwimJbbp1DEuZ8QbiJE0z3Sbsf0xH7JptFrxMWpq7Xzra U: Fri Mar 27 15:45:03 -03 2020

ANALIZANDO from:@mfcortes 


ANALIZANDO from:@mirkomacari 


ANALIZANDO from:@PamJiles 


ANALIZANDO from:@pelaoNacho 

**FIN******perl parser2.pl 1 U : Fri Mar 27 15:45:08 -03 2020
**INICIO******perl parser2.pl 1 51GtjuDVFbGgpLKbppH4M8Uv4 V67ug41vUT5vRTOT7eCrIl8fsvcIB46IGoYOt5YQ71y0ANGHPg 30951060-DNMk0Fjrgf7XoTw956gpgwtHO04rRyuI1VMkJfWHF iwimJbbp1DEuZ8QbiJE0z3Sbsf0xH7JptFrxMWpq7Xzra U: Fri Mar 27 15:46:48 -03 2020

ANALIZANDO from:@mfcortes 


ANALIZANDO from:@mirkomacari 


ANALIZANDO from:@PamJiles 


ANALIZANDO from:@pelaoNacho 

**FIN******perl parser2.pl 1 U : Fri Mar 27 15:46:55 -03 2020
**INICIO******perl parser2.pl 1 51GtjuDVFbGgpLKbppH4M8Uv4 V67ug41vUT5vRTOT7eCrIl8fsvcIB46IGoYOt5YQ71y0ANGHPg 30951060-DNMk0Fjrgf7XoTw956gpgwtHO04rRyuI1VMkJfWHF iwimJbbp1DEuZ8QbiJE0z3Sbsf0xH7JptFrxMWpq7Xzra U: Fri Mar 27 15:48:35 -03 2020

ANALIZANDO from:@mfcortes 


ANALIZANDO from:@mirkomacari 


ANALIZANDO from:@PamJiles 


ANALIZANDO from:@pelaoNacho 

**FIN******perl parser2.pl 1 U : Fri Mar 27 15:48:40 -03 2020
**INICIO******perl parser2.pl 1 51GtjuDVFbGgpLKbppH4M8Uv4 V67ug41vUT5vRTOT7eCrIl8fsvcIB46IGoYOt5YQ71y0ANGHPg 30951060-DNMk0Fjrgf7XoTw956gpgwtHO04rRyuI1VMkJfWHF iwimJbbp1DEuZ8QbiJE0z3Sbsf0xH7JptFrxMWpq7Xzra U: Fri Mar 27 15:50:20 -03 2020

ANALIZANDO from:@mfcortes 


ANALIZANDO from:@mirkomacari 


ANALIZANDO from:@PamJiles 


ANALIZANDO from:@pelaoNacho 

**FIN******perl parser2.pl 1 U : Fri Mar 27 15:50:24 -03 2020
**INICIO******perl parser2.pl 1 51GtjuDVFbGgpLKbppH4M8Uv4 V67ug41vUT5vRTOT7eCrIl8fsvcIB46IGoYOt5YQ71y0ANGHPg 30951060-DNMk0Fjrgf7XoTw956gpgwtHO04rRyuI1VMkJfWHF iwimJbbp1DEuZ8QbiJE0z3Sbsf0xH7JptFrxMWpq7Xzra U: Fri Mar 27 15:52:04 -03 2020

ANALIZANDO from:@mfcortes 


ANALIZANDO from:@mirkomacari 


ANALIZANDO from:@PamJiles 


ANALIZANDO from:@pelaoNacho 

**FIN******perl parser2.pl 1 U : Fri Mar 27 15:52:09 -03 2020
**INICIO******perl parser2.pl 1 51GtjuDVFbGgpLKbppH4M8Uv4 V67ug41vUT5vRTOT7eCrIl8fsvcIB46IGoYOt5YQ71y0ANGHPg 30951060-DNMk0Fjrgf7XoTw956gpgwtHO04rRyuI1VMkJfWHF iwimJbbp1DEuZ8QbiJE0z3Sbsf0xH7JptFrxMWpq7Xzra U: Fri Mar 27 15:53:49 -03 2020

ANALIZANDO from:@mfcortes 


ANALIZANDO from:@mirkomacari 


ANALIZANDO from:@PamJiles 


ANALIZANDO from:@pelaoNacho 

**FIN******perl parser2.pl 1 U : Fri Mar 27 15:53:55 -03 2020
**INICIO******perl parser2.pl 1 51GtjuDVFbGgpLKbppH4M8Uv4 V67ug41vUT5vRTOT7eCrIl8fsvcIB46IGoYOt5YQ71y0ANGHPg 30951060-DNMk0Fjrgf7XoTw956gpgwtHO04rRyuI1VMkJfWHF iwimJbbp1DEuZ8QbiJE0z3Sbsf0xH7JptFrxMWpq7Xzra U: Fri Mar 27 15:55:35 -03 2020

ANALIZANDO from:@mfcortes 


ANALIZANDO from:@mirkomacari 


ANALIZANDO from:@PamJiles 


ANALIZANDO from:@pelaoNacho 

**FIN******perl parser2.pl 1 U : Fri Mar 27 15:55:41 -03 2020
**INICIO******perl parser2.pl 1 51GtjuDVFbGgpLKbppH4M8Uv4 V67ug41vUT5vRTOT7eCrIl8fsvcIB46IGoYOt5YQ71y0ANGHPg 30951060-DNMk0Fjrgf7XoTw956gpgwtHO04rRyuI1VMkJfWHF iwimJbbp1DEuZ8QbiJE0z3Sbsf0xH7JptFrxMWpq7Xzra U: Fri Mar 27 15:57:21 -03 2020

ANALIZANDO from:@mfcortes 


ANALIZANDO from:@mirkomacari 


ANALIZANDO from:@PamJiles 


ANALIZANDO from:@pelaoNacho 

**FIN******perl parser2.pl 1 U : Fri Mar 27 15:57:26 -03 2020
**INICIO******perl parser2.pl 1 51GtjuDVFbGgpLKbppH4M8Uv4 V67ug41vUT5vRTOT7eCrIl8fsvcIB46IGoYOt5YQ71y0ANGHPg 30951060-DNMk0Fjrgf7XoTw956gpgwtHO04rRyuI1VMkJfWHF iwimJbbp1DEuZ8QbiJE0z3Sbsf0xH7JptFrxMWpq7Xzra U: Fri Mar 27 15:59:06 -03 2020

ANALIZANDO from:@mfcortes 


ANALIZANDO from:@mirkomacari 


ANALIZANDO from:@PamJiles 


ANALIZANDO from:@pelaoNacho 

**FIN******perl parser2.pl 1 U : Fri Mar 27 15:59:11 -03 2020
**INICIO******perl parser2.pl 1 51GtjuDVFbGgpLKbppH4M8Uv4 V67ug41vUT5vRTOT7eCrIl8fsvcIB46IGoYOt5YQ71y0ANGHPg 30951060-DNMk0Fjrgf7XoTw956gpgwtHO04rRyuI1VMkJfWHF iwimJbbp1DEuZ8QbiJE0z3Sbsf0xH7JptFrxMWpq7Xzra U: Fri Mar 27 16:00:51 -03 2020

ANALIZANDO from:@mfcortes 


ANALIZANDO from:@mirkomacari 


ANALIZANDO from:@PamJiles 


ANALIZANDO from:@pelaoNacho 

**FIN******perl parser2.pl 1 U : Fri Mar 27 16:00:55 -03 2020
**INICIO******perl parser2.pl 1 51GtjuDVFbGgpLKbppH4M8Uv4 V67ug41vUT5vRTOT7eCrIl8fsvcIB46IGoYOt5YQ71y0ANGHPg 30951060-DNMk0Fjrgf7XoTw956gpgwtHO04rRyuI1VMkJfWHF iwimJbbp1DEuZ8QbiJE0z3Sbsf0xH7JptFrxMWpq7Xzra U: Fri Mar 27 16:02:36 -03 2020

ANALIZANDO from:@mfcortes 


ANALIZANDO from:@mirkomacari 


ANALIZANDO from:@PamJiles 


ANALIZANDO from:@pelaoNacho 

**FIN******perl parser2.pl 1 U : Fri Mar 27 16:02:41 -03 2020
**INICIO******perl parser2.pl 1 51GtjuDVFbGgpLKbppH4M8Uv4 V67ug41vUT5vRTOT7eCrIl8fsvcIB46IGoYOt5YQ71y0ANGHPg 30951060-DNMk0Fjrgf7XoTw956gpgwtHO04rRyuI1VMkJfWHF iwimJbbp1DEuZ8QbiJE0z3Sbsf0xH7JptFrxMWpq7Xzra U: Fri Mar 27 16:04:21 -03 2020

ANALIZANDO from:@mfcortes 


ANALIZANDO from:@mirkomacari 


ANALIZANDO from:@PamJiles 


ANALIZANDO from:@pelaoNacho 

**FIN******perl parser2.pl 1 U : Fri Mar 27 16:04:25 -03 2020
**INICIO******perl parser2.pl 1 51GtjuDVFbGgpLKbppH4M8Uv4 V67ug41vUT5vRTOT7eCrIl8fsvcIB46IGoYOt5YQ71y0ANGHPg 30951060-DNMk0Fjrgf7XoTw956gpgwtHO04rRyuI1VMkJfWHF iwimJbbp1DEuZ8QbiJE0z3Sbsf0xH7JptFrxMWpq7Xzra U: Fri Mar 27 16:06:05 -03 2020

ANALIZANDO from:@mfcortes 


ANALIZANDO from:@mirkomacari 


ANALIZANDO from:@PamJiles 


ANALIZANDO from:@pelaoNacho 

**FIN******perl parser2.pl 1 U : Fri Mar 27 16:06:10 -03 2020
**INICIO******perl parser2.pl 1 51GtjuDVFbGgpLKbppH4M8Uv4 V67ug41vUT5vRTOT7eCrIl8fsvcIB46IGoYOt5YQ71y0ANGHPg 30951060-DNMk0Fjrgf7XoTw956gpgwtHO04rRyuI1VMkJfWHF iwimJbbp1DEuZ8QbiJE0z3Sbsf0xH7JptFrxMWpq7Xzra U: Fri Mar 27 16:07:50 -03 2020

ANALIZANDO from:@mfcortes 


ANALIZANDO from:@mirkomacari 


ANALIZANDO from:@PamJiles 


ANALIZANDO from:@pelaoNacho 

**FIN******perl parser2.pl 1 U : Fri Mar 27 16:07:57 -03 2020
**INICIO******perl parser2.pl 1 51GtjuDVFbGgpLKbppH4M8Uv4 V67ug41vUT5vRTOT7eCrIl8fsvcIB46IGoYOt5YQ71y0ANGHPg 30951060-DNMk0Fjrgf7XoTw956gpgwtHO04rRyuI1VMkJfWHF iwimJbbp1DEuZ8QbiJE0z3Sbsf0xH7JptFrxMWpq7Xzra U: Fri Mar 27 16:09:37 -03 2020

ANALIZANDO from:@mfcortes 


ANALIZANDO from:@mirkomacari 


ANALIZANDO from:@PamJiles 


ANALIZANDO from:@pelaoNacho 

**FIN******perl parser2.pl 1 U : Fri Mar 27 16:09:43 -03 2020
**INICIO******perl parser2.pl 1 51GtjuDVFbGgpLKbppH4M8Uv4 V67ug41vUT5vRTOT7eCrIl8fsvcIB46IGoYOt5YQ71y0ANGHPg 30951060-DNMk0Fjrgf7XoTw956gpgwtHO04rRyuI1VMkJfWHF iwimJbbp1DEuZ8QbiJE0z3Sbsf0xH7JptFrxMWpq7Xzra U: Fri Mar 27 16:11:23 -03 2020

ANALIZANDO from:@mfcortes 


ANALIZANDO from:@mirkomacari 


ANALIZANDO from:@PamJiles 


ANALIZANDO from:@pelaoNacho 

**FIN******perl parser2.pl 1 U : Fri Mar 27 16:11:32 -03 2020
**INICIO******perl parser2.pl 1 51GtjuDVFbGgpLKbppH4M8Uv4 V67ug41vUT5vRTOT7eCrIl8fsvcIB46IGoYOt5YQ71y0ANGHPg 30951060-DNMk0Fjrgf7XoTw956gpgwtHO04rRyuI1VMkJfWHF iwimJbbp1DEuZ8QbiJE0z3Sbsf0xH7JptFrxMWpq7Xzra U: Fri Mar 27 16:13:12 -03 2020

ANALIZANDO from:@mfcortes 


ANALIZANDO from:@mirkomacari 


ANALIZANDO from:@PamJiles 


ANALIZANDO from:@pelaoNacho 

**FIN******perl parser2.pl 1 U : Fri Mar 27 16:13:19 -03 2020
**INICIO******perl parser2.pl 1 51GtjuDVFbGgpLKbppH4M8Uv4 V67ug41vUT5vRTOT7eCrIl8fsvcIB46IGoYOt5YQ71y0ANGHPg 30951060-DNMk0Fjrgf7XoTw956gpgwtHO04rRyuI1VMkJfWHF iwimJbbp1DEuZ8QbiJE0z3Sbsf0xH7JptFrxMWpq7Xzra U: Fri Mar 27 16:14:59 -03 2020

ANALIZANDO from:@mfcortes 


ANALIZANDO from:@mirkomacari 


ANALIZANDO from:@PamJiles 


ANALIZANDO from:@pelaoNacho 

**FIN******perl parser2.pl 1 U : Fri Mar 27 16:15:08 -03 2020
**INICIO******perl parser2.pl 1 51GtjuDVFbGgpLKbppH4M8Uv4 V67ug41vUT5vRTOT7eCrIl8fsvcIB46IGoYOt5YQ71y0ANGHPg 30951060-DNMk0Fjrgf7XoTw956gpgwtHO04rRyuI1VMkJfWHF iwimJbbp1DEuZ8QbiJE0z3Sbsf0xH7JptFrxMWpq7Xzra U: Fri Mar 27 16:16:48 -03 2020

ANALIZANDO from:@mfcortes 


ANALIZANDO from:@mirkomacari 


ANALIZANDO from:@PamJiles 


ANALIZANDO from:@pelaoNacho 

**FIN******perl parser2.pl 1 U : Fri Mar 27 16:16:55 -03 2020
**INICIO******perl parser2.pl 1 51GtjuDVFbGgpLKbppH4M8Uv4 V67ug41vUT5vRTOT7eCrIl8fsvcIB46IGoYOt5YQ71y0ANGHPg 30951060-DNMk0Fjrgf7XoTw956gpgwtHO04rRyuI1VMkJfWHF iwimJbbp1DEuZ8QbiJE0z3Sbsf0xH7JptFrxMWpq7Xzra U: Fri Mar 27 16:18:35 -03 2020

ANALIZANDO from:@mfcortes 


ANALIZANDO from:@mirkomacari 


ANALIZANDO from:@PamJiles 


ANALIZANDO from:@pelaoNacho 

**FIN******perl parser2.pl 1 U : Fri Mar 27 16:18:50 -03 2020
**INICIO******perl parser2.pl 1 51GtjuDVFbGgpLKbppH4M8Uv4 V67ug41vUT5vRTOT7eCrIl8fsvcIB46IGoYOt5YQ71y0ANGHPg 30951060-DNMk0Fjrgf7XoTw956gpgwtHO04rRyuI1VMkJfWHF iwimJbbp1DEuZ8QbiJE0z3Sbsf0xH7JptFrxMWpq7Xzra U: Fri Mar 27 16:20:30 -03 2020

ANALIZANDO from:@mfcortes 


ANALIZANDO from:@mirkomacari 


ANALIZANDO from:@PamJiles 


ANALIZANDO from:@pelaoNacho 

**FIN******perl parser2.pl 1 U : Fri Mar 27 16:20:36 -03 2020
**INICIO******perl parser2.pl 1 51GtjuDVFbGgpLKbppH4M8Uv4 V67ug41vUT5vRTOT7eCrIl8fsvcIB46IGoYOt5YQ71y0ANGHPg 30951060-DNMk0Fjrgf7XoTw956gpgwtHO04rRyuI1VMkJfWHF iwimJbbp1DEuZ8QbiJE0z3Sbsf0xH7JptFrxMWpq7Xzra U: Mon Mar 30 12:04:51 -03 2020

ANALIZANDO from:@mfcortes 


ANALIZANDO from:@mirkomacari 


ANALIZANDO from:@PamJiles 


ANALIZANDO from:@pelaoNacho 

